#
# There is insufficient memory for the Java Runtime Environment to continue.
# Native memory allocation (malloc) failed to allocate 239376 bytes. Error detail: Chunk::new
# Possible reasons:
#   The system is out of physical RAM or swap space
#   This process is running with CompressedOops enabled, and the Java Heap may be blocking the growth of the native heap
# Possible solutions:
#   Reduce memory load on the system
#   Increase physical memory or swap space
#   Check if swap backing store is full
#   Decrease Java heap size (-Xmx/-Xms)
#   Decrease number of Java threads
#   Decrease Java thread stack sizes (-Xss)
#   Set larger code cache with -XX:ReservedCodeCacheSize=
#   JVM is running with Unscaled Compressed Oops mode in which the Java heap is
#     placed in the first 4GB address space. The Java Heap base address is the
#     maximum limit for the native heap growth. Please use -XX:HeapBaseMinAddress
#     to set the Java Heap base and to place the Java Heap above 4GB virtual address.
# This output file may be truncated or incomplete.
#
#  Out of Memory Error (arena.cpp:168), pid=2628, tid=9956
#
# JRE version: OpenJDK Runtime Environment Temurin-21.0.7+6 (21.0.7+6) (build 21.0.7+6-LTS)
# Java VM: OpenJDK 64-Bit Server VM Temurin-21.0.7+6 (21.0.7+6-LTS, mixed mode, sharing, tiered, compressed oops, compressed class ptrs, parallel gc, windows-amd64)
# No core dump will be written. Minidumps are not enabled by default on client versions of Windows
#

---------------  S U M M A R Y ------------

Command Line: --add-modules=ALL-SYSTEM --add-opens=java.base/java.util=ALL-UNNAMED --add-opens=java.base/java.lang=ALL-UNNAMED --add-opens=java.base/sun.nio.fs=ALL-UNNAMED -Declipse.application=org.eclipse.jdt.ls.core.id1 -Dosgi.bundles.defaultStartLevel=4 -Declipse.product=org.eclipse.jdt.ls.core.product -Djava.import.generatesMetadataFilesAtProjectRoot=false -DDetectVMInstallationsJob.disabled=true -Dfile.encoding=utf8 -XX:+UseParallelGC -XX:GCTimeRatio=4 -XX:AdaptiveSizePolicyWeight=90 -Dsun.zip.disableMemoryMapping=true -Xmx1G -Xms100m -Xlog:disable -javaagent:c:\Users\User\.cursor\extensions\redhat.java-1.42.0-win32-x64\lombok\lombok-1.18.36.jar c:\Users\User\.cursor\extensions\redhat.java-1.42.0-win32-x64\server\plugins\org.eclipse.equinox.launcher_1.7.0.v20250424-1814.jar -configuration c:\Users\User\AppData\Roaming\Cursor\User\globalStorage\redhat.java\1.42.0\config_ss_win -data c:\Users\User\AppData\Roaming\Cursor\User\workspaceStorage\fb4cb7763bfdb7dea2b9368661ef918c\redhat.java\ss_ws --pipe=\\.\pipe\lsp-0f7d7c9f798bcbe892486c5c3b791a9a-sock

Host: 13th Gen Intel(R) Core(TM) i7-1355U, 12 cores, 31G,  Windows 10 , 64 bit Build 19041 (10.0.19041.5915)
Time: Fri Jun 13 15:30:14 2025  Windows 10 , 64 bit Build 19041 (10.0.19041.5915) elapsed time: 1.640789 seconds (0d 0h 0m 1s)

---------------  T H R E A D  ---------------

Current thread (0x000001dc7d0dc7f0):  JavaThread "C2 CompilerThread0" daemon [_thread_in_native, id=9956, stack(0x000000c850100000,0x000000c850200000) (1024K)]


Current CompileTask:
C2:1640 1672   !   4       lombok.patcher.ScriptManager$OurClassFileTransformer::transform (364 bytes)

Stack: [0x000000c850100000,0x000000c850200000]
Native frames: (J=compiled Java code, j=interpreted, Vv=VM code, C=native code)
V  [jvm.dll+0x6ce119]
V  [jvm.dll+0x8a84a1]
V  [jvm.dll+0x8aa9ce]
V  [jvm.dll+0x8ab0b3]
V  [jvm.dll+0x27f8a6]
V  [jvm.dll+0xc507d]
V  [jvm.dll+0xc55b3]
V  [jvm.dll+0x2f2c6d]
V  [jvm.dll+0x5f6bca]
V  [jvm.dll+0x250cb2]
V  [jvm.dll+0x24947c]
V  [jvm.dll+0x246fc4]
V  [jvm.dll+0x1c760e]
V  [jvm.dll+0x25695a]
V  [jvm.dll+0x254efa]
V  [jvm.dll+0x3f03f6]
V  [jvm.dll+0x851f6b]
V  [jvm.dll+0x6cc7dd]
C  [ucrtbase.dll+0x21bb2]
C  [KERNEL32.DLL+0x17374]
C  [ntdll.dll+0x4cc91]


---------------  P R O C E S S  ---------------

Threads class SMR info:
_java_thread_list=0x000001dc7dcdb340, length=14, elements={
0x000001dc75cd75a0, 0x000001dc7b0c18f0, 0x000001dc7b0c31f0, 0x000001dc7d0d0bd0,
0x000001dc7d0d1ae0, 0x000001dc7d0d6320, 0x000001dc7d0d6fc0, 0x000001dc7d0dc7f0,
0x000001dc7d0e2ce0, 0x000001dc75d44350, 0x000001dc7d2ec9b0, 0x000001dc7d3ffd80,
0x000001dc7d7fc020, 0x000001dc7d83bda0
}

Java Threads: ( => current thread )
  0x000001dc75cd75a0 JavaThread "main"                              [_thread_in_native, id=18972, stack(0x000000c84f700000,0x000000c84f800000) (1024K)]
  0x000001dc7b0c18f0 JavaThread "Reference Handler"          daemon [_thread_blocked, id=8228, stack(0x000000c84fb00000,0x000000c84fc00000) (1024K)]
  0x000001dc7b0c31f0 JavaThread "Finalizer"                  daemon [_thread_blocked, id=20028, stack(0x000000c84fc00000,0x000000c84fd00000) (1024K)]
  0x000001dc7d0d0bd0 JavaThread "Signal Dispatcher"          daemon [_thread_blocked, id=2364, stack(0x000000c84fd00000,0x000000c84fe00000) (1024K)]
  0x000001dc7d0d1ae0 JavaThread "Attach Listener"            daemon [_thread_blocked, id=5444, stack(0x000000c84fe00000,0x000000c84ff00000) (1024K)]
  0x000001dc7d0d6320 JavaThread "Service Thread"             daemon [_thread_blocked, id=22860, stack(0x000000c84ff00000,0x000000c850000000) (1024K)]
  0x000001dc7d0d6fc0 JavaThread "Monitor Deflation Thread"   daemon [_thread_blocked, id=19536, stack(0x000000c850000000,0x000000c850100000) (1024K)]
=>0x000001dc7d0dc7f0 JavaThread "C2 CompilerThread0"         daemon [_thread_in_native, id=9956, stack(0x000000c850100000,0x000000c850200000) (1024K)]
  0x000001dc7d0e2ce0 JavaThread "C1 CompilerThread0"         daemon [_thread_blocked, id=23432, stack(0x000000c850200000,0x000000c850300000) (1024K)]
  0x000001dc75d44350 JavaThread "Common-Cleaner"             daemon [_thread_blocked, id=16460, stack(0x000000c850300000,0x000000c850400000) (1024K)]
  0x000001dc7d2ec9b0 JavaThread "C2 CompilerThread1"         daemon [_thread_blocked, id=23416, stack(0x000000c850400000,0x000000c850500000) (1024K)]
  0x000001dc7d3ffd80 JavaThread "Notification Thread"        daemon [_thread_blocked, id=12292, stack(0x000000c850500000,0x000000c850600000) (1024K)]
  0x000001dc7d7fc020 JavaThread "C2 CompilerThread2"         daemon [_thread_blocked, id=12928, stack(0x000000c850600000,0x000000c850700000) (1024K)]
  0x000001dc7d83bda0 JavaThread "Active Thread: Equinox Container: 984d586f-a8df-4320-9d3a-732a0d712b8d"        [_thread_blocked, id=22848, stack(0x000000c850d00000,0x000000c850e00000) (1024K)]
Total: 14

Other Threads:
  0x000001dc75d90c30 VMThread "VM Thread"                           [id=15596, stack(0x000000c84fa00000,0x000000c84fb00000) (1024K)]
  0x000001dc75d431f0 WatcherThread "VM Periodic Task Thread"        [id=3864, stack(0x000000c84f900000,0x000000c84fa00000) (1024K)]
  0x000001dc75cf67d0 WorkerThread "GC Thread#0"                     [id=6464, stack(0x000000c84f800000,0x000000c84f900000) (1024K)]
  0x000001dc7d469220 WorkerThread "GC Thread#1"                     [id=3048, stack(0x000000c850700000,0x000000c850800000) (1024K)]
  0x000001dc7d4695c0 WorkerThread "GC Thread#2"                     [id=21512, stack(0x000000c850800000,0x000000c850900000) (1024K)]
  0x000001dc7d468e80 WorkerThread "GC Thread#3"                     [id=21708, stack(0x000000c850900000,0x000000c850a00000) (1024K)]
  0x000001dc7d46a0a0 WorkerThread "GC Thread#4"                     [id=17096, stack(0x000000c850a00000,0x000000c850b00000) (1024K)]
  0x000001dc7d46a7e0 WorkerThread "GC Thread#5"                     [id=3240, stack(0x000000c850b00000,0x000000c850c00000) (1024K)]
  0x000001dc7d469960 WorkerThread "GC Thread#6"                     [id=8760, stack(0x000000c850c00000,0x000000c850d00000) (1024K)]
Total: 9

Threads with active compile tasks:
C2 CompilerThread0  1660 1672   !   4       lombok.patcher.ScriptManager$OurClassFileTransformer::transform (364 bytes)
C1 CompilerThread0  1661 1688   !   3       java.net.URLClassLoader$1::run (81 bytes)
Total: 2

VM state: not at safepoint (normal execution)

VM Mutex/Monitor currently owned by a thread: None

Heap address: 0x00000000c0000000, size: 1024 MB, Compressed Oops mode: 32-bit

CDS archive(s) mapped at: [0x000001dc0f000000-0x000001dc0fba0000-0x000001dc0fba0000), size 12189696, SharedBaseAddress: 0x000001dc0f000000, ArchiveRelocationMode: 1.
Compressed class space mapped at: 0x000001dc10000000-0x000001dc50000000, reserved size: 1073741824
Narrow klass base: 0x000001dc0f000000, Narrow klass shift: 0, Narrow klass range: 0x100000000

GC Precious Log:
 CardTable entry size: 512
 CPUs: 12 total, 12 available
 Memory: 32452M
 Large Page Support: Disabled
 NUMA Support: Disabled
 Compressed Oops: Enabled (32-bit)
 Alignments: Space 512K, Generation 512K, Heap 2M
 Heap Min Capacity: 100M
 Heap Initial Capacity: 100M
 Heap Max Capacity: 1G
 Pre-touch: Disabled
 Parallel Workers: 10

Heap:
 PSYoungGen      total 29696K, used 26334K [0x00000000eab00000, 0x00000000ecc00000, 0x0000000100000000)
  eden space 25600K, 89% used [0x00000000eab00000,0x00000000ec15ebe0,0x00000000ec400000)
  from space 4096K, 83% used [0x00000000ec400000,0x00000000ec758e80,0x00000000ec800000)
  to   space 4096K, 0% used [0x00000000ec800000,0x00000000ec800000,0x00000000ecc00000)
 ParOldGen       total 68608K, used 16K [0x00000000c0000000, 0x00000000c4300000, 0x00000000eab00000)
  object space 68608K, 0% used [0x00000000c0000000,0x00000000c0004000,0x00000000c4300000)
 Metaspace       used 7935K, committed 8256K, reserved 1114112K
  class space    used 805K, committed 960K, reserved 1048576K

Card table byte_map: [0x000001dc75680000,0x000001dc75890000] _byte_map_base: 0x000001dc75080000

Marking Bits: (ParMarkBitMap*) 0x00007ffcd17431f0
 Begin Bits: [0x000001dc78ed0000, 0x000001dc79ed0000)
 End Bits:   [0x000001dc79ed0000, 0x000001dc7aed0000)

Polling page: 0x000001dc73b00000

Metaspace:

Usage:
  Non-class:      6.96 MB used.
      Class:    805.91 KB used.
       Both:      7.75 MB used.

Virtual space:
  Non-class space:       64.00 MB reserved,       7.12 MB ( 11%) committed,  1 nodes.
      Class space:        1.00 GB reserved,     960.00 KB ( <1%) committed,  1 nodes.
             Both:        1.06 GB reserved,       8.06 MB ( <1%) committed. 

Chunk freelists:
   Non-Class:  8.83 MB
       Class:  14.92 MB
        Both:  23.75 MB

MaxMetaspaceSize: unlimited
CompressedClassSpaceSize: 1.00 GB
Initial GC threshold: 21.00 MB
Current GC threshold: 21.00 MB
CDS: on
 - commit_granule_bytes: 65536.
 - commit_granule_words: 8192.
 - virtual_space_node_default_size: 8388608.
 - enlarge_chunks_in_place: 1.
 - use_allocation_guard: 0.


Internal statistics:

num_allocs_failed_limit: 0.
num_arena_births: 256.
num_arena_deaths: 0.
num_vsnodes_births: 2.
num_vsnodes_deaths: 0.
num_space_committed: 129.
num_space_uncommitted: 0.
num_chunks_returned_to_freelist: 0.
num_chunks_taken_from_freelist: 432.
num_chunk_merges: 0.
num_chunk_splits: 294.
num_chunks_enlarged: 197.
num_inconsistent_stats: 0.

CodeHeap 'non-profiled nmethods': size=120000Kb used=699Kb max_used=699Kb free=119300Kb
 bounds [0x000001dc07ad0000, 0x000001dc07d40000, 0x000001dc0f000000]
CodeHeap 'profiled nmethods': size=120000Kb used=2963Kb max_used=2963Kb free=117036Kb
 bounds [0x000001dc00000000, 0x000001dc002f0000, 0x000001dc07530000]
CodeHeap 'non-nmethods': size=5760Kb used=1221Kb max_used=1256Kb free=4538Kb
 bounds [0x000001dc07530000, 0x000001dc077a0000, 0x000001dc07ad0000]
 total_blobs=2171 nmethods=1683 adapters=395
 compilation: enabled
              stopped_count=0, restarted_count=0
 full_count=0

Compilation events (20 events):
Event: 1.632 Thread 0x000001dc7d0e2ce0 1673       3       java.lang.String::indexOf (18 bytes)
Event: 1.632 Thread 0x000001dc7d0e2ce0 nmethod 1673 0x000001dc002e0010 code [0x000001dc002e01e0, 0x000001dc002e04a8]
Event: 1.633 Thread 0x000001dc7d0e2ce0 1676       3       sun.security.util.ManifestEntryVerifier::<init> (65 bytes)
Event: 1.633 Thread 0x000001dc7d0e2ce0 nmethod 1676 0x000001dc002e0610 code [0x000001dc002e0840, 0x000001dc002e0f70]
Event: 1.633 Thread 0x000001dc7d0e2ce0 1677       3       java.lang.String::encode8859_1 (7 bytes)
Event: 1.633 Thread 0x000001dc7d0e2ce0 nmethod 1677 0x000001dc002e1210 code [0x000001dc002e13c0, 0x000001dc002e14e0]
Event: 1.633 Thread 0x000001dc7d0e2ce0 1678       3       java.util.zip.CRC32::<init> (5 bytes)
Event: 1.633 Thread 0x000001dc7d0e2ce0 nmethod 1678 0x000001dc002e1590 code [0x000001dc002e1740, 0x000001dc002e18a8]
Event: 1.633 Thread 0x000001dc7d0e2ce0 1679       3       java.util.zip.CRC32::update (38 bytes)
Event: 1.634 Thread 0x000001dc7d0e2ce0 nmethod 1679 0x000001dc002e1990 code [0x000001dc002e1b80, 0x000001dc002e1fa8]
Event: 1.634 Thread 0x000001dc7d0e2ce0 1680       3       java.util.jar.JarVerifier$VerifierStream::close (30 bytes)
Event: 1.634 Thread 0x000001dc7d0e2ce0 nmethod 1680 0x000001dc002e2190 code [0x000001dc002e2340, 0x000001dc002e2590]
Event: 1.634 Thread 0x000001dc7d0e2ce0 1681       3       java.util.ArrayList::contains (14 bytes)
Event: 1.635 Thread 0x000001dc7d0e2ce0 nmethod 1681 0x000001dc002e2690 code [0x000001dc002e2840, 0x000001dc002e2a50]
Event: 1.635 Thread 0x000001dc7d0e2ce0 1682       3       java.lang.ThreadLocal::getMap (5 bytes)
Event: 1.635 Thread 0x000001dc7d0e2ce0 nmethod 1682 0x000001dc002e2b10 code [0x000001dc002e2ca0, 0x000001dc002e2db8]
Event: 1.635 Thread 0x000001dc7d0e2ce0 1683       3       org.eclipse.osgi.framework.eventmgr.CopyOnWriteIdentityMap$Snapshot$SnapshotIterator::hasNext (15 bytes)
Event: 1.635 Thread 0x000001dc7d0e2ce0 nmethod 1683 0x000001dc002e2e90 code [0x000001dc002e3040, 0x000001dc002e31b8]
Event: 1.638 Thread 0x000001dc7d2ec9b0 nmethod 1652 0x000001dc07b7c910 code [0x000001dc07b7cba0, 0x000001dc07b7da88]
Event: 1.638 Thread 0x000001dc7d0e2ce0 1685       3       java.security.CodeSource::matchCerts (254 bytes)

GC Heap History (2 events):
Event: 1.047 GC heap before
{Heap before GC invocations=1 (full 0):
 PSYoungGen      total 29696K, used 25600K [0x00000000eab00000, 0x00000000ecc00000, 0x0000000100000000)
  eden space 25600K, 100% used [0x00000000eab00000,0x00000000ec400000,0x00000000ec400000)
  from space 4096K, 0% used [0x00000000ec800000,0x00000000ec800000,0x00000000ecc00000)
  to   space 4096K, 0% used [0x00000000ec400000,0x00000000ec400000,0x00000000ec800000)
 ParOldGen       total 68608K, used 0K [0x00000000c0000000, 0x00000000c4300000, 0x00000000eab00000)
  object space 68608K, 0% used [0x00000000c0000000,0x00000000c0000000,0x00000000c4300000)
 Metaspace       used 4340K, committed 4608K, reserved 1114112K
  class space    used 462K, committed 576K, reserved 1048576K
}
Event: 1.054 GC heap after
{Heap after GC invocations=1 (full 0):
 PSYoungGen      total 29696K, used 3427K [0x00000000eab00000, 0x00000000ecc00000, 0x0000000100000000)
  eden space 25600K, 0% used [0x00000000eab00000,0x00000000eab00000,0x00000000ec400000)
  from space 4096K, 83% used [0x00000000ec400000,0x00000000ec758e80,0x00000000ec800000)
  to   space 4096K, 0% used [0x00000000ec800000,0x00000000ec800000,0x00000000ecc00000)
 ParOldGen       total 68608K, used 16K [0x00000000c0000000, 0x00000000c4300000, 0x00000000eab00000)
  object space 68608K, 0% used [0x00000000c0000000,0x00000000c0004000,0x00000000c4300000)
 Metaspace       used 4340K, committed 4608K, reserved 1114112K
  class space    used 462K, committed 576K, reserved 1048576K
}

Dll operation events (8 events):
Event: 0.011 Loaded shared library c:\Users\User\.cursor\extensions\redhat.java-1.42.0-win32-x64\jre\21.0.7-win32-x86_64\bin\java.dll
Event: 0.043 Loaded shared library c:\Users\User\.cursor\extensions\redhat.java-1.42.0-win32-x64\jre\21.0.7-win32-x86_64\bin\zip.dll
Event: 0.125 Loaded shared library C:\Users\User\.cursor\extensions\redhat.java-1.42.0-win32-x64\jre\21.0.7-win32-x86_64\bin\instrument.dll
Event: 0.132 Loaded shared library C:\Users\User\.cursor\extensions\redhat.java-1.42.0-win32-x64\jre\21.0.7-win32-x86_64\bin\net.dll
Event: 0.135 Loaded shared library C:\Users\User\.cursor\extensions\redhat.java-1.42.0-win32-x64\jre\21.0.7-win32-x86_64\bin\nio.dll
Event: 0.140 Loaded shared library C:\Users\User\.cursor\extensions\redhat.java-1.42.0-win32-x64\jre\21.0.7-win32-x86_64\bin\zip.dll
Event: 0.157 Loaded shared library C:\Users\User\.cursor\extensions\redhat.java-1.42.0-win32-x64\jre\21.0.7-win32-x86_64\bin\jimage.dll
Event: 0.250 Loaded shared library c:\Users\User\.cursor\extensions\redhat.java-1.42.0-win32-x64\jre\21.0.7-win32-x86_64\bin\verify.dll

Deoptimization events (20 events):
Event: 1.446 Thread 0x000001dc75cd75a0 Uncommon trap: trap_request=0xffffffbe fr.pc=0x000001dc07b6b5c8 relative=0x0000000000001408
Event: 1.446 Thread 0x000001dc75cd75a0 Uncommon trap: reason=profile_predicate action=maybe_recompile pc=0x000001dc07b6b5c8 method=jdk.internal.jimage.ImageStringsReader.stringFromByteBufferMatches(Ljava/nio/ByteBuffer;ILjava/lang/String;I)I @ 19 c2
Event: 1.446 Thread 0x000001dc75cd75a0 DEOPT PACKING pc=0x000001dc07b6b5c8 sp=0x000000c84f7f7bc0
Event: 1.446 Thread 0x000001dc75cd75a0 DEOPT UNPACKING pc=0x000001dc07583aa2 sp=0x000000c84f7f78e8 mode 2
Event: 1.607 Thread 0x000001dc75cd75a0 DEOPT PACKING pc=0x000001dc00104e8b sp=0x000000c84f7fcac0
Event: 1.607 Thread 0x000001dc75cd75a0 DEOPT UNPACKING pc=0x000001dc07584242 sp=0x000000c84f7fbf38 mode 0
Event: 1.609 Thread 0x000001dc75cd75a0 DEOPT PACKING pc=0x000001dc0017ac88 sp=0x000000c84f7fc6c0
Event: 1.609 Thread 0x000001dc75cd75a0 DEOPT UNPACKING pc=0x000001dc07584242 sp=0x000000c84f7fbb40 mode 0
Event: 1.609 Thread 0x000001dc75cd75a0 DEOPT PACKING pc=0x000001dc00100b06 sp=0x000000c84f7fc580
Event: 1.609 Thread 0x000001dc75cd75a0 DEOPT UNPACKING pc=0x000001dc07584242 sp=0x000000c84f7fba00 mode 0
Event: 1.611 Thread 0x000001dc75cd75a0 DEOPT PACKING pc=0x000001dc0017ac88 sp=0x000000c84f7fc9d0
Event: 1.611 Thread 0x000001dc75cd75a0 DEOPT UNPACKING pc=0x000001dc07584242 sp=0x000000c84f7fbe50 mode 0
Event: 1.612 Thread 0x000001dc75cd75a0 DEOPT PACKING pc=0x000001dc00100b06 sp=0x000000c84f7fc7d0
Event: 1.612 Thread 0x000001dc75cd75a0 DEOPT UNPACKING pc=0x000001dc07584242 sp=0x000000c84f7fbc50 mode 0
Event: 1.612 Thread 0x000001dc75cd75a0 DEOPT PACKING pc=0x000001dc0017ac88 sp=0x000000c84f7fc920
Event: 1.612 Thread 0x000001dc75cd75a0 DEOPT UNPACKING pc=0x000001dc07584242 sp=0x000000c84f7fbda0 mode 0
Event: 1.613 Thread 0x000001dc75cd75a0 DEOPT PACKING pc=0x000001dc0017ac88 sp=0x000000c84f7fcc20
Event: 1.614 Thread 0x000001dc75cd75a0 DEOPT UNPACKING pc=0x000001dc07584242 sp=0x000000c84f7fc0a0 mode 0
Event: 1.629 Thread 0x000001dc75cd75a0 DEOPT PACKING pc=0x000001dc000d07d5 sp=0x000000c84f7f6ff0
Event: 1.629 Thread 0x000001dc75cd75a0 DEOPT UNPACKING pc=0x000001dc07584242 sp=0x000000c84f7f64f8 mode 0

Classes loaded (20 events):
Event: 1.553 Loading class java/util/AbstractSequentialList done
Event: 1.554 Loading class java/util/LinkedList done
Event: 1.566 Loading class java/net/ContentHandlerFactory
Event: 1.566 Loading class java/net/ContentHandlerFactory done
Event: 1.576 Loading class java/net/ContentHandler
Event: 1.576 Loading class java/net/ContentHandler done
Event: 1.594 Loading class javax/xml/parsers/ParserConfigurationException
Event: 1.595 Loading class javax/xml/parsers/ParserConfigurationException done
Event: 1.598 Loading class java/security/KeyStoreException
Event: 1.599 Loading class java/security/KeyStoreException done
Event: 1.635 Loading class java/util/LinkedList$Node
Event: 1.635 Loading class java/util/LinkedList$Node done
Event: 1.635 Loading class java/util/LinkedList$ListItr
Event: 1.635 Loading class java/util/LinkedList$ListItr done
Event: 1.637 Loading class java/lang/Thread$Builder$OfPlatform
Event: 1.637 Loading class java/lang/Thread$Builder
Event: 1.637 Loading class java/lang/Thread$Builder done
Event: 1.637 Loading class java/lang/Thread$Builder$OfPlatform done
Event: 1.637 Loading class java/lang/Thread$Builder$OfVirtual
Event: 1.637 Loading class java/lang/Thread$Builder$OfVirtual done

Classes unloaded (0 events):
No events

Classes redefined (0 events):
No events

Internal exceptions (20 events):
Event: 1.040 Thread 0x000001dc75cd75a0 Exception <a 'java/lang/ClassNotFoundException'{0x00000000ec3ed7a0}: sun/net/www/protocol/c/Handler> (0x00000000ec3ed7a0) 
thrown [s\src\hotspot\share\classfile\systemDictionary.cpp, line 312]
Event: 1.042 Thread 0x000001dc75cd75a0 Exception <a 'java/lang/ClassNotFoundException'{0x00000000ec3eeb28}: sun/net/www/protocol/d/Handler> (0x00000000ec3eeb28) 
thrown [s\src\hotspot\share\classfile\systemDictionary.cpp, line 312]
Event: 1.042 Thread 0x000001dc75cd75a0 Exception <a 'java/lang/ClassNotFoundException'{0x00000000ec3efce8}: sun/net/www/protocol/c/Handler> (0x00000000ec3efce8) 
thrown [s\src\hotspot\share\classfile\systemDictionary.cpp, line 312]
Event: 1.062 Thread 0x000001dc75cd75a0 Exception <a 'java/io/FileNotFoundException'{0x00000000eab14a58}> (0x00000000eab14a58) 
thrown [s\src\hotspot\share\prims\jni.cpp, line 520]
Event: 1.096 Thread 0x000001dc75cd75a0 Implicit null exception at 0x000001dc07b26829 to 0x000001dc07b270a4
Event: 1.097 Thread 0x000001dc75cd75a0 Implicit null exception at 0x000001dc07b3251a to 0x000001dc07b32728
Event: 1.097 Thread 0x000001dc75cd75a0 Exception <a 'java/lang/NoSuchMethodError'{0x00000000eacffc08}: 'void java.lang.invoke.DirectMethodHandle$Holder.invokeStatic(java.lang.Object, java.lang.Object, java.lang.Object, java.lang.Object)'> (0x00000000eacffc08) 
thrown [s\src\hotspot\share\interpreter\linkResolver.cpp, line 773]
Event: 1.098 Thread 0x000001dc75cd75a0 Implicit null exception at 0x000001dc07b2ceba to 0x000001dc07b2d160
Event: 1.098 Thread 0x000001dc75cd75a0 Implicit null exception at 0x000001dc07b2bc3d to 0x000001dc07b2bcc1
Event: 1.143 Thread 0x000001dc75cd75a0 Exception <a 'java/lang/NoSuchMethodError'{0x00000000eaebb630}: 'long java.lang.invoke.DirectMethodHandle$Holder.invokeStatic(java.lang.Object, java.lang.Object, int)'> (0x00000000eaebb630) 
thrown [s\src\hotspot\share\interpreter\linkResolver.cpp, line 773]
Event: 1.144 Thread 0x000001dc75cd75a0 Exception <a 'java/lang/NoSuchMethodError'{0x00000000eaec3020}: 'java.lang.Object java.lang.invoke.DirectMethodHandle$Holder.invokeSpecial(java.lang.Object, java.lang.Object, java.lang.Object, java.lang.Object, long)'> (0x00000000eaec3020) 
thrown [s\src\hotspot\share\interpreter\linkResolver.cpp, line 773]
Event: 1.146 Thread 0x000001dc75cd75a0 Exception <a 'java/lang/NoSuchMethodError'{0x00000000eaed0f28}: 'java.lang.Object java.lang.invoke.DirectMethodHandle$Holder.invokeSpecial(java.lang.Object, java.lang.Object, java.lang.Object, int, java.lang.Object)'> (0x00000000eaed0f28) 
thrown [s\src\hotspot\share\interpreter\linkResolver.cpp, line 773]
Event: 1.152 Thread 0x000001dc75cd75a0 Exception <a 'java/lang/NoSuchMethodError'{0x00000000eaefa4e0}: 'int java.lang.invoke.DirectMethodHandle$Holder.invokeStaticInit(java.lang.Object, java.lang.Object, java.lang.Object, java.lang.Object)'> (0x00000000eaefa4e0) 
thrown [s\src\hotspot\share\interpreter\linkResolver.cpp, line 773]
Event: 1.154 Thread 0x000001dc75cd75a0 Exception <a 'java/lang/IncompatibleClassChangeError'{0x00000000eaf029e0}: Found class java.lang.Object, but interface was expected> (0x00000000eaf029e0) 
thrown [s\src\hotspot\share\interpreter\linkResolver.cpp, line 840]
Event: 1.154 Thread 0x000001dc75cd75a0 Exception <a 'java/lang/NoSuchMethodError'{0x00000000eaf06b80}: 'void java.lang.invoke.DirectMethodHandle$Holder.invokeStaticInit(java.lang.Object, java.lang.Object)'> (0x00000000eaf06b80) 
thrown [s\src\hotspot\share\interpreter\linkResolver.cpp, line 773]
Event: 1.156 Thread 0x000001dc75cd75a0 Exception <a 'java/lang/NoSuchMethodError'{0x00000000eaf0da18}: 'int java.lang.invoke.DirectMethodHandle$Holder.invokeStaticInit(java.lang.Object, java.lang.Object)'> (0x00000000eaf0da18) 
thrown [s\src\hotspot\share\interpreter\linkResolver.cpp, line 773]
Event: 1.201 Thread 0x000001dc75cd75a0 Exception <a 'java/lang/NoSuchMethodError'{0x00000000eb04a4c8}: 'void java.lang.invoke.DirectMethodHandle$Holder.invokeSpecial(java.lang.Object, java.lang.Object, java.lang.Object)'> (0x00000000eb04a4c8) 
thrown [s\src\hotspot\share\interpreter\linkResolver.cpp, line 773]
Event: 1.404 Thread 0x000001dc75cd75a0 Exception <a 'java/lang/NoSuchMethodError'{0x00000000eb8ecee8}: 'int java.lang.invoke.DirectMethodHandle$Holder.invokeVirtual(java.lang.Object, java.lang.Object)'> (0x00000000eb8ecee8) 
thrown [s\src\hotspot\share\interpreter\linkResolver.cpp, line 773]
Event: 1.497 Thread 0x000001dc75cd75a0 Exception <a 'java/lang/NoSuchMethodError'{0x00000000ebc57a18}: 'java.lang.Object java.lang.invoke.DirectMethodHandle$Holder.newInvokeSpecial(java.lang.Object, int, java.lang.Object)'> (0x00000000ebc57a18) 
thrown [s\src\hotspot\share\interpreter\linkResolver.cpp, line 773]
Event: 1.561 Thread 0x000001dc75cd75a0 Exception <a 'java/lang/NoSuchMethodError'{0x00000000ebdd9070}: 'java.lang.Object java.lang.invoke.DirectMethodHandle$Holder.newInvokeSpecial(java.lang.Object, java.lang.Object, java.lang.Object, java.lang.Object, int, java.lang.Object)'> (0x00000000ebdd9070) 
thrown [s\src\hotspot\share\interpreter\linkResolver.cpp, line 773]

ZGC Phase Switch (0 events):
No events

VM Operations (20 events):
Event: 0.099 Executing VM operation: HandshakeAllThreads (Deoptimize)
Event: 0.099 Executing VM operation: HandshakeAllThreads (Deoptimize) done
Event: 0.173 Executing VM operation: HandshakeAllThreads (Deoptimize)
Event: 0.173 Executing VM operation: HandshakeAllThreads (Deoptimize) done
Event: 0.594 Executing VM operation: HandshakeAllThreads (Deoptimize)
Event: 0.595 Executing VM operation: HandshakeAllThreads (Deoptimize) done
Event: 0.615 Executing VM operation: HandshakeAllThreads (Deoptimize)
Event: 0.616 Executing VM operation: HandshakeAllThreads (Deoptimize) done
Event: 1.001 Executing VM operation: ICBufferFull
Event: 1.002 Executing VM operation: ICBufferFull done
Event: 1.019 Executing VM operation: HandshakeAllThreads (Deoptimize)
Event: 1.019 Executing VM operation: HandshakeAllThreads (Deoptimize) done
Event: 1.047 Executing VM operation: ParallelGCFailedAllocation (Allocation Failure)
Event: 1.054 Executing VM operation: ParallelGCFailedAllocation (Allocation Failure) done
Event: 1.466 Executing VM operation: HandshakeAllThreads (Deoptimize)
Event: 1.466 Executing VM operation: HandshakeAllThreads (Deoptimize) done
Event: 1.483 Executing VM operation: HandshakeAllThreads (Deoptimize)
Event: 1.483 Executing VM operation: HandshakeAllThreads (Deoptimize) done
Event: 1.554 Executing VM operation: HandshakeAllThreads (Deoptimize)
Event: 1.554 Executing VM operation: HandshakeAllThreads (Deoptimize) done

Memory protections (0 events):
No events

Nmethod flushes (0 events):
No events

Events (14 events):
Event: 0.029 Thread 0x000001dc75cd75a0 Thread added: 0x000001dc75cd75a0
Event: 0.054 Thread 0x000001dc75cd75a0 Thread added: 0x000001dc7b0c18f0
Event: 0.054 Thread 0x000001dc75cd75a0 Thread added: 0x000001dc7b0c31f0
Event: 0.054 Thread 0x000001dc75cd75a0 Thread added: 0x000001dc7d0d0bd0
Event: 0.054 Thread 0x000001dc75cd75a0 Thread added: 0x000001dc7d0d1ae0
Event: 0.054 Thread 0x000001dc75cd75a0 Thread added: 0x000001dc7d0d6320
Event: 0.054 Thread 0x000001dc75cd75a0 Thread added: 0x000001dc7d0d6fc0
Event: 0.054 Thread 0x000001dc75cd75a0 Thread added: 0x000001dc7d0dc7f0
Event: 0.055 Thread 0x000001dc75cd75a0 Thread added: 0x000001dc7d0e2ce0
Event: 0.084 Thread 0x000001dc75cd75a0 Thread added: 0x000001dc75d44350
Event: 0.111 Thread 0x000001dc7d0e2ce0 Thread added: 0x000001dc7d2ec9b0
Event: 0.365 Thread 0x000001dc75cd75a0 Thread added: 0x000001dc7d3ffd80
Event: 0.577 Thread 0x000001dc7d0e2ce0 Thread added: 0x000001dc7d7fc020
Event: 1.452 Thread 0x000001dc75cd75a0 Thread added: 0x000001dc7d83bda0


Dynamic libraries:
0x00007ff69d8d0000 - 0x00007ff69d8de000 	c:\Users\User\.cursor\extensions\redhat.java-1.42.0-win32-x64\jre\21.0.7-win32-x86_64\bin\java.exe
0x00007ffd1d950000 - 0x00007ffd1db48000 	C:\Windows\SYSTEM32\ntdll.dll
0x00007ffd1bb20000 - 0x00007ffd1bbe2000 	C:\Windows\System32\KERNEL32.DLL
0x00007ffd1b2f0000 - 0x00007ffd1b5e6000 	C:\Windows\System32\KERNELBASE.dll
0x00007ffd1b840000 - 0x00007ffd1b940000 	C:\Windows\System32\ucrtbase.dll
0x00007ffd12990000 - 0x00007ffd129ae000 	c:\Users\User\.cursor\extensions\redhat.java-1.42.0-win32-x64\jre\21.0.7-win32-x86_64\bin\VCRUNTIME140.dll
0x00007ffd16af0000 - 0x00007ffd16b08000 	c:\Users\User\.cursor\extensions\redhat.java-1.42.0-win32-x64\jre\21.0.7-win32-x86_64\bin\jli.dll
0x00007ffd1be20000 - 0x00007ffd1bfbd000 	C:\Windows\System32\USER32.dll
0x00007ffd01690000 - 0x00007ffd0192a000 	C:\Windows\WinSxS\amd64_microsoft.windows.common-controls_6595b64144ccf1df_6.0.19041.5915_none_60b4b9d171f9c7c7\COMCTL32.dll
0x00007ffd1b100000 - 0x00007ffd1b122000 	C:\Windows\System32\win32u.dll
0x00007ffd1ba80000 - 0x00007ffd1bb1e000 	C:\Windows\System32\msvcrt.dll
0x00007ffd1c5e0000 - 0x00007ffd1c60b000 	C:\Windows\System32\GDI32.dll
0x00007ffd1afe0000 - 0x00007ffd1b0f9000 	C:\Windows\System32\gdi32full.dll
0x00007ffd1b640000 - 0x00007ffd1b6dd000 	C:\Windows\System32\msvcp_win.dll
0x00007ffd1cbb0000 - 0x00007ffd1cbdf000 	C:\Windows\System32\IMM32.DLL
0x00007ffd16ab0000 - 0x00007ffd16abc000 	c:\Users\User\.cursor\extensions\redhat.java-1.42.0-win32-x64\jre\21.0.7-win32-x86_64\bin\vcruntime140_1.dll
0x00007ffd0ed30000 - 0x00007ffd0edbd000 	c:\Users\User\.cursor\extensions\redhat.java-1.42.0-win32-x64\jre\21.0.7-win32-x86_64\bin\msvcp140.dll
0x00007ffcd0a90000 - 0x00007ffcd1820000 	c:\Users\User\.cursor\extensions\redhat.java-1.42.0-win32-x64\jre\21.0.7-win32-x86_64\bin\server\jvm.dll
0x00007ffd1bbf0000 - 0x00007ffd1bca1000 	C:\Windows\System32\ADVAPI32.dll
0x00007ffd1bd60000 - 0x00007ffd1bdff000 	C:\Windows\System32\sechost.dll
0x00007ffd1d4f0000 - 0x00007ffd1d613000 	C:\Windows\System32\RPCRT4.dll
0x00007ffd1b940000 - 0x00007ffd1b967000 	C:\Windows\System32\bcrypt.dll
0x00007ffd1d480000 - 0x00007ffd1d4eb000 	C:\Windows\System32\WS2_32.dll
0x00007ffd1ad90000 - 0x00007ffd1addb000 	C:\Windows\SYSTEM32\POWRPROF.dll
0x00007ffd16b60000 - 0x00007ffd16b87000 	C:\Windows\SYSTEM32\WINMM.dll
0x00007ffd039c0000 - 0x00007ffd039ca000 	C:\Windows\SYSTEM32\VERSION.dll
0x00007ffd1ad70000 - 0x00007ffd1ad82000 	C:\Windows\SYSTEM32\UMPDC.dll
0x00007ffd197c0000 - 0x00007ffd197d2000 	C:\Windows\SYSTEM32\kernel.appcore.dll
0x00007ffd16a60000 - 0x00007ffd16a6a000 	c:\Users\User\.cursor\extensions\redhat.java-1.42.0-win32-x64\jre\21.0.7-win32-x86_64\bin\jimage.dll
0x00007ffd19430000 - 0x00007ffd19631000 	C:\Windows\SYSTEM32\DBGHELP.DLL
0x00007ffd149a0000 - 0x00007ffd149d4000 	C:\Windows\SYSTEM32\dbgcore.DLL
0x00007ffd1b1e0000 - 0x00007ffd1b262000 	C:\Windows\System32\bcryptPrimitives.dll
0x00007ffd12be0000 - 0x00007ffd12bef000 	c:\Users\User\.cursor\extensions\redhat.java-1.42.0-win32-x64\jre\21.0.7-win32-x86_64\bin\instrument.dll
0x00007ffd11640000 - 0x00007ffd1165f000 	c:\Users\User\.cursor\extensions\redhat.java-1.42.0-win32-x64\jre\21.0.7-win32-x86_64\bin\java.dll
0x00007ffd1cbe0000 - 0x00007ffd1d34e000 	C:\Windows\System32\SHELL32.dll
0x00007ffd18b70000 - 0x00007ffd19314000 	C:\Windows\SYSTEM32\windows.storage.dll
0x00007ffd1c0b0000 - 0x00007ffd1c403000 	C:\Windows\System32\combase.dll
0x00007ffd1a860000 - 0x00007ffd1a88b000 	C:\Windows\SYSTEM32\Wldp.dll
0x00007ffd1d3b0000 - 0x00007ffd1d47d000 	C:\Windows\System32\OLEAUT32.dll
0x00007ffd1bcb0000 - 0x00007ffd1bd5d000 	C:\Windows\System32\SHCORE.dll
0x00007ffd1d8b0000 - 0x00007ffd1d90b000 	C:\Windows\System32\shlwapi.dll
0x00007ffd1af10000 - 0x00007ffd1af35000 	C:\Windows\SYSTEM32\profapi.dll
0x00007ffd0ef70000 - 0x00007ffd0ef88000 	c:\Users\User\.cursor\extensions\redhat.java-1.42.0-win32-x64\jre\21.0.7-win32-x86_64\bin\zip.dll
0x00007ffd12b50000 - 0x00007ffd12b60000 	C:\Users\User\.cursor\extensions\redhat.java-1.42.0-win32-x64\jre\21.0.7-win32-x86_64\bin\net.dll
0x00007ffd17070000 - 0x00007ffd1717a000 	C:\Windows\SYSTEM32\WINHTTP.dll
0x00007ffd1a640000 - 0x00007ffd1a6aa000 	C:\Windows\system32\mswsock.dll
0x00007ffd0ed10000 - 0x00007ffd0ed26000 	C:\Users\User\.cursor\extensions\redhat.java-1.42.0-win32-x64\jre\21.0.7-win32-x86_64\bin\nio.dll
0x00007ffd12a60000 - 0x00007ffd12a70000 	c:\Users\User\.cursor\extensions\redhat.java-1.42.0-win32-x64\jre\21.0.7-win32-x86_64\bin\verify.dll

dbghelp: loaded successfully - version: 4.0.5 - missing functions: none
symbol engine: initialized successfully - sym options: 0x614 - pdb path: .;c:\Users\User\.cursor\extensions\redhat.java-1.42.0-win32-x64\jre\21.0.7-win32-x86_64\bin;C:\Windows\SYSTEM32;C:\Windows\WinSxS\amd64_microsoft.windows.common-controls_6595b64144ccf1df_6.0.19041.5915_none_60b4b9d171f9c7c7;c:\Users\User\.cursor\extensions\redhat.java-1.42.0-win32-x64\jre\21.0.7-win32-x86_64\bin\server

VM Arguments:
jvm_args: --add-modules=ALL-SYSTEM --add-opens=java.base/java.util=ALL-UNNAMED --add-opens=java.base/java.lang=ALL-UNNAMED --add-opens=java.base/sun.nio.fs=ALL-UNNAMED -Declipse.application=org.eclipse.jdt.ls.core.id1 -Dosgi.bundles.defaultStartLevel=4 -Declipse.product=org.eclipse.jdt.ls.core.product -Djava.import.generatesMetadataFilesAtProjectRoot=false -DDetectVMInstallationsJob.disabled=true -Dfile.encoding=utf8 -XX:+UseParallelGC -XX:GCTimeRatio=4 -XX:AdaptiveSizePolicyWeight=90 -Dsun.zip.disableMemoryMapping=true -Xmx1G -Xms100m -Xlog:disable -javaagent:c:\Users\User\.cursor\extensions\redhat.java-1.42.0-win32-x64\lombok\lombok-1.18.36.jar 
java_command: c:\Users\User\.cursor\extensions\redhat.java-1.42.0-win32-x64\server\plugins\org.eclipse.equinox.launcher_1.7.0.v20250424-1814.jar -configuration c:\Users\User\AppData\Roaming\Cursor\User\globalStorage\redhat.java\1.42.0\config_ss_win -data c:\Users\User\AppData\Roaming\Cursor\User\workspaceStorage\fb4cb7763bfdb7dea2b9368661ef918c\redhat.java\ss_ws --pipe=\\.\pipe\lsp-0f7d7c9f798bcbe892486c5c3b791a9a-sock
java_class_path (initial): c:\Users\User\.cursor\extensions\redhat.java-1.42.0-win32-x64\server\plugins\org.eclipse.equinox.launcher_1.7.0.v20250424-1814.jar
Launcher Type: SUN_STANDARD

[Global flags]
    uintx AdaptiveSizePolicyWeight                 = 90                                        {product} {command line}
     intx CICompilerCount                          = 4                                         {product} {ergonomic}
    uintx GCTimeRatio                              = 4                                         {product} {command line}
   size_t InitialHeapSize                          = 104857600                                 {product} {command line}
   size_t MaxHeapSize                              = 1073741824                                {product} {command line}
   size_t MaxNewSize                               = 357564416                                 {product} {ergonomic}
   size_t MinHeapDeltaBytes                        = 524288                                    {product} {ergonomic}
   size_t MinHeapSize                              = 104857600                                 {product} {command line}
   size_t NewSize                                  = 34603008                                  {product} {ergonomic}
    uintx NonNMethodCodeHeapSize                   = 5839372                                {pd product} {ergonomic}
    uintx NonProfiledCodeHeapSize                  = 122909434                              {pd product} {ergonomic}
   size_t OldSize                                  = 70254592                                  {product} {ergonomic}
    uintx ProfiledCodeHeapSize                     = 122909434                              {pd product} {ergonomic}
    uintx ReservedCodeCacheSize                    = 251658240                              {pd product} {ergonomic}
     bool SegmentedCodeCache                       = true                                      {product} {ergonomic}
   size_t SoftMaxHeapSize                          = 1073741824                             {manageable} {ergonomic}
     bool UseCompressedOops                        = true                           {product lp64_product} {ergonomic}
     bool UseLargePagesIndividualAllocation        = false                                  {pd product} {ergonomic}
     bool UseParallelGC                            = true                                      {product} {command line}

Logging:
Log output configuration:
 #0: stdout all=off uptime,level,tags foldmultilines=false
 #1: stderr all=off uptime,level,tags foldmultilines=false

Environment Variables:
PATH=C:\Program Files\Common Files\Oracle\Java\javapath;C:\Windows\system32;C:\Windows;C:\Windows\System32\Wbem;C:\Windows\System32\WindowsPowerShell\v1.0\;C:\Windows\System32\OpenSSH\;C:\Program Files\dotnet\;C:\Program Files\Git\cmd;C:\Program Files (x86)\Microsoft SQL Server\160\Tools\Binn\;C:\Program Files\Microsoft SQL Server\160\Tools\Binn\;C:\Program Files\Microsoft SQL Server\Client SDK\ODBC\170\Tools\Binn\;C:\Program Files\Microsoft SQL Server\160\DTS\Binn\;C:\Program Files (x86)\Microsoft SQL Server\160\DTS\Binn\;C:\Program Files (x86)\dotnet\;D:\apache-maven-3.9.9\bin;D:\;C:\Program Files\Docker\Docker\resources\bin;C:\Users\User\AppData\Local\Programs\Python\Python310\Scripts\;C:\Users\User\AppData\Local\Programs\Python\Python310\;C:\Users\User\AppData\Local\Microsoft\WindowsApps;C:\Users\User\AppData\Local\Programs\Microsoft VS Code\bin;D:\apache-maven-3.9.9\bin;D:\cursor\resources\app\bin;C:\Users\User\AppData\Roaming\npm
USERNAME=User
OS=Windows_NT
PROCESSOR_IDENTIFIER=Intel64 Family 6 Model 186 Stepping 3, GenuineIntel
TMP=C:\Users\User\AppData\Local\Temp
TEMP=C:\Users\User\AppData\Local\Temp




Periodic native trim disabled

---------------  S Y S T E M  ---------------

OS:
 Windows 10 , 64 bit Build 19041 (10.0.19041.5915)
OS uptime: 0 days 23:20 hours
Hyper-V role detected

CPU: total 12 (initial active 12) (6 cores per cpu, 2 threads per core) family 6 model 186 stepping 3 microcode 0x4123, cx8, cmov, fxsr, ht, mmx, 3dnowpref, sse, sse2, sse3, ssse3, sse4.1, sse4.2, popcnt, lzcnt, tsc, tscinvbit, avx, avx2, aes, erms, clmul, bmi1, bmi2, adx, sha, fma, vzeroupper, clflush, clflushopt, clwb, hv, rdtscp, rdpid, fsrm, f16c, cet_ibt, cet_ss
Processor Information for the first 12 processors :
  Max Mhz: 1700, Current Mhz: 1700, Mhz Limit: 1700

Memory: 4k page, system-wide physical 32452M (9775M free)
TotalPageFile size 63275M (AvailPageFile size 5M)
current process WorkingSet (physical memory assigned to process): 87M, peak: 88M
current process commit charge ("private bytes"): 213M, peak: 214M

vm_info: OpenJDK 64-Bit Server VM (21.0.7+6-LTS) for windows-amd64 JRE (21.0.7+6-LTS), built on 2025-04-15T00:00:00Z by "admin" with MS VC++ 17.7 (VS2022)

END.
