#
# There is insufficient memory for the Java Runtime Environment to continue.
# Native memory allocation (malloc) failed to allocate 321376 bytes. Error detail: Chunk::new
# Possible reasons:
#   The system is out of physical RAM or swap space
#   This process is running with CompressedOops enabled, and the Java Heap may be blocking the growth of the native heap
# Possible solutions:
#   Reduce memory load on the system
#   Increase physical memory or swap space
#   Check if swap backing store is full
#   Decrease Java heap size (-Xmx/-Xms)
#   Decrease number of Java threads
#   Decrease Java thread stack sizes (-Xss)
#   Set larger code cache with -XX:ReservedCodeCacheSize=
#   JVM is running with Unscaled Compressed Oops mode in which the Java heap is
#     placed in the first 4GB address space. The Java Heap base address is the
#     maximum limit for the native heap growth. Please use -XX:HeapBaseMinAddress
#     to set the Java Heap base and to place the Java Heap above 4GB virtual address.
# This output file may be truncated or incomplete.
#
#  Out of Memory Error (arena.cpp:168), pid=14500, tid=13900
#
# JRE version: OpenJDK Runtime Environment Temurin-21.0.7+6 (21.0.7+6) (build 21.0.7+6-LTS)
# Java VM: OpenJDK 64-Bit Server VM Temurin-21.0.7+6 (21.0.7+6-LTS, mixed mode, sharing, tiered, compressed oops, compressed class ptrs, parallel gc, windows-amd64)
# No core dump will be written. Minidumps are not enabled by default on client versions of Windows
#

---------------  S U M M A R Y ------------

Command Line: --add-modules=ALL-SYSTEM --add-opens=java.base/java.util=ALL-UNNAMED --add-opens=java.base/java.lang=ALL-UNNAMED --add-opens=java.base/sun.nio.fs=ALL-UNNAMED -Declipse.application=org.eclipse.jdt.ls.core.id1 -Dosgi.bundles.defaultStartLevel=4 -Declipse.product=org.eclipse.jdt.ls.core.product -Djava.import.generatesMetadataFilesAtProjectRoot=false -DDetectVMInstallationsJob.disabled=true -Dfile.encoding=utf8 -XX:+UseParallelGC -XX:GCTimeRatio=4 -XX:AdaptiveSizePolicyWeight=90 -Dsun.zip.disableMemoryMapping=true -Xmx1G -Xms100m -Xlog:disable -javaagent:c:\Users\User\.cursor\extensions\redhat.java-1.42.0-win32-x64\lombok\lombok-1.18.36.jar -XX:+HeapDumpOnOutOfMemoryError -XX:HeapDumpPath=c:\Users\User\AppData\Roaming\Cursor\User\workspaceStorage\fb4cb7763bfdb7dea2b9368661ef918c\redhat.java -Daether.dependencyCollector.impl=bf c:\Users\User\.cursor\extensions\redhat.java-1.42.0-win32-x64\server\plugins\org.eclipse.equinox.launcher_1.7.0.v20250424-1814.jar -configuration c:\Users\User\AppData\Roaming\Cursor\User\globalStorage\redhat.java\1.42.0\config_win -data c:\Users\User\AppData\Roaming\Cursor\User\workspaceStorage\fb4cb7763bfdb7dea2b9368661ef918c\redhat.java\jdt_ws --pipe=\\.\pipe\lsp-f2e9756b1900b1a85e0f335d1dcec7dd-sock

Host: 13th Gen Intel(R) Core(TM) i7-1355U, 12 cores, 31G,  Windows 10 , 64 bit Build 19041 (10.0.19041.5915)
Time: Fri Jun 13 15:30:01 2025  Windows 10 , 64 bit Build 19041 (10.0.19041.5915) elapsed time: 214.254314 seconds (0d 0h 3m 34s)

---------------  T H R E A D  ---------------

Current thread (0x000001f866d85f70):  JavaThread "C2 CompilerThread1" daemon [_thread_in_native, id=13900, stack(0x0000005e95900000,0x0000005e95a00000) (1024K)]


Current CompileTask:
C2:214254 14032  s    4       org.eclipse.jdt.internal.core.JavaModelManager::getInfo (39 bytes)

Stack: [0x0000005e95900000,0x0000005e95a00000]
Native frames: (J=compiled Java code, j=interpreted, Vv=VM code, C=native code)
V  [jvm.dll+0x6ce119]
V  [jvm.dll+0x8a84a1]
V  [jvm.dll+0x8aa9ce]
V  [jvm.dll+0x8ab0b3]
V  [jvm.dll+0x27f8a6]
V  [jvm.dll+0xc507d]
V  [jvm.dll+0xc55b3]
V  [jvm.dll+0x2f2c6d]
V  [jvm.dll+0x5f6bca]
V  [jvm.dll+0x250cb2]
V  [jvm.dll+0x25106f]
V  [jvm.dll+0x249934]
V  [jvm.dll+0x246fc4]
V  [jvm.dll+0x1c760e]
V  [jvm.dll+0x25695a]
V  [jvm.dll+0x254efa]
V  [jvm.dll+0x3f03f6]
V  [jvm.dll+0x851f6b]
V  [jvm.dll+0x6cc7dd]
C  [ucrtbase.dll+0x21bb2]
C  [KERNEL32.DLL+0x17374]
C  [ntdll.dll+0x4cc91]


---------------  P R O C E S S  ---------------

Threads class SMR info:
_java_thread_list=0x000001f868a02b20, length=87, elements={
0x000001f84a4e2190, 0x000001f85e8d5610, 0x000001f85e8d6520, 0x000001f8608e1c20,
0x000001f8608e1590, 0x000001f8608e3660, 0x000001f8608e22b0, 0x000001f8608e9a00,
0x000001f8608f2200, 0x000001f8608e0870, 0x000001f8608e3cf0, 0x000001f8608e0f00,
0x000001f8608e2fd0, 0x000001f8608e2940, 0x000001f860972ba0, 0x000001f8609745e0,
0x000001f860974c70, 0x000001f860970ad0, 0x000001f860971160, 0x000001f8609738c0,
0x000001f860975300, 0x000001f860975990, 0x000001f860971e80, 0x000001f8609766b0,
0x000001f860976d40, 0x000001f860970440, 0x000001f8609773d0, 0x000001f860977a60,
0x000001f8609717f0, 0x000001f868a091a0, 0x000001f868a08480, 0x000001f868a07760,
0x000001f868a0abe0, 0x000001f868a05690, 0x000001f868a09ec0, 0x000001f868a0b900,
0x000001f868a0bf90, 0x000001f868a06a40, 0x000001f868a05d20, 0x000001f868a09830,
0x000001f8694a8380, 0x000001f8694abe90, 0x000001f8694a8a10, 0x000001f8694a90a0,
0x000001f8694a9730, 0x000001f8694ab170, 0x000001f8694a9dc0, 0x000001f8694aa450,
0x000001f8694aaae0, 0x000001f8694a62b0, 0x000001f8694ab800, 0x000001f8694ac520,
0x000001f8694acbb0, 0x000001f8694ad240, 0x000001f8694ad8d0, 0x000001f8694a6940,
0x000001f8694a7cf0, 0x000001f8694a7660, 0x000001f86855b100, 0x000001f86855b790,
0x000001f868559030, 0x000001f8685596c0, 0x000001f868559d50, 0x000001f86855d860,
0x000001f86855be20, 0x000001f86855a3e0, 0x000001f86855c4b0, 0x000001f86855d1d0,
0x000001f86855def0, 0x000001f868557c80, 0x000001f8685589a0, 0x000001f868a0a550,
0x000001f868a0c620, 0x000001f868a070d0, 0x000001f8685644d0, 0x000001f868562a90,
0x000001f8685637b0, 0x000001f868562400, 0x000001f868563e40, 0x000001f868561d70,
0x000001f8685616e0, 0x000001f868563120, 0x000001f868560330, 0x000001f868564b60,
0x000001f8685651f0, 0x000001f866d85f70, 0x000001f866d83d60
}

Java Threads: ( => current thread )
  0x000001f84a4e2190 JavaThread "main"                              [_thread_blocked, id=13936, stack(0x0000005e93700000,0x0000005e93800000) (1024K)]
  0x000001f85e8d5610 JavaThread "Reference Handler"          daemon [_thread_blocked, id=2856, stack(0x0000005e93b00000,0x0000005e93c00000) (1024K)]
  0x000001f85e8d6520 JavaThread "Finalizer"                  daemon [_thread_blocked, id=13476, stack(0x0000005e93c00000,0x0000005e93d00000) (1024K)]
  0x000001f8608e1c20 JavaThread "Signal Dispatcher"          daemon [_thread_blocked, id=21128, stack(0x0000005e93d00000,0x0000005e93e00000) (1024K)]
  0x000001f8608e1590 JavaThread "Attach Listener"            daemon [_thread_blocked, id=22584, stack(0x0000005e93e00000,0x0000005e93f00000) (1024K)]
  0x000001f8608e3660 JavaThread "Service Thread"             daemon [_thread_blocked, id=21712, stack(0x0000005e93f00000,0x0000005e94000000) (1024K)]
  0x000001f8608e22b0 JavaThread "Monitor Deflation Thread"   daemon [_thread_blocked, id=18268, stack(0x0000005e94000000,0x0000005e94100000) (1024K)]
  0x000001f8608e9a00 JavaThread "C2 CompilerThread0"         daemon [_thread_blocked, id=19808, stack(0x0000005e94100000,0x0000005e94200000) (1024K)]
  0x000001f8608f2200 JavaThread "C1 CompilerThread0"         daemon [_thread_in_vm, id=19480, stack(0x0000005e94200000,0x0000005e94300000) (1024K)]
  0x000001f8608e0870 JavaThread "Common-Cleaner"             daemon [_thread_blocked, id=6700, stack(0x0000005e94300000,0x0000005e94400000) (1024K)]
  0x000001f8608e3cf0 JavaThread "Notification Thread"        daemon [_thread_blocked, id=4136, stack(0x0000005e94500000,0x0000005e94600000) (1024K)]
  0x000001f8608e0f00 JavaThread "Active Thread: Equinox Container: c1d1478e-5e19-4419-a4d5-2781fdf5bb21"        [_thread_blocked, id=13032, stack(0x0000005e94d00000,0x0000005e94e00000) (1024K)]
  0x000001f8608e2fd0 JavaThread "Refresh Thread: Equinox Container: c1d1478e-5e19-4419-a4d5-2781fdf5bb21" daemon [_thread_blocked, id=20680, stack(0x0000005e94600000,0x0000005e94700000) (1024K)]
  0x000001f8608e2940 JavaThread "Framework Event Dispatcher: Equinox Container: c1d1478e-5e19-4419-a4d5-2781fdf5bb21" daemon [_thread_blocked, id=5220, stack(0x0000005e94e00000,0x0000005e94f00000) (1024K)]
  0x000001f860972ba0 JavaThread "Start Level: Equinox Container: c1d1478e-5e19-4419-a4d5-2781fdf5bb21" daemon [_thread_blocked, id=22652, stack(0x0000005e94f00000,0x0000005e95000000) (1024K)]
  0x000001f8609745e0 JavaThread "Bundle File Closer"         daemon [_thread_blocked, id=10076, stack(0x0000005e95300000,0x0000005e95400000) (1024K)]
  0x000001f860974c70 JavaThread "SCR Component Actor"        daemon [_thread_blocked, id=4108, stack(0x0000005e95000000,0x0000005e95100000) (1024K)]
  0x000001f860970ad0 JavaThread "Worker-JM"                         [_thread_blocked, id=2788, stack(0x0000005e95600000,0x0000005e95700000) (1024K)]
  0x000001f860971160 JavaThread "JNA Cleaner"                daemon [_thread_blocked, id=10576, stack(0x0000005e95700000,0x0000005e95800000) (1024K)]
  0x000001f8609738c0 JavaThread "Java indexing"              daemon [_thread_blocked, id=17972, stack(0x0000005e95b00000,0x0000005e95c00000) (1024K)]
  0x000001f860975300 JavaThread "Worker-3"                          [_thread_blocked, id=22444, stack(0x0000005e95f00000,0x0000005e96000000) (1024K)]
  0x000001f860975990 JavaThread "Thread-2"                   daemon [_thread_in_native, id=15504, stack(0x0000005e96000000,0x0000005e96100000) (1024K)]
  0x000001f860971e80 JavaThread "Thread-3"                   daemon [_thread_in_native, id=22996, stack(0x0000005e96100000,0x0000005e96200000) (1024K)]
  0x000001f8609766b0 JavaThread "Thread-4"                   daemon [_thread_in_native, id=13884, stack(0x0000005e96200000,0x0000005e96300000) (1024K)]
  0x000001f860976d40 JavaThread "Thread-5"                   daemon [_thread_in_native, id=13208, stack(0x0000005e96300000,0x0000005e96400000) (1024K)]
  0x000001f860970440 JavaThread "Thread-6"                   daemon [_thread_in_native, id=20168, stack(0x0000005e96400000,0x0000005e96500000) (1024K)]
  0x000001f8609773d0 JavaThread "Thread-7"                   daemon [_thread_in_native, id=14072, stack(0x0000005e96500000,0x0000005e96600000) (1024K)]
  0x000001f860977a60 JavaThread "Thread-8"                   daemon [_thread_in_native, id=4120, stack(0x0000005e96600000,0x0000005e96700000) (1024K)]
  0x000001f8609717f0 JavaThread "Thread-9"                   daemon [_thread_in_native, id=11648, stack(0x0000005e96700000,0x0000005e96800000) (1024K)]
  0x000001f868a091a0 JavaThread "Thread-10"                  daemon [_thread_in_native, id=22876, stack(0x0000005e96800000,0x0000005e96900000) (1024K)]
  0x000001f868a08480 JavaThread "Thread-11"                  daemon [_thread_in_native, id=14052, stack(0x0000005e96900000,0x0000005e96a00000) (1024K)]
  0x000001f868a07760 JavaThread "Thread-12"                  daemon [_thread_in_native, id=17436, stack(0x0000005e96a00000,0x0000005e96b00000) (1024K)]
  0x000001f868a0abe0 JavaThread "Thread-13"                  daemon [_thread_in_native, id=16784, stack(0x0000005e96b00000,0x0000005e96c00000) (1024K)]
  0x000001f868a05690 JavaThread "Thread-14"                  daemon [_thread_in_native, id=18524, stack(0x0000005e96c00000,0x0000005e96d00000) (1024K)]
  0x000001f868a09ec0 JavaThread "pool-2-thread-1"                   [_thread_blocked, id=10196, stack(0x0000005e96d00000,0x0000005e96e00000) (1024K)]
  0x000001f868a0b900 JavaThread "WorkspaceEventsHandler"            [_thread_blocked, id=13844, stack(0x0000005e96e00000,0x0000005e96f00000) (1024K)]
  0x000001f868a0bf90 JavaThread "pool-1-thread-1"                   [_thread_blocked, id=15520, stack(0x0000005e96f00000,0x0000005e97000000) (1024K)]
  0x000001f868a06a40 JavaThread "Worker-5"                          [_thread_blocked, id=7200, stack(0x0000005e97100000,0x0000005e97200000) (1024K)]
  0x000001f868a05d20 JavaThread "LocalFile Deleter"          daemon [_thread_blocked, id=13536, stack(0x0000005e97400000,0x0000005e97500000) (1024K)]
  0x000001f868a09830 JavaThread "LocalFile Deleter"          daemon [_thread_blocked, id=22236, stack(0x0000005e97600000,0x0000005e97700000) (1024K)]
  0x000001f8694a8380 JavaThread "LocalFile Deleter"          daemon [_thread_blocked, id=608, stack(0x0000005e97700000,0x0000005e97800000) (1024K)]
  0x000001f8694abe90 JavaThread "LocalFile Deleter"          daemon [_thread_blocked, id=16060, stack(0x0000005e97800000,0x0000005e97900000) (1024K)]
  0x000001f8694a8a10 JavaThread "LocalFile Deleter"          daemon [_thread_blocked, id=3564, stack(0x0000005e97900000,0x0000005e97a00000) (1024K)]
  0x000001f8694a90a0 JavaThread "LocalFile Deleter"          daemon [_thread_blocked, id=23368, stack(0x0000005e97a00000,0x0000005e97b00000) (1024K)]
  0x000001f8694a9730 JavaThread "LocalFile Deleter"          daemon [_thread_blocked, id=22656, stack(0x0000005e97b00000,0x0000005e97c00000) (1024K)]
  0x000001f8694ab170 JavaThread "LocalFile Deleter"          daemon [_thread_blocked, id=14844, stack(0x0000005e97c00000,0x0000005e97d00000) (1024K)]
  0x000001f8694a9dc0 JavaThread "LocalFile Deleter"          daemon [_thread_blocked, id=10228, stack(0x0000005e97d00000,0x0000005e97e00000) (1024K)]
  0x000001f8694aa450 JavaThread "Compiler Source File Reader" daemon [_thread_blocked, id=6768, stack(0x0000005e97e00000,0x0000005e97f00000) (1024K)]
  0x000001f8694aaae0 JavaThread "Compiler Source File Reader" daemon [_thread_blocked, id=13448, stack(0x0000005e97f00000,0x0000005e98000000) (1024K)]
  0x000001f8694a62b0 JavaThread "Compiler Source File Reader" daemon [_thread_blocked, id=16476, stack(0x0000005e98000000,0x0000005e98100000) (1024K)]
  0x000001f8694ab800 JavaThread "Compiler Source File Reader" daemon [_thread_blocked, id=21752, stack(0x0000005e98100000,0x0000005e98200000) (1024K)]
  0x000001f8694ac520 JavaThread "Compiler Source File Reader" daemon [_thread_blocked, id=21688, stack(0x0000005e98200000,0x0000005e98300000) (1024K)]
  0x000001f8694acbb0 JavaThread "Compiler Source File Reader" daemon [_thread_blocked, id=20016, stack(0x0000005e98300000,0x0000005e98400000) (1024K)]
  0x000001f8694ad240 JavaThread "Compiler Source File Reader" daemon [_thread_blocked, id=20000, stack(0x0000005e98400000,0x0000005e98500000) (1024K)]
  0x000001f8694ad8d0 JavaThread "Compiler Source File Reader" daemon [_thread_blocked, id=15884, stack(0x0000005e98500000,0x0000005e98600000) (1024K)]
  0x000001f8694a6940 JavaThread "Compiler Source File Reader" daemon [_thread_blocked, id=8136, stack(0x0000005e98600000,0x0000005e98700000) (1024K)]
  0x000001f8694a7cf0 JavaThread "Compiler Source File Reader" daemon [_thread_blocked, id=15524, stack(0x0000005e98700000,0x0000005e98800000) (1024K)]
  0x000001f8694a7660 JavaThread "Compiler Class File Writer" daemon [_thread_blocked, id=5460, stack(0x0000005e98800000,0x0000005e98900000) (1024K)]
  0x000001f86855b100 JavaThread "Compiler Class File Writer" daemon [_thread_blocked, id=12592, stack(0x0000005e98900000,0x0000005e98a00000) (1024K)]
  0x000001f86855b790 JavaThread "Compiler Class File Writer" daemon [_thread_blocked, id=7136, stack(0x0000005e98a00000,0x0000005e98b00000) (1024K)]
  0x000001f868559030 JavaThread "Compiler Class File Writer" daemon [_thread_blocked, id=15020, stack(0x0000005e98b00000,0x0000005e98c00000) (1024K)]
  0x000001f8685596c0 JavaThread "Compiler Class File Writer" daemon [_thread_blocked, id=4300, stack(0x0000005e98c00000,0x0000005e98d00000) (1024K)]
  0x000001f868559d50 JavaThread "Compiler Class File Writer" daemon [_thread_blocked, id=7836, stack(0x0000005e98d00000,0x0000005e98e00000) (1024K)]
  0x000001f86855d860 JavaThread "Compiler Class File Writer" daemon [_thread_blocked, id=13876, stack(0x0000005e98e00000,0x0000005e98f00000) (1024K)]
  0x000001f86855be20 JavaThread "Compiler Class File Writer" daemon [_thread_blocked, id=7212, stack(0x0000005e98f00000,0x0000005e99000000) (1024K)]
  0x000001f86855a3e0 JavaThread "Compiler Class File Writer" daemon [_thread_blocked, id=22780, stack(0x0000005e99000000,0x0000005e99100000) (1024K)]
  0x000001f86855c4b0 JavaThread "Compiler Class File Writer" daemon [_thread_blocked, id=17572, stack(0x0000005e99100000,0x0000005e99200000) (1024K)]
  0x000001f86855d1d0 JavaThread "ForkJoinPool.commonPool-worker-1" daemon [_thread_blocked, id=16408, stack(0x0000005e99200000,0x0000005e99300000) (1024K)]
  0x000001f86855def0 JavaThread "ForkJoinPool.commonPool-worker-3" daemon [_thread_blocked, id=9140, stack(0x0000005e99400000,0x0000005e99500000) (1024K)]
  0x000001f868557c80 JavaThread "ForkJoinPool.commonPool-worker-5" daemon [_thread_blocked, id=14680, stack(0x0000005e95a00000,0x0000005e95b00000) (1024K)]
  0x000001f8685589a0 JavaThread "ForkJoinPool.commonPool-worker-4" daemon [_thread_blocked, id=8300, stack(0x0000005e99500000,0x0000005e99600000) (1024K)]
  0x000001f868a0a550 JavaThread "ForkJoinPool.commonPool-worker-6" daemon [_thread_blocked, id=5372, stack(0x0000005e99600000,0x0000005e99700000) (1024K)]
  0x000001f868a0c620 JavaThread "ForkJoinPool.commonPool-worker-7" daemon [_thread_blocked, id=21784, stack(0x0000005e99700000,0x0000005e99800000) (1024K)]
  0x000001f868a070d0 JavaThread "ForkJoinPool.commonPool-worker-8" daemon [_thread_blocked, id=7520, stack(0x0000005e99900000,0x0000005e99a00000) (1024K)]
  0x000001f8685644d0 JavaThread "ForkJoinPool.commonPool-worker-9" daemon [_thread_blocked, id=3140, stack(0x0000005e99a00000,0x0000005e99b00000) (1024K)]
  0x000001f868562a90 JavaThread "ForkJoinPool.commonPool-worker-10" daemon [_thread_blocked, id=10600, stack(0x0000005e99b00000,0x0000005e99c00000) (1024K)]
  0x000001f8685637b0 JavaThread "ForkJoinPool.commonPool-worker-11" daemon [_thread_blocked, id=14684, stack(0x0000005e99c00000,0x0000005e99d00000) (1024K)]
  0x000001f868562400 JavaThread "Java Debug Server"          daemon [_thread_in_native, id=7992, stack(0x0000005e93600000,0x0000005e93700000) (1024K)]
  0x000001f868563e40 JavaThread "pool-5-thread-1"                   [_thread_in_native, id=20604, stack(0x0000005e95400000,0x0000005e95500000) (1024K)]
  0x000001f868561d70 JavaThread "RxSchedulerPurge-1"         daemon [_thread_blocked, id=3272, stack(0x0000005e95500000,0x0000005e95600000) (1024K)]
  0x000001f8685616e0 JavaThread "RxCachedWorkerPoolEvictor-1" daemon [_thread_blocked, id=10132, stack(0x0000005e97200000,0x0000005e97300000) (1024K)]
  0x000001f868563120 JavaThread "RxNewThreadScheduler-1"     daemon [_thread_blocked, id=7060, stack(0x0000005e99800000,0x0000005e99900000) (1024K)]
  0x000001f868560330 JavaThread "process reaper (pid 22864)" daemon [_thread_in_native, id=12788, stack(0x0000005e93170000,0x0000005e93190000) (128K)]
  0x000001f868564b60 JavaThread "Worker-6"                          [_thread_blocked, id=11932, stack(0x0000005e93500000,0x0000005e93600000) (1024K)]
  0x000001f8685651f0 JavaThread "Worker-7"                          [_thread_blocked, id=9152, stack(0x0000005e95800000,0x0000005e95900000) (1024K)]
=>0x000001f866d85f70 JavaThread "C2 CompilerThread1"         daemon [_thread_in_native, id=13900, stack(0x0000005e95900000,0x0000005e95a00000) (1024K)]
  0x000001f866d83d60 JavaThread "C2 CompilerThread2"         daemon [_thread_in_native, id=18148, stack(0x0000005e95d00000,0x0000005e95e00000) (1024K)]
Total: 87

Other Threads:
  0x000001f85e8c4030 VMThread "VM Thread"                           [id=15332, stack(0x0000005e93a00000,0x0000005e93b00000) (1024K)] _threads_hazard_ptr=0x000001f868a02b20
  0x000001f84a54ca10 WatcherThread "VM Periodic Task Thread"        [id=4072, stack(0x0000005e93900000,0x0000005e93a00000) (1024K)]
  0x000001f84a4ff1f0 WorkerThread "GC Thread#0"                     [id=6920, stack(0x0000005e93800000,0x0000005e93900000) (1024K)]
  0x000001f8657ee8a0 WorkerThread "GC Thread#1"                     [id=15904, stack(0x0000005e94700000,0x0000005e94800000) (1024K)]
  0x000001f8657edc60 WorkerThread "GC Thread#2"                     [id=14724, stack(0x0000005e94800000,0x0000005e94900000) (1024K)]
  0x000001f8657ee000 WorkerThread "GC Thread#3"                     [id=15576, stack(0x0000005e94900000,0x0000005e94a00000) (1024K)]
  0x000001f860c30e20 WorkerThread "GC Thread#4"                     [id=15064, stack(0x0000005e94a00000,0x0000005e94b00000) (1024K)]
  0x000001f860c311c0 WorkerThread "GC Thread#5"                     [id=9164, stack(0x0000005e94b00000,0x0000005e94c00000) (1024K)]
  0x000001f860c31560 WorkerThread "GC Thread#6"                     [id=20592, stack(0x0000005e94c00000,0x0000005e94d00000) (1024K)]
  0x000001f8608f32f0 WorkerThread "GC Thread#7"                     [id=13920, stack(0x0000005e94400000,0x0000005e94500000) (1024K)]
  0x000001f86591cc40 WorkerThread "GC Thread#8"                     [id=13520, stack(0x0000005e95100000,0x0000005e95200000) (1024K)]
  0x000001f865580b00 WorkerThread "GC Thread#9"                     [id=11708, stack(0x0000005e95200000,0x0000005e95300000) (1024K)]
Total: 12

Threads with active compile tasks:
C2 CompilerThread0  214280 14079       4       org.eclipse.jdt.internal.compiler.parser.Parser::concatNodeLists (31 bytes)
C1 CompilerThread0  214280 14092       3       org.eclipse.jdt.internal.compiler.ast.TypeReference::getParameterizedTypeName (5 bytes)
C2 CompilerThread1  214280 14032  s    4       org.eclipse.jdt.internal.core.JavaModelManager::getInfo (39 bytes)
C2 CompilerThread2  214280 14077       4       org.eclipse.jdt.internal.compiler.parser.Parser::consumeToken (2264 bytes)
Total: 4

VM state: synchronizing (normal execution)

VM Mutex/Monitor currently owned by a thread:  ([mutex/lock_event])
[0x00007ffcd173e308] Threads_lock - owner thread: 0x000001f85e8c4030
[0x00007ffcd173e408] Heap_lock - owner thread: 0x000001f868a0bf90

Heap address: 0x00000000c0000000, size: 1024 MB, Compressed Oops mode: 32-bit

CDS archive(s) mapped at: [0x000001f800000000-0x000001f800ba0000-0x000001f800ba0000), size 12189696, SharedBaseAddress: 0x000001f800000000, ArchiveRelocationMode: 1.
Compressed class space mapped at: 0x000001f801000000-0x000001f841000000, reserved size: 1073741824
Narrow klass base: 0x000001f800000000, Narrow klass shift: 0, Narrow klass range: 0x100000000

GC Precious Log:
 CardTable entry size: 512
 CPUs: 12 total, 12 available
 Memory: 32452M
 Large Page Support: Disabled
 NUMA Support: Disabled
 Compressed Oops: Enabled (32-bit)
 Alignments: Space 512K, Generation 512K, Heap 2M
 Heap Min Capacity: 100M
 Heap Initial Capacity: 100M
 Heap Max Capacity: 1G
 Pre-touch: Disabled
 Parallel Workers: 10

Heap:
 PSYoungGen      total 1536K, used 1248K [0x00000000eab00000, 0x00000000ead80000, 0x0000000100000000)
  eden space 1024K, 100% used [0x00000000eab00000,0x00000000eac00000,0x00000000eac00000)
  from space 512K, 43% used [0x00000000eac80000,0x00000000eacb8000,0x00000000ead00000)
  to   space 512K, 0% used [0x00000000ead00000,0x00000000ead00000,0x00000000ead80000)
 ParOldGen       total 244224K, used 244217K [0x00000000c0000000, 0x00000000cee80000, 0x00000000eab00000)
  object space 244224K, 99% used [0x00000000c0000000,0x00000000cee7e7c0,0x00000000cee80000)
 Metaspace       used 71696K, committed 73344K, reserved 1179648K
  class space    used 7441K, committed 8128K, reserved 1048576K

Card table byte_map: [0x000001f849e90000,0x000001f84a0a0000] _byte_map_base: 0x000001f849890000

Marking Bits: (ParMarkBitMap*) 0x00007ffcd17431f0
 Begin Bits: [0x000001f85c6e0000, 0x000001f85d6e0000)
 End Bits:   [0x000001f85d6e0000, 0x000001f85e6e0000)

Polling page: 0x000001f848420000

Metaspace:

Usage:
  Non-class:     62.75 MB used.
      Class:      7.27 MB used.
       Both:     70.02 MB used.

Virtual space:
  Non-class space:      128.00 MB reserved,      63.69 MB ( 50%) committed,  2 nodes.
      Class space:        1.00 GB reserved,       7.94 MB ( <1%) committed,  1 nodes.
             Both:        1.12 GB reserved,      71.62 MB (  6%) committed. 

Chunk freelists:
   Non-Class:  15.67 MB
       Class:  8.09 MB
        Both:  23.76 MB

MaxMetaspaceSize: unlimited
CompressedClassSpaceSize: 1.00 GB
Initial GC threshold: 21.00 MB
Current GC threshold: 111.88 MB
CDS: on
 - commit_granule_bytes: 65536.
 - commit_granule_words: 8192.
 - virtual_space_node_default_size: 8388608.
 - enlarge_chunks_in_place: 1.
 - use_allocation_guard: 0.


Internal statistics:

num_allocs_failed_limit: 9.
num_arena_births: 1440.
num_arena_deaths: 22.
num_vsnodes_births: 3.
num_vsnodes_deaths: 0.
num_space_committed: 1146.
num_space_uncommitted: 0.
num_chunks_returned_to_freelist: 35.
num_chunks_taken_from_freelist: 4922.
num_chunk_merges: 17.
num_chunk_splits: 2999.
num_chunks_enlarged: 1638.
num_inconsistent_stats: 0.

CodeHeap 'non-profiled nmethods': size=120000Kb used=10462Kb max_used=10462Kb free=109537Kb
 bounds [0x000001f8551b0000, 0x000001f855bf0000, 0x000001f85c6e0000]
CodeHeap 'profiled nmethods': size=120000Kb used=25534Kb max_used=27390Kb free=94465Kb
 bounds [0x000001f84d6e0000, 0x000001f84f1a0000, 0x000001f854c10000]
CodeHeap 'non-nmethods': size=5760Kb used=1476Kb max_used=1528Kb free=4283Kb
 bounds [0x000001f854c10000, 0x000001f854e80000, 0x000001f8551b0000]
 total_blobs=12908 nmethods=12109 adapters=703
 compilation: enabled
              stopped_count=0, restarted_count=0
 full_count=0

Compilation events (20 events):
Event: 214.233 Thread 0x000001f8608f2200 14075       3       lombok.eclipse.agent.PatchVal::matches (44 bytes)
Event: 214.234 Thread 0x000001f8608f2200 nmethod 14075 0x000001f84da9aa90 code [0x000001f84da9acc0, 0x000001f84da9b4d8]
Event: 214.234 Thread 0x000001f8608f2200 14076       3       org.eclipse.jdt.internal.compiler.parser.Parser::consumeInvocationExpression (1 bytes)
Event: 214.235 Thread 0x000001f8608f2200 nmethod 14076 0x000001f84da30f10 code [0x000001f84da310a0, 0x000001f84da311a8]
Event: 214.236 Thread 0x000001f8608f2200 14078       3       org.eclipse.jdt.internal.compiler.parser.Parser::consumeExpressionStatement (53 bytes)
Event: 214.236 Thread 0x000001f8608f2200 nmethod 14078 0x000001f84da09a90 code [0x000001f84da09c40, 0x000001f84da09e68]
Event: 214.236 Thread 0x000001f866d83d60 14077       4       org.eclipse.jdt.internal.compiler.parser.Parser::consumeToken (2264 bytes)
Event: 214.244 Thread 0x000001f8608f2200 14080       3       org.eclipse.jdt.internal.compiler.parser.Parser::newMessageSend (65 bytes)
Event: 214.245 Thread 0x000001f8608f2200 nmethod 14080 0x000001f84dc6ff10 code [0x000001f84dc70100, 0x000001f84dc706a0]
Event: 214.245 Thread 0x000001f8608f2200 14081       3       org.eclipse.jdt.internal.compiler.parser.Parser::createStringLiteral (13 bytes)
Event: 214.245 Thread 0x000001f8608f2200 nmethod 14081 0x000001f84da9a610 code [0x000001f84da9a7c0, 0x000001f84da9a980]
Event: 214.245 Thread 0x000001f8608f2200 14082       3       org.eclipse.jdt.internal.compiler.impl.JavaFeature::isSupported (22 bytes)
Event: 214.246 Thread 0x000001f8608f2200 nmethod 14082 0x000001f84da09610 code [0x000001f84da097c0, 0x000001f84da099a8]
Event: 214.246 Thread 0x000001f8608f2200 14083       3       org.eclipse.jdt.internal.compiler.SourceElementParser::addUnknownRef (55 bytes)
Event: 214.246 Thread 0x000001f8608f2200 nmethod 14083 0x000001f84e131f10 code [0x000001f84e132100, 0x000001f84e132730]
Event: 214.246 Thread 0x000001f8608f2200 14084   !   3       lombok.eclipse.TransformEclipseAST::transform (280 bytes)
Event: 214.250 Thread 0x000001f8608f2200 nmethod 14084 0x000001f84e196c10 code [0x000001f84e197180, 0x000001f84e1997c8]
Event: 214.250 Thread 0x000001f8608f2200 14087   !   3       lombok.core.FieldAugment$ReflectionFieldAugment::get (61 bytes)
Event: 214.251 Thread 0x000001f8608f2200 nmethod 14087 0x000001f84d970a10 code [0x000001f84d970ce0, 0x000001f84d9718f0]
Event: 214.251 Thread 0x000001f8608f2200 14088       3       lombok.eclipse.EclipseAST::buildTree (183 bytes)

GC Heap History (20 events):
Event: 96.054 GC heap before
{Heap before GC invocations=1379 (full 4):
 PSYoungGen      total 1536K, used 1344K [0x00000000eab00000, 0x00000000ead80000, 0x0000000100000000)
  eden space 1024K, 100% used [0x00000000eab00000,0x00000000eac00000,0x00000000eac00000)
  from space 512K, 62% used [0x00000000eac80000,0x00000000eacd0000,0x00000000ead00000)
  to   space 512K, 0% used [0x00000000ead00000,0x00000000ead00000,0x00000000ead80000)
 ParOldGen       total 243712K, used 243393K [0x00000000c0000000, 0x00000000cee00000, 0x00000000eab00000)
  object space 243712K, 99% used [0x00000000c0000000,0x00000000cedb07b0,0x00000000cee00000)
 Metaspace       used 70826K, committed 72448K, reserved 1114112K
  class space    used 7337K, committed 8000K, reserved 1048576K
}
Event: 96.055 GC heap after
{Heap after GC invocations=1379 (full 4):
 PSYoungGen      total 1536K, used 320K [0x00000000eab00000, 0x00000000ead80000, 0x0000000100000000)
  eden space 1024K, 0% used [0x00000000eab00000,0x00000000eab00000,0x00000000eac00000)
  from space 512K, 62% used [0x00000000ead00000,0x00000000ead50000,0x00000000ead80000)
  to   space 512K, 0% used [0x00000000eac80000,0x00000000eac80000,0x00000000ead00000)
 ParOldGen       total 243712K, used 243473K [0x00000000c0000000, 0x00000000cee00000, 0x00000000eab00000)
  object space 243712K, 99% used [0x00000000c0000000,0x00000000cedc47b0,0x00000000cee00000)
 Metaspace       used 70826K, committed 72448K, reserved 1114112K
  class space    used 7337K, committed 8000K, reserved 1048576K
}
Event: 96.059 GC heap before
{Heap before GC invocations=1380 (full 4):
 PSYoungGen      total 1536K, used 1344K [0x00000000eab00000, 0x00000000ead80000, 0x0000000100000000)
  eden space 1024K, 100% used [0x00000000eab00000,0x00000000eac00000,0x00000000eac00000)
  from space 512K, 62% used [0x00000000ead00000,0x00000000ead50000,0x00000000ead80000)
  to   space 512K, 0% used [0x00000000eac80000,0x00000000eac80000,0x00000000ead00000)
 ParOldGen       total 243712K, used 243473K [0x00000000c0000000, 0x00000000cee00000, 0x00000000eab00000)
  object space 243712K, 99% used [0x00000000c0000000,0x00000000cedc47b0,0x00000000cee00000)
 Metaspace       used 70913K, committed 72512K, reserved 1114112K
  class space    used 7358K, committed 8000K, reserved 1048576K
}
Event: 96.060 GC heap after
{Heap after GC invocations=1380 (full 4):
 PSYoungGen      total 1536K, used 320K [0x00000000eab00000, 0x00000000ead80000, 0x0000000100000000)
  eden space 1024K, 0% used [0x00000000eab00000,0x00000000eab00000,0x00000000eac00000)
  from space 512K, 62% used [0x00000000eac80000,0x00000000eacd0000,0x00000000ead00000)
  to   space 512K, 0% used [0x00000000ead00000,0x00000000ead00000,0x00000000ead80000)
 ParOldGen       total 243712K, used 243553K [0x00000000c0000000, 0x00000000cee00000, 0x00000000eab00000)
  object space 243712K, 99% used [0x00000000c0000000,0x00000000cedd87b0,0x00000000cee00000)
 Metaspace       used 70913K, committed 72512K, reserved 1114112K
  class space    used 7358K, committed 8000K, reserved 1048576K
}
Event: 96.070 GC heap before
{Heap before GC invocations=1381 (full 4):
 PSYoungGen      total 1536K, used 1327K [0x00000000eab00000, 0x00000000ead80000, 0x0000000100000000)
  eden space 1024K, 98% used [0x00000000eab00000,0x00000000eabfbea0,0x00000000eac00000)
  from space 512K, 62% used [0x00000000eac80000,0x00000000eacd0000,0x00000000ead00000)
  to   space 512K, 0% used [0x00000000ead00000,0x00000000ead00000,0x00000000ead80000)
 ParOldGen       total 243712K, used 243553K [0x00000000c0000000, 0x00000000cee00000, 0x00000000eab00000)
  object space 243712K, 99% used [0x00000000c0000000,0x00000000cedd87b0,0x00000000cee00000)
 Metaspace       used 71024K, committed 72640K, reserved 1114112K
  class space    used 7372K, committed 8064K, reserved 1048576K
}
Event: 96.071 GC heap after
{Heap after GC invocations=1381 (full 4):
 PSYoungGen      total 1536K, used 320K [0x00000000eab00000, 0x00000000ead80000, 0x0000000100000000)
  eden space 1024K, 0% used [0x00000000eab00000,0x00000000eab00000,0x00000000eac00000)
  from space 512K, 62% used [0x00000000ead00000,0x00000000ead50000,0x00000000ead80000)
  to   space 512K, 0% used [0x00000000eac80000,0x00000000eac80000,0x00000000ead00000)
 ParOldGen       total 243712K, used 243633K [0x00000000c0000000, 0x00000000cee00000, 0x00000000eab00000)
  object space 243712K, 99% used [0x00000000c0000000,0x00000000cedec7b0,0x00000000cee00000)
 Metaspace       used 71024K, committed 72640K, reserved 1114112K
  class space    used 7372K, committed 8064K, reserved 1048576K
}
Event: 96.080 GC heap before
{Heap before GC invocations=1382 (full 4):
 PSYoungGen      total 1536K, used 1344K [0x00000000eab00000, 0x00000000ead80000, 0x0000000100000000)
  eden space 1024K, 100% used [0x00000000eab00000,0x00000000eac00000,0x00000000eac00000)
  from space 512K, 62% used [0x00000000ead00000,0x00000000ead50000,0x00000000ead80000)
  to   space 512K, 0% used [0x00000000eac80000,0x00000000eac80000,0x00000000ead00000)
 ParOldGen       total 243712K, used 243633K [0x00000000c0000000, 0x00000000cee00000, 0x00000000eab00000)
  object space 243712K, 99% used [0x00000000c0000000,0x00000000cedec7b0,0x00000000cee00000)
 Metaspace       used 71173K, committed 72768K, reserved 1114112K
  class space    used 7383K, committed 8064K, reserved 1048576K
}
Event: 96.081 GC heap after
{Heap after GC invocations=1382 (full 4):
 PSYoungGen      total 1536K, used 320K [0x00000000eab00000, 0x00000000ead80000, 0x0000000100000000)
  eden space 1024K, 0% used [0x00000000eab00000,0x00000000eab00000,0x00000000eac00000)
  from space 512K, 62% used [0x00000000eac80000,0x00000000eacd0000,0x00000000ead00000)
  to   space 512K, 0% used [0x00000000ead00000,0x00000000ead00000,0x00000000ead80000)
 ParOldGen       total 243712K, used 243705K [0x00000000c0000000, 0x00000000cee00000, 0x00000000eab00000)
  object space 243712K, 99% used [0x00000000c0000000,0x00000000cedfe7b0,0x00000000cee00000)
 Metaspace       used 71173K, committed 72768K, reserved 1114112K
  class space    used 7383K, committed 8064K, reserved 1048576K
}
Event: 96.091 GC heap before
{Heap before GC invocations=1383 (full 4):
 PSYoungGen      total 1536K, used 1344K [0x00000000eab00000, 0x00000000ead80000, 0x0000000100000000)
  eden space 1024K, 100% used [0x00000000eab00000,0x00000000eac00000,0x00000000eac00000)
  from space 512K, 62% used [0x00000000eac80000,0x00000000eacd0000,0x00000000ead00000)
  to   space 512K, 0% used [0x00000000ead00000,0x00000000ead00000,0x00000000ead80000)
 ParOldGen       total 243712K, used 243705K [0x00000000c0000000, 0x00000000cee00000, 0x00000000eab00000)
  object space 243712K, 99% used [0x00000000c0000000,0x00000000cedfe7b0,0x00000000cee00000)
 Metaspace       used 71284K, committed 72896K, reserved 1179648K
  class space    used 7397K, committed 8064K, reserved 1048576K
}
Event: 96.091 GC heap after
{Heap after GC invocations=1383 (full 4):
 PSYoungGen      total 1536K, used 320K [0x00000000eab00000, 0x00000000ead80000, 0x0000000100000000)
  eden space 1024K, 0% used [0x00000000eab00000,0x00000000eab00000,0x00000000eac00000)
  from space 512K, 62% used [0x00000000ead00000,0x00000000ead50000,0x00000000ead80000)
  to   space 512K, 0% used [0x00000000eac80000,0x00000000eac80000,0x00000000ead00000)
 ParOldGen       total 244224K, used 243761K [0x00000000c0000000, 0x00000000cee80000, 0x00000000eab00000)
  object space 244224K, 99% used [0x00000000c0000000,0x00000000cee0c7b0,0x00000000cee80000)
 Metaspace       used 71284K, committed 72896K, reserved 1179648K
  class space    used 7397K, committed 8064K, reserved 1048576K
}
Event: 96.121 GC heap before
{Heap before GC invocations=1384 (full 4):
 PSYoungGen      total 1536K, used 1344K [0x00000000eab00000, 0x00000000ead80000, 0x0000000100000000)
  eden space 1024K, 100% used [0x00000000eab00000,0x00000000eac00000,0x00000000eac00000)
  from space 512K, 62% used [0x00000000ead00000,0x00000000ead50000,0x00000000ead80000)
  to   space 512K, 0% used [0x00000000eac80000,0x00000000eac80000,0x00000000ead00000)
 ParOldGen       total 244224K, used 243761K [0x00000000c0000000, 0x00000000cee80000, 0x00000000eab00000)
  object space 244224K, 99% used [0x00000000c0000000,0x00000000cee0c7b0,0x00000000cee80000)
 Metaspace       used 71394K, committed 72960K, reserved 1179648K
  class space    used 7411K, committed 8064K, reserved 1048576K
}
Event: 96.122 GC heap after
{Heap after GC invocations=1384 (full 4):
 PSYoungGen      total 1536K, used 320K [0x00000000eab00000, 0x00000000ead80000, 0x0000000100000000)
  eden space 1024K, 0% used [0x00000000eab00000,0x00000000eab00000,0x00000000eac00000)
  from space 512K, 62% used [0x00000000eac80000,0x00000000eacd0000,0x00000000ead00000)
  to   space 512K, 0% used [0x00000000ead00000,0x00000000ead00000,0x00000000ead80000)
 ParOldGen       total 244224K, used 243873K [0x00000000c0000000, 0x00000000cee80000, 0x00000000eab00000)
  object space 244224K, 99% used [0x00000000c0000000,0x00000000cee287c0,0x00000000cee80000)
 Metaspace       used 71394K, committed 72960K, reserved 1179648K
  class space    used 7411K, committed 8064K, reserved 1048576K
}
Event: 97.056 GC heap before
{Heap before GC invocations=1385 (full 4):
 PSYoungGen      total 1536K, used 1344K [0x00000000eab00000, 0x00000000ead80000, 0x0000000100000000)
  eden space 1024K, 100% used [0x00000000eab00000,0x00000000eac00000,0x00000000eac00000)
  from space 512K, 62% used [0x00000000eac80000,0x00000000eacd0000,0x00000000ead00000)
  to   space 512K, 0% used [0x00000000ead00000,0x00000000ead00000,0x00000000ead80000)
 ParOldGen       total 244224K, used 243873K [0x00000000c0000000, 0x00000000cee80000, 0x00000000eab00000)
  object space 244224K, 99% used [0x00000000c0000000,0x00000000cee287c0,0x00000000cee80000)
 Metaspace       used 71566K, committed 73152K, reserved 1179648K
  class space    used 7430K, committed 8128K, reserved 1048576K
}
Event: 97.057 GC heap after
{Heap after GC invocations=1385 (full 4):
 PSYoungGen      total 1536K, used 320K [0x00000000eab00000, 0x00000000ead80000, 0x0000000100000000)
  eden space 1024K, 0% used [0x00000000eab00000,0x00000000eab00000,0x00000000eac00000)
  from space 512K, 62% used [0x00000000ead00000,0x00000000ead50000,0x00000000ead80000)
  to   space 512K, 0% used [0x00000000eac80000,0x00000000eac80000,0x00000000ead00000)
 ParOldGen       total 244224K, used 243969K [0x00000000c0000000, 0x00000000cee80000, 0x00000000eab00000)
  object space 244224K, 99% used [0x00000000c0000000,0x00000000cee407c0,0x00000000cee80000)
 Metaspace       used 71566K, committed 73152K, reserved 1179648K
  class space    used 7430K, committed 8128K, reserved 1048576K
}
Event: 113.508 GC heap before
{Heap before GC invocations=1386 (full 4):
 PSYoungGen      total 1536K, used 1344K [0x00000000eab00000, 0x00000000ead80000, 0x0000000100000000)
  eden space 1024K, 100% used [0x00000000eab00000,0x00000000eac00000,0x00000000eac00000)
  from space 512K, 62% used [0x00000000ead00000,0x00000000ead50000,0x00000000ead80000)
  to   space 512K, 0% used [0x00000000eac80000,0x00000000eac80000,0x00000000ead00000)
 ParOldGen       total 244224K, used 243969K [0x00000000c0000000, 0x00000000cee80000, 0x00000000eab00000)
  object space 244224K, 99% used [0x00000000c0000000,0x00000000cee407c0,0x00000000cee80000)
 Metaspace       used 71620K, committed 73280K, reserved 1179648K
  class space    used 7440K, committed 8128K, reserved 1048576K
}
Event: 113.509 GC heap after
{Heap after GC invocations=1386 (full 4):
 PSYoungGen      total 1536K, used 288K [0x00000000eab00000, 0x00000000ead80000, 0x0000000100000000)
  eden space 1024K, 0% used [0x00000000eab00000,0x00000000eab00000,0x00000000eac00000)
  from space 512K, 56% used [0x00000000eac80000,0x00000000eacc8000,0x00000000ead00000)
  to   space 512K, 0% used [0x00000000ead00000,0x00000000ead00000,0x00000000ead80000)
 ParOldGen       total 244224K, used 244065K [0x00000000c0000000, 0x00000000cee80000, 0x00000000eab00000)
  object space 244224K, 99% used [0x00000000c0000000,0x00000000cee587c0,0x00000000cee80000)
 Metaspace       used 71620K, committed 73280K, reserved 1179648K
  class space    used 7440K, committed 8128K, reserved 1048576K
}
Event: 214.142 GC heap before
{Heap before GC invocations=1387 (full 4):
 PSYoungGen      total 1536K, used 1312K [0x00000000eab00000, 0x00000000ead80000, 0x0000000100000000)
  eden space 1024K, 100% used [0x00000000eab00000,0x00000000eac00000,0x00000000eac00000)
  from space 512K, 56% used [0x00000000eac80000,0x00000000eacc8000,0x00000000ead00000)
  to   space 512K, 0% used [0x00000000ead00000,0x00000000ead00000,0x00000000ead80000)
 ParOldGen       total 244224K, used 244065K [0x00000000c0000000, 0x00000000cee80000, 0x00000000eab00000)
  object space 244224K, 99% used [0x00000000c0000000,0x00000000cee587c0,0x00000000cee80000)
 Metaspace       used 71658K, committed 73280K, reserved 1179648K
  class space    used 7440K, committed 8128K, reserved 1048576K
}
Event: 214.144 GC heap after
{Heap after GC invocations=1387 (full 4):
 PSYoungGen      total 1536K, used 320K [0x00000000eab00000, 0x00000000ead80000, 0x0000000100000000)
  eden space 1024K, 0% used [0x00000000eab00000,0x00000000eab00000,0x00000000eac00000)
  from space 512K, 62% used [0x00000000ead00000,0x00000000ead50000,0x00000000ead80000)
  to   space 512K, 0% used [0x00000000eac80000,0x00000000eac80000,0x00000000ead00000)
 ParOldGen       total 244224K, used 244153K [0x00000000c0000000, 0x00000000cee80000, 0x00000000eab00000)
  object space 244224K, 99% used [0x00000000c0000000,0x00000000cee6e7c0,0x00000000cee80000)
 Metaspace       used 71658K, committed 73280K, reserved 1179648K
  class space    used 7440K, committed 8128K, reserved 1048576K
}
Event: 214.212 GC heap before
{Heap before GC invocations=1388 (full 4):
 PSYoungGen      total 1536K, used 1343K [0x00000000eab00000, 0x00000000ead80000, 0x0000000100000000)
  eden space 1024K, 99% used [0x00000000eab00000,0x00000000eabfffd8,0x00000000eac00000)
  from space 512K, 62% used [0x00000000ead00000,0x00000000ead50000,0x00000000ead80000)
  to   space 512K, 0% used [0x00000000eac80000,0x00000000eac80000,0x00000000ead00000)
 ParOldGen       total 244224K, used 244153K [0x00000000c0000000, 0x00000000cee80000, 0x00000000eab00000)
  object space 244224K, 99% used [0x00000000c0000000,0x00000000cee6e7c0,0x00000000cee80000)
 Metaspace       used 71678K, committed 73280K, reserved 1179648K
  class space    used 7441K, committed 8128K, reserved 1048576K
}
Event: 214.214 GC heap after
{Heap after GC invocations=1388 (full 4):
 PSYoungGen      total 1536K, used 224K [0x00000000eab00000, 0x00000000ead80000, 0x0000000100000000)
  eden space 1024K, 0% used [0x00000000eab00000,0x00000000eab00000,0x00000000eac00000)
  from space 512K, 43% used [0x00000000eac80000,0x00000000eacb8000,0x00000000ead00000)
  to   space 512K, 0% used [0x00000000ead00000,0x00000000ead00000,0x00000000ead80000)
 ParOldGen       total 244224K, used 244217K [0x00000000c0000000, 0x00000000cee80000, 0x00000000eab00000)
  object space 244224K, 99% used [0x00000000c0000000,0x00000000cee7e7c0,0x00000000cee80000)
 Metaspace       used 71678K, committed 73280K, reserved 1179648K
  class space    used 7441K, committed 8128K, reserved 1048576K
}

Dll operation events (11 events):
Event: 0.007 Loaded shared library c:\Users\User\.cursor\extensions\redhat.java-1.42.0-win32-x64\jre\21.0.7-win32-x86_64\bin\java.dll
Event: 0.035 Loaded shared library c:\Users\User\.cursor\extensions\redhat.java-1.42.0-win32-x64\jre\21.0.7-win32-x86_64\bin\zip.dll
Event: 0.114 Loaded shared library C:\Users\User\.cursor\extensions\redhat.java-1.42.0-win32-x64\jre\21.0.7-win32-x86_64\bin\instrument.dll
Event: 0.120 Loaded shared library C:\Users\User\.cursor\extensions\redhat.java-1.42.0-win32-x64\jre\21.0.7-win32-x86_64\bin\net.dll
Event: 0.123 Loaded shared library C:\Users\User\.cursor\extensions\redhat.java-1.42.0-win32-x64\jre\21.0.7-win32-x86_64\bin\nio.dll
Event: 0.127 Loaded shared library C:\Users\User\.cursor\extensions\redhat.java-1.42.0-win32-x64\jre\21.0.7-win32-x86_64\bin\zip.dll
Event: 0.145 Loaded shared library C:\Users\User\.cursor\extensions\redhat.java-1.42.0-win32-x64\jre\21.0.7-win32-x86_64\bin\jimage.dll
Event: 0.245 Loaded shared library c:\Users\User\.cursor\extensions\redhat.java-1.42.0-win32-x64\jre\21.0.7-win32-x86_64\bin\verify.dll
Event: 5.994 Loaded shared library C:\Users\User\AppData\Roaming\Cursor\User\globalStorage\redhat.java\1.42.0\config_win\org.eclipse.equinox.launcher\org.eclipse.equinox.launcher.win32.win32.x86_64_1.2.1300.v20250331-1702\eclipse_11911.dll
Event: 18.197 Loaded shared library C:\Users\User\AppData\Local\Temp\jna-2645995\jna496353251384448723.dll
Event: 95.807 Loaded shared library C:\Users\User\.cursor\extensions\redhat.java-1.42.0-win32-x64\jre\21.0.7-win32-x86_64\bin\extnet.dll

Deoptimization events (20 events):
Event: 214.220 Thread 0x000001f868a0bf90 Uncommon trap: trap_request=0xffffff45 fr.pc=0x000001f855803b54 relative=0x0000000000000dd4
Event: 214.220 Thread 0x000001f868a0bf90 Uncommon trap: reason=unstable_if action=reinterpret pc=0x000001f855803b54 method=sun.nio.cs.UTF_8$Decoder.decodeArrayLoop(Ljava/nio/ByteBuffer;Ljava/nio/CharBuffer;)Ljava/nio/charset/CoderResult; @ 284 c2
Event: 214.220 Thread 0x000001f868a0bf90 DEOPT PACKING pc=0x000001f855803b54 sp=0x0000005e96ffe220
Event: 214.220 Thread 0x000001f868a0bf90 DEOPT UNPACKING pc=0x000001f854c63aa2 sp=0x0000005e96ffe168 mode 2
Event: 214.228 Thread 0x000001f868a0bf90 Uncommon trap: trap_request=0xffffffde fr.pc=0x000001f855b08950 relative=0x0000000000000ab0
Event: 214.229 Thread 0x000001f868a0bf90 Uncommon trap: reason=class_check action=maybe_recompile pc=0x000001f855b08950 method=org.eclipse.jdt.internal.compiler.parser.Parser.consumeToken(Lorg/eclipse/jdt/internal/compiler/parser/TerminalToken;)V @ 599 c2
Event: 214.229 Thread 0x000001f868a0bf90 DEOPT PACKING pc=0x000001f855b08950 sp=0x0000005e96ffdc00
Event: 214.229 Thread 0x000001f868a0bf90 DEOPT UNPACKING pc=0x000001f854c63aa2 sp=0x0000005e96ffdb90 mode 2
Event: 214.229 Thread 0x000001f868a0bf90 Uncommon trap: trap_request=0xffffffde fr.pc=0x000001f855b087f4 relative=0x0000000000000954
Event: 214.229 Thread 0x000001f868a0bf90 Uncommon trap: reason=class_check action=maybe_recompile pc=0x000001f855b087f4 method=org.eclipse.jdt.internal.compiler.parser.Parser.consumeToken(Lorg/eclipse/jdt/internal/compiler/parser/TerminalToken;)V @ 1866 c2
Event: 214.229 Thread 0x000001f868a0bf90 DEOPT PACKING pc=0x000001f855b087f4 sp=0x0000005e96ffdc00
Event: 214.229 Thread 0x000001f868a0bf90 DEOPT UNPACKING pc=0x000001f854c63aa2 sp=0x0000005e96ffdb98 mode 2
Event: 214.232 Thread 0x000001f868a0bf90 Uncommon trap: trap_request=0xffffffde fr.pc=0x000001f855b087f4 relative=0x0000000000000954
Event: 214.232 Thread 0x000001f868a0bf90 Uncommon trap: reason=class_check action=maybe_recompile pc=0x000001f855b087f4 method=org.eclipse.jdt.internal.compiler.parser.Parser.consumeToken(Lorg/eclipse/jdt/internal/compiler/parser/TerminalToken;)V @ 1866 c2
Event: 214.232 Thread 0x000001f868a0bf90 DEOPT PACKING pc=0x000001f855b087f4 sp=0x0000005e96ffdc00
Event: 214.232 Thread 0x000001f868a0bf90 DEOPT UNPACKING pc=0x000001f854c63aa2 sp=0x0000005e96ffdb98 mode 2
Event: 214.235 Thread 0x000001f868a0bf90 Uncommon trap: trap_request=0xffffffde fr.pc=0x000001f855b087f4 relative=0x0000000000000954
Event: 214.235 Thread 0x000001f868a0bf90 Uncommon trap: reason=class_check action=maybe_recompile pc=0x000001f855b087f4 method=org.eclipse.jdt.internal.compiler.parser.Parser.consumeToken(Lorg/eclipse/jdt/internal/compiler/parser/TerminalToken;)V @ 1866 c2
Event: 214.235 Thread 0x000001f868a0bf90 DEOPT PACKING pc=0x000001f855b087f4 sp=0x0000005e96ffdc00
Event: 214.235 Thread 0x000001f868a0bf90 DEOPT UNPACKING pc=0x000001f854c63aa2 sp=0x0000005e96ffdb98 mode 2

Classes loaded (20 events):
Event: 96.116 Loading class java/util/stream/SliceOps
Event: 96.116 Loading class java/util/stream/SliceOps done
Event: 96.116 Loading class java/util/stream/SliceOps$1
Event: 96.116 Loading class java/util/stream/SliceOps$1 done
Event: 96.120 Loading class java/util/stream/SliceOps$1$1
Event: 96.120 Loading class java/util/stream/SliceOps$1$1 done
Event: 96.130 Loading class java/util/concurrent/CompletableFuture$UniWhenComplete
Event: 96.130 Loading class java/util/concurrent/CompletableFuture$UniWhenComplete done
Event: 96.131 Loading class java/util/concurrent/CompletableFuture$UniCompose
Event: 96.131 Loading class java/util/concurrent/CompletableFuture$UniCompose done
Event: 96.131 Loading class java/util/concurrent/CompletableFuture$UniRelay
Event: 96.131 Loading class java/util/concurrent/CompletableFuture$UniRelay done
Event: 96.984 Loading class java/util/concurrent/ScheduledThreadPoolExecutor$DelayedWorkQueue$Itr
Event: 96.984 Loading class java/util/concurrent/ScheduledThreadPoolExecutor$DelayedWorkQueue$Itr done
Event: 97.058 Loading class java/lang/ProcessHandleImpl$ExitCompletion
Event: 97.059 Loading class java/lang/ProcessHandleImpl$ExitCompletion done
Event: 97.059 Loading class java/lang/ProcessHandleImpl$1
Event: 97.059 Loading class java/lang/ProcessHandleImpl$1 done
Event: 97.060 Loading class java/util/concurrent/CompletableFuture$UniHandle
Event: 97.061 Loading class java/util/concurrent/CompletableFuture$UniHandle done

Classes unloaded (11 events):
Event: 18.728 Thread 0x000001f85e8c4030 Unloading class 0x000001f8011a4800 'java/lang/invoke/LambdaForm$MH+0x000001f8011a4800'
Event: 18.728 Thread 0x000001f85e8c4030 Unloading class 0x000001f8011a4400 'java/lang/invoke/LambdaForm$MH+0x000001f8011a4400'
Event: 18.728 Thread 0x000001f85e8c4030 Unloading class 0x000001f8011a4000 'java/lang/invoke/LambdaForm$MH+0x000001f8011a4000'
Event: 18.728 Thread 0x000001f85e8c4030 Unloading class 0x000001f8011a3c00 'java/lang/invoke/LambdaForm$MH+0x000001f8011a3c00'
Event: 18.728 Thread 0x000001f85e8c4030 Unloading class 0x000001f8011a3800 'java/lang/invoke/LambdaForm$BMH+0x000001f8011a3800'
Event: 18.728 Thread 0x000001f85e8c4030 Unloading class 0x000001f8011a3400 'java/lang/invoke/LambdaForm$DMH+0x000001f8011a3400'
Event: 18.728 Thread 0x000001f85e8c4030 Unloading class 0x000001f8011a2400 'java/lang/invoke/LambdaForm$DMH+0x000001f8011a2400'
Event: 45.471 Thread 0x000001f85e8c4030 Unloading class 0x000001f8016c0000 'java/lang/invoke/LambdaForm$DMH+0x000001f8016c0000'
Event: 45.471 Thread 0x000001f85e8c4030 Unloading class 0x000001f8016c0400 'java/lang/invoke/LambdaForm$DMH+0x000001f8016c0400'
Event: 45.471 Thread 0x000001f85e8c4030 Unloading class 0x000001f8016b9c00 'java/lang/invoke/LambdaForm$DMH+0x000001f8016b9c00'
Event: 45.471 Thread 0x000001f85e8c4030 Unloading class 0x000001f8016b9400 'java/lang/invoke/LambdaForm$DMH+0x000001f8016b9400'

Classes redefined (0 events):
No events

Internal exceptions (20 events):
Event: 95.598 Thread 0x000001f8685568d0 Exception <a 'sun/nio/fs/WindowsException'{0x00000000eabe0770}> (0x00000000eabe0770) 
thrown [s\src\hotspot\share\prims\jni.cpp, line 520]
Event: 95.598 Thread 0x000001f8685568d0 Exception <a 'sun/nio/fs/WindowsException'{0x00000000eabe12d8}> (0x00000000eabe12d8) 
thrown [s\src\hotspot\share\prims\jni.cpp, line 520]
Event: 95.599 Thread 0x000001f8685568d0 Exception <a 'sun/nio/fs/WindowsException'{0x00000000eabe25f8}> (0x00000000eabe25f8) 
thrown [s\src\hotspot\share\prims\jni.cpp, line 520]
Event: 95.599 Thread 0x000001f8685568d0 Exception <a 'sun/nio/fs/WindowsException'{0x00000000eabe3160}> (0x00000000eabe3160) 
thrown [s\src\hotspot\share\prims\jni.cpp, line 520]
Event: 95.599 Thread 0x000001f8685568d0 Exception <a 'sun/nio/fs/WindowsException'{0x00000000eabe50f0}> (0x00000000eabe50f0) 
thrown [s\src\hotspot\share\prims\jni.cpp, line 520]
Event: 95.599 Thread 0x000001f8685568d0 Exception <a 'sun/nio/fs/WindowsException'{0x00000000eabe59a8}> (0x00000000eabe59a8) 
thrown [s\src\hotspot\share\prims\jni.cpp, line 520]
Event: 95.604 Thread 0x000001f8685568d0 Exception <a 'sun/nio/fs/WindowsException'{0x00000000eab03e88}> (0x00000000eab03e88) 
thrown [s\src\hotspot\share\prims\jni.cpp, line 520]
Event: 95.604 Thread 0x000001f8685568d0 Exception <a 'sun/nio/fs/WindowsException'{0x00000000eab049f0}> (0x00000000eab049f0) 
thrown [s\src\hotspot\share\prims\jni.cpp, line 520]
Event: 95.838 Thread 0x000001f868563e40 Exception <a 'java/io/FileNotFoundException'{0x00000000eab1db60}> (0x00000000eab1db60) 
thrown [s\src\hotspot\share\prims\jni.cpp, line 520]
Event: 96.053 Thread 0x000001f868563e40 Exception <a 'java/lang/NoSuchMethodError'{0x00000000eabd81b8}: 'java.lang.Object java.lang.invoke.DirectMethodHandle$Holder.invokeVirtual(java.lang.Object, java.lang.Object, java.lang.Object, java.lang.Object)'> (0x00000000eabd81b8) 
thrown [s\src\hotspot\share\interpreter\linkResolver.cpp, line 773]
Event: 96.090 Thread 0x000001f868563120 Exception <a 'java/lang/NoSuchMethodError'{0x00000000eabeafb0}: 'java.lang.Object java.lang.invoke.DirectMethodHandle$Holder.invokeStatic(java.lang.Object, long, java.lang.Object, java.lang.Object)'> (0x00000000eabeafb0) 
thrown [s\src\hotspot\share\interpreter\linkResolver.cpp, line 773]
Event: 96.113 Thread 0x000001f868563120 Exception <a 'sun/nio/fs/WindowsException'{0x00000000eaba4590}> (0x00000000eaba4590) 
thrown [s\src\hotspot\share\prims\jni.cpp, line 520]
Event: 96.113 Thread 0x000001f868563120 Exception <a 'sun/nio/fs/WindowsException'{0x00000000eaba5858}> (0x00000000eaba5858) 
thrown [s\src\hotspot\share\prims\jni.cpp, line 520]
Event: 96.129 Thread 0x000001f868563120 Exception <a 'java/lang/NoSuchMethodError'{0x00000000eab2db48}: 'void java.lang.invoke.DirectMethodHandle$Holder.invokeStatic(java.lang.Object, java.lang.Object, java.lang.Object, java.lang.Object, java.lang.Object, java.lang.Object, java.lang.Object)'> (0x00000000eab2db48) 
thrown [s\src\hotspot\share\interpreter\linkResolver.cpp, line 773]
Event: 96.390 Thread 0x000001f868a0bf90 Exception <a 'java/lang/IncompatibleClassChangeError'{0x00000000eab4f1b0}: Found class java.lang.Object, but interface was expected> (0x00000000eab4f1b0) 
thrown [s\src\hotspot\share\interpreter\linkResolver.cpp, line 840]
Event: 96.925 Thread 0x000001f868564b60 Exception <a 'java/lang/NoSuchMethodError'{0x00000000eab6bf40}: 'long java.lang.invoke.DelegatingMethodHandle$Holder.reinvoke_L(java.lang.Object, java.lang.Object)'> (0x00000000eab6bf40) 
thrown [s\src\hotspot\share\interpreter\linkResolver.cpp, line 773]
Event: 96.926 Thread 0x000001f868564b60 Exception <a 'java/lang/NoSuchMethodError'{0x00000000eab76ab0}: 'void java.lang.invoke.DelegatingMethodHandle$Holder.reinvoke_L(java.lang.Object, java.lang.Object, long)'> (0x00000000eab76ab0) 
thrown [s\src\hotspot\share\interpreter\linkResolver.cpp, line 773]
Event: 97.062 Thread 0x000001f868564b60 Exception <a 'java/lang/NoSuchMethodError'{0x00000000eab3ccd8}: 'long java.lang.invoke.Invokers$Holder.invokeExact_MT(java.lang.Object, java.lang.Object, java.lang.Object)'> (0x00000000eab3ccd8) 
thrown [s\src\hotspot\share\interpreter\linkResolver.cpp, line 773]
Event: 214.134 Thread 0x000001f868a0bf90 Implicit null exception at 0x000001f855b8ddd8 to 0x000001f855b8f38c
Event: 214.201 Thread 0x000001f868a0bf90 Implicit null exception at 0x000001f855b93929 to 0x000001f855b950c4

ZGC Phase Switch (0 events):
No events

VM Operations (20 events):
Event: 120.251 Executing VM operation: RendezvousGCThreads
Event: 120.251 Executing VM operation: RendezvousGCThreads done
Event: 122.277 Executing VM operation: Cleanup
Event: 122.277 Executing VM operation: Cleanup done
Event: 125.319 Executing VM operation: Cleanup
Event: 125.319 Executing VM operation: Cleanup done
Event: 154.660 Executing VM operation: Cleanup
Event: 154.660 Executing VM operation: Cleanup done
Event: 155.673 Executing VM operation: Cleanup
Event: 155.673 Executing VM operation: Cleanup done
Event: 156.680 Executing VM operation: Cleanup
Event: 156.680 Executing VM operation: Cleanup done
Event: 180.482 Executing VM operation: HandshakeAllThreads (HandshakeForDeflation)
Event: 180.482 Executing VM operation: HandshakeAllThreads (HandshakeForDeflation) done
Event: 180.482 Executing VM operation: RendezvousGCThreads
Event: 180.482 Executing VM operation: RendezvousGCThreads done
Event: 214.142 Executing VM operation: ParallelGCFailedAllocation (Allocation Failure)
Event: 214.144 Executing VM operation: ParallelGCFailedAllocation (Allocation Failure) done
Event: 214.212 Executing VM operation: ParallelGCFailedAllocation (Allocation Failure)
Event: 214.214 Executing VM operation: ParallelGCFailedAllocation (Allocation Failure) done

Memory protections (0 events):
No events

Nmethod flushes (20 events):
Event: 45.501 Thread 0x000001f85e8c4030 flushing  nmethod 0x000001f84e8b2e10
Event: 45.501 Thread 0x000001f85e8c4030 flushing  nmethod 0x000001f84e8b3b10
Event: 45.501 Thread 0x000001f85e8c4030 flushing  nmethod 0x000001f84e8b4190
Event: 45.501 Thread 0x000001f85e8c4030 flushing osr nmethod 0x000001f84e8c2390
Event: 45.501 Thread 0x000001f85e8c4030 flushing  nmethod 0x000001f84e8c4110
Event: 45.501 Thread 0x000001f85e8c4030 flushing  nmethod 0x000001f84e8c5190
Event: 45.501 Thread 0x000001f85e8c4030 flushing  nmethod 0x000001f84e8c6e10
Event: 45.501 Thread 0x000001f85e8c4030 flushing  nmethod 0x000001f84e8cbb10
Event: 45.501 Thread 0x000001f85e8c4030 flushing  nmethod 0x000001f84e8ccf10
Event: 45.501 Thread 0x000001f85e8c4030 flushing  nmethod 0x000001f84e8ce790
Event: 45.501 Thread 0x000001f85e8c4030 flushing  nmethod 0x000001f84e8cf510
Event: 45.501 Thread 0x000001f85e8c4030 flushing osr nmethod 0x000001f84e8d0a90
Event: 45.501 Thread 0x000001f85e8c4030 flushing  nmethod 0x000001f84e8d2890
Event: 45.501 Thread 0x000001f85e8c4030 flushing  nmethod 0x000001f84e8d2f10
Event: 45.501 Thread 0x000001f85e8c4030 flushing  nmethod 0x000001f84e8d6390
Event: 45.501 Thread 0x000001f85e8c4030 flushing  nmethod 0x000001f84e90c910
Event: 45.501 Thread 0x000001f85e8c4030 flushing osr nmethod 0x000001f84e91a410
Event: 45.501 Thread 0x000001f85e8c4030 flushing  nmethod 0x000001f84e92f190
Event: 45.501 Thread 0x000001f85e8c4030 flushing  nmethod 0x000001f84e92f810
Event: 45.501 Thread 0x000001f85e8c4030 flushing  nmethod 0x000001f84e930090

Events (20 events):
Event: 95.985 Thread 0x000001f868563e40 Thread added: 0x000001f8685616e0
Event: 96.088 Thread 0x000001f868563e40 Thread added: 0x000001f868563120
Event: 96.127 Thread 0x000001f868563120 Thread added: 0x000001f8685609c0
Event: 96.924 Thread 0x000001f868563e40 Thread added: 0x000001f868564b60
Event: 96.924 Thread 0x000001f8685609c0 Thread exited: 0x000001f8685609c0
Event: 97.057 Thread 0x000001f8658ef790 Thread exited: 0x000001f8658ef790
Event: 97.060 Thread 0x000001f868564b60 Thread added: 0x000001f868560330
Event: 97.063 Thread 0x000001f868564b60 Thread exited: 0x000001f868564b60
Event: 102.287 Thread 0x000001f8658efe60 Thread exited: 0x000001f8658efe60
Event: 114.492 Thread 0x000001f860973f50 Thread exited: 0x000001f860973f50
Event: 115.492 Thread 0x000001f860976020 Thread exited: 0x000001f860976020
Event: 115.492 Thread 0x000001f860972510 Thread exited: 0x000001f860972510
Event: 115.492 Thread 0x000001f868a07df0 Thread exited: 0x000001f868a07df0
Event: 145.478 Thread 0x000001f868a0ccb0 Thread exited: 0x000001f868a0ccb0
Event: 199.802 Thread 0x000001f8685568d0 Thread exited: 0x000001f8685568d0
Event: 205.493 Thread 0x000001f868a063b0 Thread exited: 0x000001f868a063b0
Event: 214.149 Thread 0x000001f868a0bf90 Thread added: 0x000001f868564b60
Event: 214.214 Thread 0x000001f868564b60 Thread added: 0x000001f8685651f0
Event: 214.219 Thread 0x000001f8608f2200 Thread added: 0x000001f866d85f70
Event: 214.236 Thread 0x000001f8608f2200 Thread added: 0x000001f866d83d60


Dynamic libraries:
0x00007ff69d8d0000 - 0x00007ff69d8de000 	c:\Users\User\.cursor\extensions\redhat.java-1.42.0-win32-x64\jre\21.0.7-win32-x86_64\bin\java.exe
0x00007ffd1d950000 - 0x00007ffd1db48000 	C:\Windows\SYSTEM32\ntdll.dll
0x00007ffd1bb20000 - 0x00007ffd1bbe2000 	C:\Windows\System32\KERNEL32.DLL
0x00007ffd1b2f0000 - 0x00007ffd1b5e6000 	C:\Windows\System32\KERNELBASE.dll
0x00007ffd1b840000 - 0x00007ffd1b940000 	C:\Windows\System32\ucrtbase.dll
0x00007ffd16af0000 - 0x00007ffd16b08000 	c:\Users\User\.cursor\extensions\redhat.java-1.42.0-win32-x64\jre\21.0.7-win32-x86_64\bin\jli.dll
0x00007ffd12990000 - 0x00007ffd129ae000 	c:\Users\User\.cursor\extensions\redhat.java-1.42.0-win32-x64\jre\21.0.7-win32-x86_64\bin\VCRUNTIME140.dll
0x00007ffd1be20000 - 0x00007ffd1bfbd000 	C:\Windows\System32\USER32.dll
0x00007ffd01690000 - 0x00007ffd0192a000 	C:\Windows\WinSxS\amd64_microsoft.windows.common-controls_6595b64144ccf1df_6.0.19041.5915_none_60b4b9d171f9c7c7\COMCTL32.dll
0x00007ffd1b100000 - 0x00007ffd1b122000 	C:\Windows\System32\win32u.dll
0x00007ffd1ba80000 - 0x00007ffd1bb1e000 	C:\Windows\System32\msvcrt.dll
0x00007ffd1c5e0000 - 0x00007ffd1c60b000 	C:\Windows\System32\GDI32.dll
0x00007ffd1afe0000 - 0x00007ffd1b0f9000 	C:\Windows\System32\gdi32full.dll
0x00007ffd1b640000 - 0x00007ffd1b6dd000 	C:\Windows\System32\msvcp_win.dll
0x00007ffd1cbb0000 - 0x00007ffd1cbdf000 	C:\Windows\System32\IMM32.DLL
0x00007ffd16ab0000 - 0x00007ffd16abc000 	c:\Users\User\.cursor\extensions\redhat.java-1.42.0-win32-x64\jre\21.0.7-win32-x86_64\bin\vcruntime140_1.dll
0x00007ffd0ed30000 - 0x00007ffd0edbd000 	c:\Users\User\.cursor\extensions\redhat.java-1.42.0-win32-x64\jre\21.0.7-win32-x86_64\bin\msvcp140.dll
0x00007ffcd0a90000 - 0x00007ffcd1820000 	c:\Users\User\.cursor\extensions\redhat.java-1.42.0-win32-x64\jre\21.0.7-win32-x86_64\bin\server\jvm.dll
0x00007ffd1bbf0000 - 0x00007ffd1bca1000 	C:\Windows\System32\ADVAPI32.dll
0x00007ffd1bd60000 - 0x00007ffd1bdff000 	C:\Windows\System32\sechost.dll
0x00007ffd1d4f0000 - 0x00007ffd1d613000 	C:\Windows\System32\RPCRT4.dll
0x00007ffd1b940000 - 0x00007ffd1b967000 	C:\Windows\System32\bcrypt.dll
0x00007ffd1d480000 - 0x00007ffd1d4eb000 	C:\Windows\System32\WS2_32.dll
0x00007ffd1ad90000 - 0x00007ffd1addb000 	C:\Windows\SYSTEM32\POWRPROF.dll
0x00007ffd16b60000 - 0x00007ffd16b87000 	C:\Windows\SYSTEM32\WINMM.dll
0x00007ffd039c0000 - 0x00007ffd039ca000 	C:\Windows\SYSTEM32\VERSION.dll
0x00007ffd1ad70000 - 0x00007ffd1ad82000 	C:\Windows\SYSTEM32\UMPDC.dll
0x00007ffd197c0000 - 0x00007ffd197d2000 	C:\Windows\SYSTEM32\kernel.appcore.dll
0x00007ffd16a60000 - 0x00007ffd16a6a000 	c:\Users\User\.cursor\extensions\redhat.java-1.42.0-win32-x64\jre\21.0.7-win32-x86_64\bin\jimage.dll
0x00007ffd19430000 - 0x00007ffd19631000 	C:\Windows\SYSTEM32\DBGHELP.DLL
0x00007ffd149a0000 - 0x00007ffd149d4000 	C:\Windows\SYSTEM32\dbgcore.DLL
0x00007ffd1b1e0000 - 0x00007ffd1b262000 	C:\Windows\System32\bcryptPrimitives.dll
0x00007ffd12be0000 - 0x00007ffd12bef000 	c:\Users\User\.cursor\extensions\redhat.java-1.42.0-win32-x64\jre\21.0.7-win32-x86_64\bin\instrument.dll
0x00007ffd11640000 - 0x00007ffd1165f000 	c:\Users\User\.cursor\extensions\redhat.java-1.42.0-win32-x64\jre\21.0.7-win32-x86_64\bin\java.dll
0x00007ffd1cbe0000 - 0x00007ffd1d34e000 	C:\Windows\System32\SHELL32.dll
0x00007ffd18b70000 - 0x00007ffd19314000 	C:\Windows\SYSTEM32\windows.storage.dll
0x00007ffd1c0b0000 - 0x00007ffd1c403000 	C:\Windows\System32\combase.dll
0x00007ffd1a860000 - 0x00007ffd1a88b000 	C:\Windows\SYSTEM32\Wldp.dll
0x00007ffd1d3b0000 - 0x00007ffd1d47d000 	C:\Windows\System32\OLEAUT32.dll
0x00007ffd1bcb0000 - 0x00007ffd1bd5d000 	C:\Windows\System32\SHCORE.dll
0x00007ffd1d8b0000 - 0x00007ffd1d90b000 	C:\Windows\System32\shlwapi.dll
0x00007ffd1af10000 - 0x00007ffd1af35000 	C:\Windows\SYSTEM32\profapi.dll
0x00007ffd0ef70000 - 0x00007ffd0ef88000 	c:\Users\User\.cursor\extensions\redhat.java-1.42.0-win32-x64\jre\21.0.7-win32-x86_64\bin\zip.dll
0x00007ffd12b50000 - 0x00007ffd12b60000 	C:\Users\User\.cursor\extensions\redhat.java-1.42.0-win32-x64\jre\21.0.7-win32-x86_64\bin\net.dll
0x00007ffd17070000 - 0x00007ffd1717a000 	C:\Windows\SYSTEM32\WINHTTP.dll
0x00007ffd1a640000 - 0x00007ffd1a6aa000 	C:\Windows\system32\mswsock.dll
0x00007ffd0ed10000 - 0x00007ffd0ed26000 	C:\Users\User\.cursor\extensions\redhat.java-1.42.0-win32-x64\jre\21.0.7-win32-x86_64\bin\nio.dll
0x00007ffd12a60000 - 0x00007ffd12a70000 	c:\Users\User\.cursor\extensions\redhat.java-1.42.0-win32-x64\jre\21.0.7-win32-x86_64\bin\verify.dll
0x00007ffce39b0000 - 0x00007ffce39f5000 	C:\Users\User\AppData\Roaming\Cursor\User\globalStorage\redhat.java\1.42.0\config_win\org.eclipse.equinox.launcher\org.eclipse.equinox.launcher.win32.win32.x86_64_1.2.1300.v20250331-1702\eclipse_11911.dll
0x00007ffd1c610000 - 0x00007ffd1c73b000 	C:\Windows\System32\ole32.dll
0x00007ffd1a8a0000 - 0x00007ffd1a8b8000 	C:\Windows\SYSTEM32\CRYPTSP.dll
0x00007ffd19f80000 - 0x00007ffd19fb8000 	C:\Windows\system32\rsaenh.dll
0x00007ffd1aed0000 - 0x00007ffd1aefe000 	C:\Windows\SYSTEM32\USERENV.dll
0x00007ffd1a7d0000 - 0x00007ffd1a7dc000 	C:\Windows\SYSTEM32\CRYPTBASE.dll
0x00007ffd1a340000 - 0x00007ffd1a37b000 	C:\Windows\SYSTEM32\IPHLPAPI.DLL
0x00007ffd1be00000 - 0x00007ffd1be08000 	C:\Windows\System32\NSI.dll
0x00007ffce3120000 - 0x00007ffce3169000 	C:\Users\User\AppData\Local\Temp\jna-2645995\jna496353251384448723.dll
0x00007ffd1be10000 - 0x00007ffd1be18000 	C:\Windows\System32\PSAPI.DLL
0x00007ffd127e0000 - 0x00007ffd127f7000 	C:\Windows\SYSTEM32\dhcpcsvc6.DLL
0x00007ffd14550000 - 0x00007ffd1456d000 	C:\Windows\SYSTEM32\dhcpcsvc.DLL
0x00007ffd0ed00000 - 0x00007ffd0ed09000 	C:\Users\User\.cursor\extensions\redhat.java-1.42.0-win32-x64\jre\21.0.7-win32-x86_64\bin\extnet.dll

dbghelp: loaded successfully - version: 4.0.5 - missing functions: none
symbol engine: initialized successfully - sym options: 0x614 - pdb path: .;c:\Users\User\.cursor\extensions\redhat.java-1.42.0-win32-x64\jre\21.0.7-win32-x86_64\bin;C:\Windows\SYSTEM32;C:\Windows\WinSxS\amd64_microsoft.windows.common-controls_6595b64144ccf1df_6.0.19041.5915_none_60b4b9d171f9c7c7;c:\Users\User\.cursor\extensions\redhat.java-1.42.0-win32-x64\jre\21.0.7-win32-x86_64\bin\server;C:\Users\User\AppData\Roaming\Cursor\User\globalStorage\redhat.java\1.42.0\config_win\org.eclipse.equinox.launcher\org.eclipse.equinox.launcher.win32.win32.x86_64_1.2.1300.v20250331-1702;C:\Users\User\AppData\Local\Temp\jna-2645995

VM Arguments:
jvm_args: --add-modules=ALL-SYSTEM --add-opens=java.base/java.util=ALL-UNNAMED --add-opens=java.base/java.lang=ALL-UNNAMED --add-opens=java.base/sun.nio.fs=ALL-UNNAMED -Declipse.application=org.eclipse.jdt.ls.core.id1 -Dosgi.bundles.defaultStartLevel=4 -Declipse.product=org.eclipse.jdt.ls.core.product -Djava.import.generatesMetadataFilesAtProjectRoot=false -DDetectVMInstallationsJob.disabled=true -Dfile.encoding=utf8 -XX:+UseParallelGC -XX:GCTimeRatio=4 -XX:AdaptiveSizePolicyWeight=90 -Dsun.zip.disableMemoryMapping=true -Xmx1G -Xms100m -Xlog:disable -javaagent:c:\Users\User\.cursor\extensions\redhat.java-1.42.0-win32-x64\lombok\lombok-1.18.36.jar -XX:+HeapDumpOnOutOfMemoryError -XX:HeapDumpPath=c:\Users\User\AppData\Roaming\Cursor\User\workspaceStorage\fb4cb7763bfdb7dea2b9368661ef918c\redhat.java -Daether.dependencyCollector.impl=bf 
java_command: c:\Users\User\.cursor\extensions\redhat.java-1.42.0-win32-x64\server\plugins\org.eclipse.equinox.launcher_1.7.0.v20250424-1814.jar -configuration c:\Users\User\AppData\Roaming\Cursor\User\globalStorage\redhat.java\1.42.0\config_win -data c:\Users\User\AppData\Roaming\Cursor\User\workspaceStorage\fb4cb7763bfdb7dea2b9368661ef918c\redhat.java\jdt_ws --pipe=\\.\pipe\lsp-f2e9756b1900b1a85e0f335d1dcec7dd-sock
java_class_path (initial): c:\Users\User\.cursor\extensions\redhat.java-1.42.0-win32-x64\server\plugins\org.eclipse.equinox.launcher_1.7.0.v20250424-1814.jar
Launcher Type: SUN_STANDARD

[Global flags]
    uintx AdaptiveSizePolicyWeight                 = 90                                        {product} {command line}
     intx CICompilerCount                          = 4                                         {product} {ergonomic}
    uintx GCTimeRatio                              = 4                                         {product} {command line}
     bool HeapDumpOnOutOfMemoryError               = true                                   {manageable} {command line}
    ccstr HeapDumpPath                             = c:\Users\User\AppData\Roaming\Cursor\User\workspaceStorage\fb4cb7763bfdb7dea2b9368661ef918c\redhat.java         {manageable} {command line}
   size_t InitialHeapSize                          = 104857600                                 {product} {command line}
   size_t MaxHeapSize                              = 1073741824                                {product} {command line}
   size_t MaxNewSize                               = 357564416                                 {product} {ergonomic}
   size_t MinHeapDeltaBytes                        = 524288                                    {product} {ergonomic}
   size_t MinHeapSize                              = 104857600                                 {product} {command line}
   size_t NewSize                                  = 34603008                                  {product} {ergonomic}
    uintx NonNMethodCodeHeapSize                   = 5839372                                {pd product} {ergonomic}
    uintx NonProfiledCodeHeapSize                  = 122909434                              {pd product} {ergonomic}
   size_t OldSize                                  = 70254592                                  {product} {ergonomic}
    uintx ProfiledCodeHeapSize                     = 122909434                              {pd product} {ergonomic}
    uintx ReservedCodeCacheSize                    = 251658240                              {pd product} {ergonomic}
     bool SegmentedCodeCache                       = true                                      {product} {ergonomic}
   size_t SoftMaxHeapSize                          = 1073741824                             {manageable} {ergonomic}
     bool UseCompressedOops                        = true                           {product lp64_product} {ergonomic}
     bool UseLargePagesIndividualAllocation        = false                                  {pd product} {ergonomic}
     bool UseParallelGC                            = true                                      {product} {command line}

Logging:
Log output configuration:
 #0: stdout all=off uptime,level,tags foldmultilines=false
 #1: stderr all=off uptime,level,tags foldmultilines=false

Environment Variables:
PATH=C:\Program Files\Common Files\Oracle\Java\javapath;C:\Windows\system32;C:\Windows;C:\Windows\System32\Wbem;C:\Windows\System32\WindowsPowerShell\v1.0\;C:\Windows\System32\OpenSSH\;C:\Program Files\dotnet\;C:\Program Files\Git\cmd;C:\Program Files (x86)\Microsoft SQL Server\160\Tools\Binn\;C:\Program Files\Microsoft SQL Server\160\Tools\Binn\;C:\Program Files\Microsoft SQL Server\Client SDK\ODBC\170\Tools\Binn\;C:\Program Files\Microsoft SQL Server\160\DTS\Binn\;C:\Program Files (x86)\Microsoft SQL Server\160\DTS\Binn\;C:\Program Files (x86)\dotnet\;D:\apache-maven-3.9.9\bin;D:\;C:\Program Files\Docker\Docker\resources\bin;C:\Users\User\AppData\Local\Programs\Python\Python310\Scripts\;C:\Users\User\AppData\Local\Programs\Python\Python310\;C:\Users\User\AppData\Local\Microsoft\WindowsApps;C:\Users\User\AppData\Local\Programs\Microsoft VS Code\bin;D:\apache-maven-3.9.9\bin;D:\cursor\resources\app\bin;C:\Users\User\AppData\Roaming\npm
USERNAME=User
OS=Windows_NT
PROCESSOR_IDENTIFIER=Intel64 Family 6 Model 186 Stepping 3, GenuineIntel
TMP=C:\Users\User\AppData\Local\Temp
TEMP=C:\Users\User\AppData\Local\Temp




Periodic native trim disabled

---------------  S Y S T E M  ---------------

OS:
 Windows 10 , 64 bit Build 19041 (10.0.19041.5915)
OS uptime: 0 days 23:19 hours
Hyper-V role detected

CPU: total 12 (initial active 12) (6 cores per cpu, 2 threads per core) family 6 model 186 stepping 3 microcode 0x4123, cx8, cmov, fxsr, ht, mmx, 3dnowpref, sse, sse2, sse3, ssse3, sse4.1, sse4.2, popcnt, lzcnt, tsc, tscinvbit, avx, avx2, aes, erms, clmul, bmi1, bmi2, adx, sha, fma, vzeroupper, clflush, clflushopt, clwb, hv, rdtscp, rdpid, fsrm, f16c, cet_ibt, cet_ss
Processor Information for the first 12 processors :
  Max Mhz: 1700, Current Mhz: 1700, Mhz Limit: 1700

Memory: 4k page, system-wide physical 32452M (9589M free)
TotalPageFile size 63275M (AvailPageFile size 7M)
current process WorkingSet (physical memory assigned to process): 619M, peak: 1068M
current process commit charge ("private bytes"): 521M, peak: 978M

vm_info: OpenJDK 64-Bit Server VM (21.0.7+6-LTS) for windows-amd64 JRE (21.0.7+6-LTS), built on 2025-04-15T00:00:00Z by "admin" with MS VC++ 17.7 (VS2022)

END.
