#
# There is insufficient memory for the Java Runtime Environment to continue.
# Native memory allocation (malloc) failed to allocate 452016 bytes. Error detail: Chunk::new
# Possible reasons:
#   The system is out of physical RAM or swap space
#   This process is running with CompressedOops enabled, and the Java Heap may be blocking the growth of the native heap
# Possible solutions:
#   Reduce memory load on the system
#   Increase physical memory or swap space
#   Check if swap backing store is full
#   Decrease Java heap size (-Xmx/-Xms)
#   Decrease number of Java threads
#   Decrease Java thread stack sizes (-Xss)
#   Set larger code cache with -XX:ReservedCodeCacheSize=
#   JVM is running with Unscaled Compressed Oops mode in which the Java heap is
#     placed in the first 4GB address space. The Java Heap base address is the
#     maximum limit for the native heap growth. Please use -XX:HeapBaseMinAddress
#     to set the Java Heap base and to place the Java Heap above 4GB virtual address.
# This output file may be truncated or incomplete.
#
#  Out of Memory Error (arena.cpp:168), pid=16868, tid=16996
#
# JRE version: OpenJDK Runtime Environment Temurin-21.0.7+6 (21.0.7+6) (build 21.0.7+6-LTS)
# Java VM: OpenJDK 64-Bit Server VM Temurin-21.0.7+6 (21.0.7+6-LTS, mixed mode, sharing, tiered, compressed oops, compressed class ptrs, parallel gc, windows-amd64)
# No core dump will be written. Minidumps are not enabled by default on client versions of Windows
#

---------------  S U M M A R Y ------------

Command Line: --add-modules=ALL-SYSTEM --add-opens=java.base/java.util=ALL-UNNAMED --add-opens=java.base/java.lang=ALL-UNNAMED --add-opens=java.base/sun.nio.fs=ALL-UNNAMED -Declipse.application=org.eclipse.jdt.ls.core.id1 -Dosgi.bundles.defaultStartLevel=4 -Declipse.product=org.eclipse.jdt.ls.core.product -Djava.import.generatesMetadataFilesAtProjectRoot=false -DDetectVMInstallationsJob.disabled=true -Dfile.encoding=utf8 -XX:+UseParallelGC -XX:GCTimeRatio=4 -XX:AdaptiveSizePolicyWeight=90 -Dsun.zip.disableMemoryMapping=true -Xmx1G -Xms100m -Xlog:disable -javaagent:c:\Users\User\.cursor\extensions\redhat.java-1.42.0-win32-x64\lombok\lombok-1.18.36.jar -XX:+HeapDumpOnOutOfMemoryError -XX:HeapDumpPath=c:\Users\User\AppData\Roaming\Cursor\User\workspaceStorage\fb4cb7763bfdb7dea2b9368661ef918c\redhat.java -Daether.dependencyCollector.impl=bf c:\Users\User\.cursor\extensions\redhat.java-1.42.0-win32-x64\server\plugins\org.eclipse.equinox.launcher_1.7.0.v20250424-1814.jar -configuration c:\Users\User\AppData\Roaming\Cursor\User\globalStorage\redhat.java\1.42.0\config_win -data c:\Users\User\AppData\Roaming\Cursor\User\workspaceStorage\fb4cb7763bfdb7dea2b9368661ef918c\redhat.java\jdt_ws --pipe=\\.\pipe\lsp-45c1be038da2d8e94571527c4517e9b1-sock

Host: 13th Gen Intel(R) Core(TM) i7-1355U, 12 cores, 31G,  Windows 10 , 64 bit Build 19041 (10.0.19041.5915)
Time: Fri Jun 13 15:30:14 2025  Windows 10 , 64 bit Build 19041 (10.0.19041.5915) elapsed time: 1.481656 seconds (0d 0h 0m 1s)

---------------  T H R E A D  ---------------

Current thread (0x000001c4fe25a560):  JavaThread "C2 CompilerThread2" daemon [_thread_in_native, id=16996, stack(0x0000007f75800000,0x0000007f75900000) (1024K)]


Current CompileTask:
C2:1481 1423       4       lombok.launch.PackageShader::apply (252 bytes)

Stack: [0x0000007f75800000,0x0000007f75900000]
Native frames: (J=compiled Java code, j=interpreted, Vv=VM code, C=native code)
V  [jvm.dll+0x6ce119]
V  [jvm.dll+0x8a84a1]
V  [jvm.dll+0x8aa9ce]
V  [jvm.dll+0x8ab0b3]
V  [jvm.dll+0x27f8a6]
V  [jvm.dll+0xc507d]
V  [jvm.dll+0xc55b3]
V  [jvm.dll+0x2f2c6d]
V  [jvm.dll+0x5f6bca]
V  [jvm.dll+0x250cb2]
V  [jvm.dll+0x25106f]
V  [jvm.dll+0x249934]
V  [jvm.dll+0x246fc4]
V  [jvm.dll+0x1c760e]
V  [jvm.dll+0x25695a]
V  [jvm.dll+0x254efa]
V  [jvm.dll+0x3f03f6]
V  [jvm.dll+0x851f6b]
V  [jvm.dll+0x6cc7dd]
C  [ucrtbase.dll+0x21bb2]
C  [KERNEL32.DLL+0x17374]
C  [ntdll.dll+0x4cc91]


---------------  P R O C E S S  ---------------

Threads class SMR info:
_java_thread_list=0x000001c4fe11b770, length=13, elements={
0x000001c4a6983720, 0x000001c4bad75170, 0x000001c4bad768e0, 0x000001c4fdde1ed0,
0x000001c4fdde3f10, 0x000001c4fdde55f0, 0x000001c4fddeb430, 0x000001c4fddf7180,
0x000001c4fddfadc0, 0x000001c4fdecce60, 0x000001c4fe04ca00, 0x000001c4fdecd4f0,
0x000001c4fe25a560
}

Java Threads: ( => current thread )
  0x000001c4a6983720 JavaThread "main"                              [_thread_in_vm, id=12716, stack(0x0000007f74900000,0x0000007f74a00000) (1024K)]
  0x000001c4bad75170 JavaThread "Reference Handler"          daemon [_thread_blocked, id=14148, stack(0x0000007f74d00000,0x0000007f74e00000) (1024K)]
  0x000001c4bad768e0 JavaThread "Finalizer"                  daemon [_thread_blocked, id=2732, stack(0x0000007f74e00000,0x0000007f74f00000) (1024K)]
  0x000001c4fdde1ed0 JavaThread "Signal Dispatcher"          daemon [_thread_blocked, id=6516, stack(0x0000007f74f00000,0x0000007f75000000) (1024K)]
  0x000001c4fdde3f10 JavaThread "Attach Listener"            daemon [_thread_blocked, id=13176, stack(0x0000007f75000000,0x0000007f75100000) (1024K)]
  0x000001c4fdde55f0 JavaThread "Service Thread"             daemon [_thread_blocked, id=21044, stack(0x0000007f75100000,0x0000007f75200000) (1024K)]
  0x000001c4fddeb430 JavaThread "Monitor Deflation Thread"   daemon [_thread_blocked, id=12564, stack(0x0000007f75200000,0x0000007f75300000) (1024K)]
  0x000001c4fddf7180 JavaThread "C2 CompilerThread0"         daemon [_thread_in_native, id=19268, stack(0x0000007f75300000,0x0000007f75400000) (1024K)]
  0x000001c4fddfadc0 JavaThread "C1 CompilerThread0"         daemon [_thread_in_vm, id=19036, stack(0x0000007f75400000,0x0000007f75500000) (1024K)]
  0x000001c4fdecce60 JavaThread "Common-Cleaner"             daemon [_thread_blocked, id=21396, stack(0x0000007f75500000,0x0000007f75600000) (1024K)]
  0x000001c4fe04ca00 JavaThread "C2 CompilerThread1"         daemon [_thread_in_native, id=5756, stack(0x0000007f75600000,0x0000007f75700000) (1024K)]
  0x000001c4fdecd4f0 JavaThread "Notification Thread"        daemon [_thread_blocked, id=14932, stack(0x0000007f75700000,0x0000007f75800000) (1024K)]
=>0x000001c4fe25a560 JavaThread "C2 CompilerThread2"         daemon [_thread_in_native, id=16996, stack(0x0000007f75800000,0x0000007f75900000) (1024K)]
Total: 13

Other Threads:
  0x000001c4bad62ed0 VMThread "VM Thread"                           [id=18736, stack(0x0000007f74c00000,0x0000007f74d00000) (1024K)]
  0x000001c4a69efcd0 WatcherThread "VM Periodic Task Thread"        [id=4944, stack(0x0000007f74b00000,0x0000007f74c00000) (1024K)]
  0x000001c4a69a0550 WorkerThread "GC Thread#0"                     [id=22740, stack(0x0000007f74a00000,0x0000007f74b00000) (1024K)]
  0x000001c4fe893080 WorkerThread "GC Thread#1"                     [id=3688, stack(0x0000007f75900000,0x0000007f75a00000) (1024K)]
  0x000001c4fe893420 WorkerThread "GC Thread#2"                     [id=18996, stack(0x0000007f75a00000,0x0000007f75b00000) (1024K)]
  0x000001c4fe1562c0 WorkerThread "GC Thread#3"                     [id=22884, stack(0x0000007f75b00000,0x0000007f75c00000) (1024K)]
  0x000001c4fe156660 WorkerThread "GC Thread#4"                     [id=13092, stack(0x0000007f75c00000,0x0000007f75d00000) (1024K)]
  0x000001c4fe156a00 WorkerThread "GC Thread#5"                     [id=21844, stack(0x0000007f75d00000,0x0000007f75e00000) (1024K)]
  0x000001c4fe156da0 WorkerThread "GC Thread#6"                     [id=23140, stack(0x0000007f75e00000,0x0000007f75f00000) (1024K)]
Total: 9

Threads with active compile tasks:
C2 CompilerThread0  1504 1452       4       org.lombokweb.asm.ClassReader::readUtf (161 bytes)
C2 CompilerThread1  1504 1424       4       jdk.internal.jimage.ImageLocation::verify (218 bytes)
C2 CompilerThread2  1504 1423       4       lombok.launch.PackageShader::apply (252 bytes)
Total: 3

VM state: not at safepoint (normal execution)

VM Mutex/Monitor currently owned by a thread: None

Heap address: 0x00000000c0000000, size: 1024 MB, Compressed Oops mode: 32-bit

CDS archive(s) mapped at: [0x000001c4bb000000-0x000001c4bbba0000-0x000001c4bbba0000), size 12189696, SharedBaseAddress: 0x000001c4bb000000, ArchiveRelocationMode: 1.
Compressed class space mapped at: 0x000001c4bc000000-0x000001c4fc000000, reserved size: 1073741824
Narrow klass base: 0x000001c4bb000000, Narrow klass shift: 0, Narrow klass range: 0x100000000

GC Precious Log:
 CardTable entry size: 512
 CPUs: 12 total, 12 available
 Memory: 32452M
 Large Page Support: Disabled
 NUMA Support: Disabled
 Compressed Oops: Enabled (32-bit)
 Alignments: Space 512K, Generation 512K, Heap 2M
 Heap Min Capacity: 100M
 Heap Initial Capacity: 100M
 Heap Max Capacity: 1G
 Pre-touch: Disabled
 Parallel Workers: 10

Heap:
 PSYoungGen      total 29696K, used 16548K [0x00000000eab00000, 0x00000000ecc00000, 0x0000000100000000)
  eden space 25600K, 51% used [0x00000000eab00000,0x00000000eb7d0340,0x00000000ec400000)
  from space 4096K, 83% used [0x00000000ec400000,0x00000000ec758e80,0x00000000ec800000)
  to   space 4096K, 0% used [0x00000000ec800000,0x00000000ec800000,0x00000000ecc00000)
 ParOldGen       total 68608K, used 16K [0x00000000c0000000, 0x00000000c4300000, 0x00000000eab00000)
  object space 68608K, 0% used [0x00000000c0000000,0x00000000c0004000,0x00000000c4300000)
 Metaspace       used 6459K, committed 6784K, reserved 1114112K
  class space    used 642K, committed 832K, reserved 1048576K

Card table byte_map: [0x000001c4a6350000,0x000001c4a6560000] _byte_map_base: 0x000001c4a5d50000

Marking Bits: (ParMarkBitMap*) 0x00007ffcd17431f0
 Begin Bits: [0x000001c4b8b80000, 0x000001c4b9b80000)
 End Bits:   [0x000001c4b9b80000, 0x000001c4bab80000)

Polling page: 0x000001c4a4760000

Metaspace:

Usage:
  Non-class:      5.68 MB used.
      Class:    642.19 KB used.
       Both:      6.31 MB used.

Virtual space:
  Non-class space:       64.00 MB reserved,       5.81 MB (  9%) committed,  1 nodes.
      Class space:        1.00 GB reserved,     832.00 KB ( <1%) committed,  1 nodes.
             Both:        1.06 GB reserved,       6.62 MB ( <1%) committed. 

Chunk freelists:
   Non-Class:  9.81 MB
       Class:  15.05 MB
        Both:  24.86 MB

MaxMetaspaceSize: unlimited
CompressedClassSpaceSize: 1.00 GB
Initial GC threshold: 21.00 MB
Current GC threshold: 21.00 MB
CDS: on
 - commit_granule_bytes: 65536.
 - commit_granule_words: 8192.
 - virtual_space_node_default_size: 8388608.
 - enlarge_chunks_in_place: 1.
 - use_allocation_guard: 0.


Internal statistics:

num_allocs_failed_limit: 0.
num_arena_births: 228.
num_arena_deaths: 0.
num_vsnodes_births: 2.
num_vsnodes_deaths: 0.
num_space_committed: 106.
num_space_uncommitted: 0.
num_chunks_returned_to_freelist: 0.
num_chunks_taken_from_freelist: 349.
num_chunk_merges: 0.
num_chunk_splits: 238.
num_chunks_enlarged: 157.
num_inconsistent_stats: 0.

CodeHeap 'non-profiled nmethods': size=120000Kb used=634Kb max_used=634Kb free=119365Kb
 bounds [0x000001c4b1650000, 0x000001c4b18c0000, 0x000001c4b8b80000]
CodeHeap 'profiled nmethods': size=120000Kb used=2402Kb max_used=2402Kb free=117597Kb
 bounds [0x000001c4a9b80000, 0x000001c4a9df0000, 0x000001c4b10b0000]
CodeHeap 'non-nmethods': size=5760Kb used=1210Kb max_used=1236Kb free=4550Kb
 bounds [0x000001c4b10b0000, 0x000001c4b1320000, 0x000001c4b1650000]
 total_blobs=1930 nmethods=1454 adapters=383
 compilation: enabled
              stopped_count=0, restarted_count=0
 full_count=0

Compilation events (20 events):
Event: 1.449 Thread 0x000001c4fddfadc0 nmethod 1422 0x000001c4a9dca110 code [0x000001c4a9dca2c0, 0x000001c4a9dca438]
Event: 1.450 Thread 0x000001c4fe25a560 1423       4       lombok.launch.PackageShader::apply (252 bytes)
Event: 1.452 Thread 0x000001c4fe04ca00 1424       4       jdk.internal.jimage.ImageLocation::verify (218 bytes)
Event: 1.460 Thread 0x000001c4fddf7180 1425       4       org.lombokweb.asm.ClassReader::readUnsignedShort (26 bytes)
Event: 1.460 Thread 0x000001c4fddfadc0 1426       3       org.lombokweb.asm.SymbolTable::hash (10 bytes)
Event: 1.461 Thread 0x000001c4fddfadc0 nmethod 1426 0x000001c4a9dca510 code [0x000001c4a9dca6c0, 0x000001c4a9dca7f0]
Event: 1.461 Thread 0x000001c4fddf7180 nmethod 1425 0x000001c4b16ec690 code [0x000001c4b16ec820, 0x000001c4b16ec928]
Event: 1.462 Thread 0x000001c4fddfadc0 1427   !   3       sun.net.www.ParseUtil::decode (349 bytes)
Event: 1.465 Thread 0x000001c4fddf7180 1429       4       java.util.concurrent.ConcurrentHashMap$Traverser::advance (188 bytes)
Event: 1.466 Thread 0x000001c4fddfadc0 nmethod 1427 0x000001c4a9dca910 code [0x000001c4a9dcaf60, 0x000001c4a9dce1d0]
Event: 1.466 Thread 0x000001c4fddfadc0 1428       3       java.io.File::<init> (20 bytes)
Event: 1.467 Thread 0x000001c4fddfadc0 nmethod 1428 0x000001c4a9dcf710 code [0x000001c4a9dcf8c0, 0x000001c4a9dcfa60]
Event: 1.469 Thread 0x000001c4fddf7180 nmethod 1429 0x000001c4b16eca10 code [0x000001c4b16ecba0, 0x000001c4b16ecdb0]
Event: 1.474 Thread 0x000001c4fddf7180 1431       4       jdk.internal.module.ModuleReferenceImpl::hashCode (56 bytes)
Event: 1.474 Thread 0x000001c4fddf7180 nmethod 1431 0x000001c4b16ed310 code [0x000001c4b16ed4a0, 0x000001c4b16ed548]
Event: 1.477 Thread 0x000001c4fddfadc0 1432       3       jdk.internal.module.Resources::toPackageName (39 bytes)
Event: 1.478 Thread 0x000001c4fddfadc0 nmethod 1432 0x000001c4a9dcfb10 code [0x000001c4a9dcfd40, 0x000001c4a9dd03b0]
Event: 1.478 Thread 0x000001c4fddfadc0 1433       3       java.util.WeakHashMap::matchesKey (33 bytes)
Event: 1.478 Thread 0x000001c4fddf7180 1434       4       jdk.internal.jimage.ImageStringsReader::hashCode (33 bytes)
Event: 1.478 Thread 0x000001c4fddfadc0 nmethod 1433 0x000001c4a9dd0610 code [0x000001c4a9dd0800, 0x000001c4a9dd0ce0]

GC Heap History (2 events):
Event: 1.054 GC heap before
{Heap before GC invocations=1 (full 0):
 PSYoungGen      total 29696K, used 25600K [0x00000000eab00000, 0x00000000ecc00000, 0x0000000100000000)
  eden space 25600K, 100% used [0x00000000eab00000,0x00000000ec400000,0x00000000ec400000)
  from space 4096K, 0% used [0x00000000ec800000,0x00000000ec800000,0x00000000ecc00000)
  to   space 4096K, 0% used [0x00000000ec400000,0x00000000ec400000,0x00000000ec800000)
 ParOldGen       total 68608K, used 0K [0x00000000c0000000, 0x00000000c4300000, 0x00000000eab00000)
  object space 68608K, 0% used [0x00000000c0000000,0x00000000c0000000,0x00000000c4300000)
 Metaspace       used 4337K, committed 4608K, reserved 1114112K
  class space    used 462K, committed 576K, reserved 1048576K
}
Event: 1.062 GC heap after
{Heap after GC invocations=1 (full 0):
 PSYoungGen      total 29696K, used 3427K [0x00000000eab00000, 0x00000000ecc00000, 0x0000000100000000)
  eden space 25600K, 0% used [0x00000000eab00000,0x00000000eab00000,0x00000000ec400000)
  from space 4096K, 83% used [0x00000000ec400000,0x00000000ec758e80,0x00000000ec800000)
  to   space 4096K, 0% used [0x00000000ec800000,0x00000000ec800000,0x00000000ecc00000)
 ParOldGen       total 68608K, used 16K [0x00000000c0000000, 0x00000000c4300000, 0x00000000eab00000)
  object space 68608K, 0% used [0x00000000c0000000,0x00000000c0004000,0x00000000c4300000)
 Metaspace       used 4337K, committed 4608K, reserved 1114112K
  class space    used 462K, committed 576K, reserved 1048576K
}

Dll operation events (8 events):
Event: 0.012 Loaded shared library c:\Users\User\.cursor\extensions\redhat.java-1.42.0-win32-x64\jre\21.0.7-win32-x86_64\bin\java.dll
Event: 0.045 Loaded shared library c:\Users\User\.cursor\extensions\redhat.java-1.42.0-win32-x64\jre\21.0.7-win32-x86_64\bin\zip.dll
Event: 0.130 Loaded shared library C:\Users\User\.cursor\extensions\redhat.java-1.42.0-win32-x64\jre\21.0.7-win32-x86_64\bin\instrument.dll
Event: 0.137 Loaded shared library C:\Users\User\.cursor\extensions\redhat.java-1.42.0-win32-x64\jre\21.0.7-win32-x86_64\bin\net.dll
Event: 0.139 Loaded shared library C:\Users\User\.cursor\extensions\redhat.java-1.42.0-win32-x64\jre\21.0.7-win32-x86_64\bin\nio.dll
Event: 0.144 Loaded shared library C:\Users\User\.cursor\extensions\redhat.java-1.42.0-win32-x64\jre\21.0.7-win32-x86_64\bin\zip.dll
Event: 0.163 Loaded shared library C:\Users\User\.cursor\extensions\redhat.java-1.42.0-win32-x64\jre\21.0.7-win32-x86_64\bin\jimage.dll
Event: 0.257 Loaded shared library c:\Users\User\.cursor\extensions\redhat.java-1.42.0-win32-x64\jre\21.0.7-win32-x86_64\bin\verify.dll

Deoptimization events (20 events):
Event: 1.239 Thread 0x000001c4a6983720 DEOPT PACKING pc=0x000001c4b169a678 sp=0x0000007f749fe850
Event: 1.239 Thread 0x000001c4a6983720 DEOPT UNPACKING pc=0x000001c4b1103aa2 sp=0x0000007f749fe788 mode 2
Event: 1.341 Thread 0x000001c4a6983720 Uncommon trap: trap_request=0xffffff45 fr.pc=0x000001c4b16add5c relative=0x000000000000109c
Event: 1.341 Thread 0x000001c4a6983720 Uncommon trap: reason=unstable_if action=reinterpret pc=0x000001c4b16add5c method=lombok.patcher.PatchScript.classMatches(Ljava/lang/String;Ljava/util/Collection;)Z @ 25 c2
Event: 1.341 Thread 0x000001c4a6983720 DEOPT PACKING pc=0x000001c4b16add5c sp=0x0000007f749f8a60
Event: 1.342 Thread 0x000001c4a6983720 DEOPT UNPACKING pc=0x000001c4b1103aa2 sp=0x0000007f749f89c8 mode 2
Event: 1.384 Thread 0x000001c4a6983720 DEOPT PACKING pc=0x000001c4a9c1760d sp=0x0000007f749f42c0
Event: 1.384 Thread 0x000001c4a6983720 DEOPT UNPACKING pc=0x000001c4b1104242 sp=0x0000007f749f3770 mode 0
Event: 1.404 Thread 0x000001c4a6983720 DEOPT PACKING pc=0x000001c4a9c1760d sp=0x0000007f749f4330
Event: 1.404 Thread 0x000001c4a6983720 DEOPT UNPACKING pc=0x000001c4b1104242 sp=0x0000007f749f37e0 mode 0
Event: 1.449 Thread 0x000001c4a6983720 DEOPT PACKING pc=0x000001c4a9c176ae sp=0x0000007f749f7910
Event: 1.450 Thread 0x000001c4a6983720 DEOPT UNPACKING pc=0x000001c4b1104242 sp=0x0000007f749f6dc0 mode 0
Event: 1.454 Thread 0x000001c4a6983720 Uncommon trap: trap_request=0xffffffc6 fr.pc=0x000001c4b16893d0 relative=0x0000000000000290
Event: 1.454 Thread 0x000001c4a6983720 Uncommon trap: reason=bimorphic_or_optimized_type_check action=maybe_recompile pc=0x000001c4b16893d0 method=java.util.Collections$UnmodifiableCollection$1.next()Ljava/lang/Object; @ 4 c2
Event: 1.454 Thread 0x000001c4a6983720 DEOPT PACKING pc=0x000001c4b16893d0 sp=0x0000007f749f8500
Event: 1.454 Thread 0x000001c4a6983720 DEOPT UNPACKING pc=0x000001c4b1103aa2 sp=0x0000007f749f84b0 mode 2
Event: 1.454 Thread 0x000001c4a6983720 Uncommon trap: trap_request=0xffffffc6 fr.pc=0x000001c4b16893d0 relative=0x0000000000000290
Event: 1.454 Thread 0x000001c4a6983720 Uncommon trap: reason=bimorphic_or_optimized_type_check action=maybe_recompile pc=0x000001c4b16893d0 method=java.util.Collections$UnmodifiableCollection$1.next()Ljava/lang/Object; @ 4 c2
Event: 1.454 Thread 0x000001c4a6983720 DEOPT PACKING pc=0x000001c4b16893d0 sp=0x0000007f749f8500
Event: 1.454 Thread 0x000001c4a6983720 DEOPT UNPACKING pc=0x000001c4b1103aa2 sp=0x0000007f749f84b0 mode 2

Classes loaded (20 events):
Event: 1.280 Loading class java/util/concurrent/SynchronousQueue$Transferer
Event: 1.280 Loading class java/util/concurrent/LinkedTransferQueue
Event: 1.280 Loading class java/util/concurrent/TransferQueue
Event: 1.280 Loading class java/util/concurrent/TransferQueue done
Event: 1.280 Loading class java/util/concurrent/LinkedTransferQueue done
Event: 1.280 Loading class java/util/concurrent/SynchronousQueue$Transferer done
Event: 1.281 Loading class java/util/concurrent/LinkedTransferQueue$DualNode
Event: 1.281 Loading class java/util/concurrent/LinkedTransferQueue$DualNode done
Event: 1.282 Loading class java/util/concurrent/RejectedExecutionHandler
Event: 1.282 Loading class java/util/concurrent/RejectedExecutionHandler done
Event: 1.282 Loading class java/util/concurrent/LinkedBlockingQueue
Event: 1.283 Loading class java/util/concurrent/LinkedBlockingQueue done
Event: 1.283 Loading class java/util/concurrent/LinkedBlockingQueue$Node
Event: 1.283 Loading class java/util/concurrent/LinkedBlockingQueue$Node done
Event: 1.296 Loading class java/util/concurrent/Semaphore$NonfairSync
Event: 1.296 Loading class java/util/concurrent/Semaphore$Sync
Event: 1.296 Loading class java/util/concurrent/Semaphore$Sync done
Event: 1.296 Loading class java/util/concurrent/Semaphore$NonfairSync done
Event: 1.361 Loading class java/lang/TypeNotPresentException
Event: 1.362 Loading class java/lang/TypeNotPresentException done

Classes unloaded (0 events):
No events

Classes redefined (0 events):
No events

Internal exceptions (20 events):
Event: 0.825 Thread 0x000001c4a6983720 Exception <a 'java/lang/NoSuchMethodError'{0x00000000ebb0dab0}: 'int java.lang.invoke.DirectMethodHandle$Holder.invokeStatic(java.lang.Object, java.lang.Object, java.lang.Object, java.lang.Object, java.lang.Object)'> (0x00000000ebb0dab0) 
thrown [s\src\hotspot\share\interpreter\linkResolver.cpp, line 773]
Event: 0.866 Thread 0x000001c4a6983720 Exception <a 'java/lang/NoSuchMethodError'{0x00000000ebba4080}: 'java.lang.Object java.lang.invoke.DirectMethodHandle$Holder.invokeInterface(java.lang.Object, java.lang.Object, int)'> (0x00000000ebba4080) 
thrown [s\src\hotspot\share\interpreter\linkResolver.cpp, line 773]
Event: 0.976 Thread 0x000001c4a6983720 Exception <a 'java/lang/NoSuchMethodError'{0x00000000ebfec628}: 'java.lang.ClassLoader java.lang.ClassLoader.getPlatformClassLoader(java.lang.Class)'> (0x00000000ebfec628) 
thrown [s\src\hotspot\share\interpreter\linkResolver.cpp, line 773]
Event: 1.050 Thread 0x000001c4a6983720 Exception <a 'java/lang/ClassNotFoundException'{0x00000000ec3ee508}: sun/net/www/protocol/c/Handler> (0x00000000ec3ee508) 
thrown [s\src\hotspot\share\classfile\systemDictionary.cpp, line 312]
Event: 1.050 Thread 0x000001c4a6983720 Exception <a 'java/lang/ClassNotFoundException'{0x00000000ec3ef890}: sun/net/www/protocol/d/Handler> (0x00000000ec3ef890) 
thrown [s\src\hotspot\share\classfile\systemDictionary.cpp, line 312]
Event: 1.050 Thread 0x000001c4a6983720 Exception <a 'java/lang/ClassNotFoundException'{0x00000000ec3f0a50}: sun/net/www/protocol/c/Handler> (0x00000000ec3f0a50) 
thrown [s\src\hotspot\share\classfile\systemDictionary.cpp, line 312]
Event: 1.067 Thread 0x000001c4a6983720 Exception <a 'java/io/FileNotFoundException'{0x00000000eab193d8}> (0x00000000eab193d8) 
thrown [s\src\hotspot\share\prims\jni.cpp, line 520]
Event: 1.111 Thread 0x000001c4a6983720 Implicit null exception at 0x000001c4b16bcf49 to 0x000001c4b16bda00
Event: 1.111 Thread 0x000001c4a6983720 Implicit null exception at 0x000001c4b16b481a to 0x000001c4b16b4a28
Event: 1.112 Thread 0x000001c4a6983720 Exception <a 'java/lang/NoSuchMethodError'{0x00000000ead04260}: 'void java.lang.invoke.DirectMethodHandle$Holder.invokeStatic(java.lang.Object, java.lang.Object, java.lang.Object, java.lang.Object)'> (0x00000000ead04260) 
thrown [s\src\hotspot\share\interpreter\linkResolver.cpp, line 773]
Event: 1.113 Thread 0x000001c4a6983720 Implicit null exception at 0x000001c4b16b631a to 0x000001c4b16b6520
Event: 1.113 Thread 0x000001c4a6983720 Implicit null exception at 0x000001c4b16b1c3d to 0x000001c4b16b1cc1
Event: 1.166 Thread 0x000001c4a6983720 Exception <a 'java/lang/NoSuchMethodError'{0x00000000eaebf998}: 'long java.lang.invoke.DirectMethodHandle$Holder.invokeStatic(java.lang.Object, java.lang.Object, int)'> (0x00000000eaebf998) 
thrown [s\src\hotspot\share\interpreter\linkResolver.cpp, line 773]
Event: 1.167 Thread 0x000001c4a6983720 Exception <a 'java/lang/NoSuchMethodError'{0x00000000eaec7388}: 'java.lang.Object java.lang.invoke.DirectMethodHandle$Holder.invokeSpecial(java.lang.Object, java.lang.Object, java.lang.Object, java.lang.Object, long)'> (0x00000000eaec7388) 
thrown [s\src\hotspot\share\interpreter\linkResolver.cpp, line 773]
Event: 1.169 Thread 0x000001c4a6983720 Exception <a 'java/lang/NoSuchMethodError'{0x00000000eaed5248}: 'java.lang.Object java.lang.invoke.DirectMethodHandle$Holder.invokeSpecial(java.lang.Object, java.lang.Object, java.lang.Object, int, java.lang.Object)'> (0x00000000eaed5248) 
thrown [s\src\hotspot\share\interpreter\linkResolver.cpp, line 773]
Event: 1.175 Thread 0x000001c4a6983720 Exception <a 'java/lang/NoSuchMethodError'{0x00000000eaefe800}: 'int java.lang.invoke.DirectMethodHandle$Holder.invokeStaticInit(java.lang.Object, java.lang.Object, java.lang.Object, java.lang.Object)'> (0x00000000eaefe800) 
thrown [s\src\hotspot\share\interpreter\linkResolver.cpp, line 773]
Event: 1.177 Thread 0x000001c4a6983720 Exception <a 'java/lang/IncompatibleClassChangeError'{0x00000000eaf06d00}: Found class java.lang.Object, but interface was expected> (0x00000000eaf06d00) 
thrown [s\src\hotspot\share\interpreter\linkResolver.cpp, line 840]
Event: 1.178 Thread 0x000001c4a6983720 Exception <a 'java/lang/NoSuchMethodError'{0x00000000eaf0aea0}: 'void java.lang.invoke.DirectMethodHandle$Holder.invokeStaticInit(java.lang.Object, java.lang.Object)'> (0x00000000eaf0aea0) 
thrown [s\src\hotspot\share\interpreter\linkResolver.cpp, line 773]
Event: 1.179 Thread 0x000001c4a6983720 Exception <a 'java/lang/NoSuchMethodError'{0x00000000eaf11d58}: 'int java.lang.invoke.DirectMethodHandle$Holder.invokeStaticInit(java.lang.Object, java.lang.Object)'> (0x00000000eaf11d58) 
thrown [s\src\hotspot\share\interpreter\linkResolver.cpp, line 773]
Event: 1.253 Thread 0x000001c4a6983720 Exception <a 'java/lang/NoSuchMethodError'{0x00000000eb072e40}: 'void java.lang.invoke.DirectMethodHandle$Holder.invokeSpecial(java.lang.Object, java.lang.Object, java.lang.Object)'> (0x00000000eb072e40) 
thrown [s\src\hotspot\share\interpreter\linkResolver.cpp, line 773]

ZGC Phase Switch (0 events):
No events

VM Operations (12 events):
Event: 0.178 Executing VM operation: HandshakeAllThreads (Deoptimize)
Event: 0.178 Executing VM operation: HandshakeAllThreads (Deoptimize) done
Event: 0.685 Executing VM operation: HandshakeAllThreads (Deoptimize)
Event: 0.685 Executing VM operation: HandshakeAllThreads (Deoptimize) done
Event: 0.717 Executing VM operation: HandshakeAllThreads (Deoptimize)
Event: 0.717 Executing VM operation: HandshakeAllThreads (Deoptimize) done
Event: 1.003 Executing VM operation: ICBufferFull
Event: 1.003 Executing VM operation: ICBufferFull done
Event: 1.024 Executing VM operation: HandshakeAllThreads (Deoptimize)
Event: 1.024 Executing VM operation: HandshakeAllThreads (Deoptimize) done
Event: 1.054 Executing VM operation: ParallelGCFailedAllocation (Allocation Failure)
Event: 1.062 Executing VM operation: ParallelGCFailedAllocation (Allocation Failure) done

Memory protections (0 events):
No events

Nmethod flushes (0 events):
No events

Events (13 events):
Event: 0.029 Thread 0x000001c4a6983720 Thread added: 0x000001c4a6983720
Event: 0.057 Thread 0x000001c4a6983720 Thread added: 0x000001c4bad75170
Event: 0.058 Thread 0x000001c4a6983720 Thread added: 0x000001c4bad768e0
Event: 0.058 Thread 0x000001c4a6983720 Thread added: 0x000001c4fdde1ed0
Event: 0.058 Thread 0x000001c4a6983720 Thread added: 0x000001c4fdde3f10
Event: 0.058 Thread 0x000001c4a6983720 Thread added: 0x000001c4fdde55f0
Event: 0.058 Thread 0x000001c4a6983720 Thread added: 0x000001c4fddeb430
Event: 0.058 Thread 0x000001c4a6983720 Thread added: 0x000001c4fddf7180
Event: 0.058 Thread 0x000001c4a6983720 Thread added: 0x000001c4fddfadc0
Event: 0.090 Thread 0x000001c4a6983720 Thread added: 0x000001c4fdecce60
Event: 0.253 Thread 0x000001c4fddfadc0 Thread added: 0x000001c4fe04ca00
Event: 0.378 Thread 0x000001c4a6983720 Thread added: 0x000001c4fdecd4f0
Event: 0.652 Thread 0x000001c4fddfadc0 Thread added: 0x000001c4fe25a560


Dynamic libraries:
0x00007ff69d8d0000 - 0x00007ff69d8de000 	c:\Users\User\.cursor\extensions\redhat.java-1.42.0-win32-x64\jre\21.0.7-win32-x86_64\bin\java.exe
0x00007ffd1d950000 - 0x00007ffd1db48000 	C:\Windows\SYSTEM32\ntdll.dll
0x00007ffd1bb20000 - 0x00007ffd1bbe2000 	C:\Windows\System32\KERNEL32.DLL
0x00007ffd1b2f0000 - 0x00007ffd1b5e6000 	C:\Windows\System32\KERNELBASE.dll
0x00007ffd1b840000 - 0x00007ffd1b940000 	C:\Windows\System32\ucrtbase.dll
0x00007ffd16af0000 - 0x00007ffd16b08000 	c:\Users\User\.cursor\extensions\redhat.java-1.42.0-win32-x64\jre\21.0.7-win32-x86_64\bin\jli.dll
0x00007ffd12990000 - 0x00007ffd129ae000 	c:\Users\User\.cursor\extensions\redhat.java-1.42.0-win32-x64\jre\21.0.7-win32-x86_64\bin\VCRUNTIME140.dll
0x00007ffd1be20000 - 0x00007ffd1bfbd000 	C:\Windows\System32\USER32.dll
0x00007ffd1b100000 - 0x00007ffd1b122000 	C:\Windows\System32\win32u.dll
0x00007ffd1c5e0000 - 0x00007ffd1c60b000 	C:\Windows\System32\GDI32.dll
0x00007ffd1afe0000 - 0x00007ffd1b0f9000 	C:\Windows\System32\gdi32full.dll
0x00007ffd1b640000 - 0x00007ffd1b6dd000 	C:\Windows\System32\msvcp_win.dll
0x00007ffd01690000 - 0x00007ffd0192a000 	C:\Windows\WinSxS\amd64_microsoft.windows.common-controls_6595b64144ccf1df_6.0.19041.5915_none_60b4b9d171f9c7c7\COMCTL32.dll
0x00007ffd1ba80000 - 0x00007ffd1bb1e000 	C:\Windows\System32\msvcrt.dll
0x00007ffd1cbb0000 - 0x00007ffd1cbdf000 	C:\Windows\System32\IMM32.DLL
0x00007ffd16ab0000 - 0x00007ffd16abc000 	c:\Users\User\.cursor\extensions\redhat.java-1.42.0-win32-x64\jre\21.0.7-win32-x86_64\bin\vcruntime140_1.dll
0x00007ffd0ed30000 - 0x00007ffd0edbd000 	c:\Users\User\.cursor\extensions\redhat.java-1.42.0-win32-x64\jre\21.0.7-win32-x86_64\bin\msvcp140.dll
0x00007ffcd0a90000 - 0x00007ffcd1820000 	c:\Users\User\.cursor\extensions\redhat.java-1.42.0-win32-x64\jre\21.0.7-win32-x86_64\bin\server\jvm.dll
0x00007ffd1bbf0000 - 0x00007ffd1bca1000 	C:\Windows\System32\ADVAPI32.dll
0x00007ffd1bd60000 - 0x00007ffd1bdff000 	C:\Windows\System32\sechost.dll
0x00007ffd1d4f0000 - 0x00007ffd1d613000 	C:\Windows\System32\RPCRT4.dll
0x00007ffd1b940000 - 0x00007ffd1b967000 	C:\Windows\System32\bcrypt.dll
0x00007ffd1d480000 - 0x00007ffd1d4eb000 	C:\Windows\System32\WS2_32.dll
0x00007ffd1ad90000 - 0x00007ffd1addb000 	C:\Windows\SYSTEM32\POWRPROF.dll
0x00007ffd16b60000 - 0x00007ffd16b87000 	C:\Windows\SYSTEM32\WINMM.dll
0x00007ffd039c0000 - 0x00007ffd039ca000 	C:\Windows\SYSTEM32\VERSION.dll
0x00007ffd1ad70000 - 0x00007ffd1ad82000 	C:\Windows\SYSTEM32\UMPDC.dll
0x00007ffd197c0000 - 0x00007ffd197d2000 	C:\Windows\SYSTEM32\kernel.appcore.dll
0x00007ffd16a60000 - 0x00007ffd16a6a000 	c:\Users\User\.cursor\extensions\redhat.java-1.42.0-win32-x64\jre\21.0.7-win32-x86_64\bin\jimage.dll
0x00007ffd19430000 - 0x00007ffd19631000 	C:\Windows\SYSTEM32\DBGHELP.DLL
0x00007ffd149a0000 - 0x00007ffd149d4000 	C:\Windows\SYSTEM32\dbgcore.DLL
0x00007ffd1b1e0000 - 0x00007ffd1b262000 	C:\Windows\System32\bcryptPrimitives.dll
0x00007ffd12be0000 - 0x00007ffd12bef000 	c:\Users\User\.cursor\extensions\redhat.java-1.42.0-win32-x64\jre\21.0.7-win32-x86_64\bin\instrument.dll
0x00007ffd11640000 - 0x00007ffd1165f000 	c:\Users\User\.cursor\extensions\redhat.java-1.42.0-win32-x64\jre\21.0.7-win32-x86_64\bin\java.dll
0x00007ffd1cbe0000 - 0x00007ffd1d34e000 	C:\Windows\System32\SHELL32.dll
0x00007ffd18b70000 - 0x00007ffd19314000 	C:\Windows\SYSTEM32\windows.storage.dll
0x00007ffd1c0b0000 - 0x00007ffd1c403000 	C:\Windows\System32\combase.dll
0x00007ffd1a860000 - 0x00007ffd1a88b000 	C:\Windows\SYSTEM32\Wldp.dll
0x00007ffd1d3b0000 - 0x00007ffd1d47d000 	C:\Windows\System32\OLEAUT32.dll
0x00007ffd1bcb0000 - 0x00007ffd1bd5d000 	C:\Windows\System32\SHCORE.dll
0x00007ffd1d8b0000 - 0x00007ffd1d90b000 	C:\Windows\System32\shlwapi.dll
0x00007ffd1af10000 - 0x00007ffd1af35000 	C:\Windows\SYSTEM32\profapi.dll
0x00007ffd0ef70000 - 0x00007ffd0ef88000 	c:\Users\User\.cursor\extensions\redhat.java-1.42.0-win32-x64\jre\21.0.7-win32-x86_64\bin\zip.dll
0x00007ffd12b50000 - 0x00007ffd12b60000 	C:\Users\User\.cursor\extensions\redhat.java-1.42.0-win32-x64\jre\21.0.7-win32-x86_64\bin\net.dll
0x00007ffd17070000 - 0x00007ffd1717a000 	C:\Windows\SYSTEM32\WINHTTP.dll
0x00007ffd1a640000 - 0x00007ffd1a6aa000 	C:\Windows\system32\mswsock.dll
0x00007ffd0ed10000 - 0x00007ffd0ed26000 	C:\Users\User\.cursor\extensions\redhat.java-1.42.0-win32-x64\jre\21.0.7-win32-x86_64\bin\nio.dll
0x00007ffd12a60000 - 0x00007ffd12a70000 	c:\Users\User\.cursor\extensions\redhat.java-1.42.0-win32-x64\jre\21.0.7-win32-x86_64\bin\verify.dll

dbghelp: loaded successfully - version: 4.0.5 - missing functions: none
symbol engine: initialized successfully - sym options: 0x614 - pdb path: .;c:\Users\User\.cursor\extensions\redhat.java-1.42.0-win32-x64\jre\21.0.7-win32-x86_64\bin;C:\Windows\SYSTEM32;C:\Windows\WinSxS\amd64_microsoft.windows.common-controls_6595b64144ccf1df_6.0.19041.5915_none_60b4b9d171f9c7c7;c:\Users\User\.cursor\extensions\redhat.java-1.42.0-win32-x64\jre\21.0.7-win32-x86_64\bin\server

VM Arguments:
jvm_args: --add-modules=ALL-SYSTEM --add-opens=java.base/java.util=ALL-UNNAMED --add-opens=java.base/java.lang=ALL-UNNAMED --add-opens=java.base/sun.nio.fs=ALL-UNNAMED -Declipse.application=org.eclipse.jdt.ls.core.id1 -Dosgi.bundles.defaultStartLevel=4 -Declipse.product=org.eclipse.jdt.ls.core.product -Djava.import.generatesMetadataFilesAtProjectRoot=false -DDetectVMInstallationsJob.disabled=true -Dfile.encoding=utf8 -XX:+UseParallelGC -XX:GCTimeRatio=4 -XX:AdaptiveSizePolicyWeight=90 -Dsun.zip.disableMemoryMapping=true -Xmx1G -Xms100m -Xlog:disable -javaagent:c:\Users\User\.cursor\extensions\redhat.java-1.42.0-win32-x64\lombok\lombok-1.18.36.jar -XX:+HeapDumpOnOutOfMemoryError -XX:HeapDumpPath=c:\Users\User\AppData\Roaming\Cursor\User\workspaceStorage\fb4cb7763bfdb7dea2b9368661ef918c\redhat.java -Daether.dependencyCollector.impl=bf 
java_command: c:\Users\User\.cursor\extensions\redhat.java-1.42.0-win32-x64\server\plugins\org.eclipse.equinox.launcher_1.7.0.v20250424-1814.jar -configuration c:\Users\User\AppData\Roaming\Cursor\User\globalStorage\redhat.java\1.42.0\config_win -data c:\Users\User\AppData\Roaming\Cursor\User\workspaceStorage\fb4cb7763bfdb7dea2b9368661ef918c\redhat.java\jdt_ws --pipe=\\.\pipe\lsp-45c1be038da2d8e94571527c4517e9b1-sock
java_class_path (initial): c:\Users\User\.cursor\extensions\redhat.java-1.42.0-win32-x64\server\plugins\org.eclipse.equinox.launcher_1.7.0.v20250424-1814.jar
Launcher Type: SUN_STANDARD

[Global flags]
    uintx AdaptiveSizePolicyWeight                 = 90                                        {product} {command line}
     intx CICompilerCount                          = 4                                         {product} {ergonomic}
    uintx GCTimeRatio                              = 4                                         {product} {command line}
     bool HeapDumpOnOutOfMemoryError               = true                                   {manageable} {command line}
    ccstr HeapDumpPath                             = c:\Users\User\AppData\Roaming\Cursor\User\workspaceStorage\fb4cb7763bfdb7dea2b9368661ef918c\redhat.java         {manageable} {command line}
   size_t InitialHeapSize                          = 104857600                                 {product} {command line}
   size_t MaxHeapSize                              = 1073741824                                {product} {command line}
   size_t MaxNewSize                               = 357564416                                 {product} {ergonomic}
   size_t MinHeapDeltaBytes                        = 524288                                    {product} {ergonomic}
   size_t MinHeapSize                              = 104857600                                 {product} {command line}
   size_t NewSize                                  = 34603008                                  {product} {ergonomic}
    uintx NonNMethodCodeHeapSize                   = 5839372                                {pd product} {ergonomic}
    uintx NonProfiledCodeHeapSize                  = 122909434                              {pd product} {ergonomic}
   size_t OldSize                                  = 70254592                                  {product} {ergonomic}
    uintx ProfiledCodeHeapSize                     = 122909434                              {pd product} {ergonomic}
    uintx ReservedCodeCacheSize                    = 251658240                              {pd product} {ergonomic}
     bool SegmentedCodeCache                       = true                                      {product} {ergonomic}
   size_t SoftMaxHeapSize                          = 1073741824                             {manageable} {ergonomic}
     bool UseCompressedOops                        = true                           {product lp64_product} {ergonomic}
     bool UseLargePagesIndividualAllocation        = false                                  {pd product} {ergonomic}
     bool UseParallelGC                            = true                                      {product} {command line}

Logging:
Log output configuration:
 #0: stdout all=off uptime,level,tags foldmultilines=false
 #1: stderr all=off uptime,level,tags foldmultilines=false

Environment Variables:
PATH=C:\Program Files\Common Files\Oracle\Java\javapath;C:\Windows\system32;C:\Windows;C:\Windows\System32\Wbem;C:\Windows\System32\WindowsPowerShell\v1.0\;C:\Windows\System32\OpenSSH\;C:\Program Files\dotnet\;C:\Program Files\Git\cmd;C:\Program Files (x86)\Microsoft SQL Server\160\Tools\Binn\;C:\Program Files\Microsoft SQL Server\160\Tools\Binn\;C:\Program Files\Microsoft SQL Server\Client SDK\ODBC\170\Tools\Binn\;C:\Program Files\Microsoft SQL Server\160\DTS\Binn\;C:\Program Files (x86)\Microsoft SQL Server\160\DTS\Binn\;C:\Program Files (x86)\dotnet\;D:\apache-maven-3.9.9\bin;D:\;C:\Program Files\Docker\Docker\resources\bin;C:\Users\User\AppData\Local\Programs\Python\Python310\Scripts\;C:\Users\User\AppData\Local\Programs\Python\Python310\;C:\Users\User\AppData\Local\Microsoft\WindowsApps;C:\Users\User\AppData\Local\Programs\Microsoft VS Code\bin;D:\apache-maven-3.9.9\bin;D:\cursor\resources\app\bin;C:\Users\User\AppData\Roaming\npm
USERNAME=User
OS=Windows_NT
PROCESSOR_IDENTIFIER=Intel64 Family 6 Model 186 Stepping 3, GenuineIntel
TMP=C:\Users\User\AppData\Local\Temp
TEMP=C:\Users\User\AppData\Local\Temp




Periodic native trim disabled

---------------  S Y S T E M  ---------------

OS:
 Windows 10 , 64 bit Build 19041 (10.0.19041.5915)
OS uptime: 0 days 23:20 hours
Hyper-V role detected

CPU: total 12 (initial active 12) (6 cores per cpu, 2 threads per core) family 6 model 186 stepping 3 microcode 0x4123, cx8, cmov, fxsr, ht, mmx, 3dnowpref, sse, sse2, sse3, ssse3, sse4.1, sse4.2, popcnt, lzcnt, tsc, tscinvbit, avx, avx2, aes, erms, clmul, bmi1, bmi2, adx, sha, fma, vzeroupper, clflush, clflushopt, clwb, hv, rdtscp, rdpid, fsrm, f16c, cet_ibt, cet_ss
Processor Information for the first 12 processors :
  Max Mhz: 1700, Current Mhz: 1700, Mhz Limit: 1700

Memory: 4k page, system-wide physical 32452M (9775M free)
TotalPageFile size 63275M (AvailPageFile size 4M)
current process WorkingSet (physical memory assigned to process): 89M, peak: 89M
current process commit charge ("private bytes"): 214M, peak: 214M

vm_info: OpenJDK 64-Bit Server VM (21.0.7+6-LTS) for windows-amd64 JRE (21.0.7+6-LTS), built on 2025-04-15T00:00:00Z by "admin" with MS VC++ 17.7 (VS2022)

END.
