#
# There is insufficient memory for the Java Runtime Environment to continue.
# Native memory allocation (mmap) failed to map 532676608 bytes. Error detail: G1 virtual space
# Possible reasons:
#   The system is out of physical RAM or swap space
#   This process is running with CompressedOops enabled, and the Java Heap may be blocking the growth of the native heap
# Possible solutions:
#   Reduce memory load on the system
#   Increase physical memory or swap space
#   Check if swap backing store is full
#   Decrease Java heap size (-Xmx/-Xms)
#   Decrease number of Java threads
#   Decrease Java thread stack sizes (-Xss)
#   Set larger code cache with -XX:ReservedCodeCacheSize=
#   JVM is running with Zero Based Compressed Oops mode in which the Java heap is
#     placed in the first 32GB address space. The Java Heap base address is the
#     maximum limit for the native heap growth. Please use -XX:HeapBaseMinAddress
#     to set the Java Heap base and to place the Java Heap above 32GB virtual address.
# This output file may be truncated or incomplete.
#
#  Out of Memory Error (os_windows.cpp:3618), pid=18336, tid=13512
#
# JRE version:  (17.0.15+6) (build )
# Java VM: OpenJDK 64-Bit Server VM (17.0.15+6, mixed mode, sharing, tiered, compressed oops, compressed class ptrs, g1 gc, windows-amd64)
# No core dump will be written. Minidumps are not enabled by default on client versions of Windows
#

---------------  S U M M A R Y ------------

Command Line: -XX:+ShowCodeDetailsInExceptionMessages -Dspring.jmx.enabled=true -Dmanagement.endpoints.jmx.exposure.include=* -Dspring.application.admin.enabled=true -Dspring.boot.project.name=LibrarySystem -Djava.rmi.server.hostname=localhost -Dcom.sun.management.jmxremote.port=45556 -Dcom.sun.management.jmxremote.authenticate=false -Dcom.sun.management.jmxremote.ssl=false tw.ispan.librarysystem.LibrarySystemApplication

Host: 13th Gen Intel(R) Core(TM) i7-1355U, 12 cores, 31G,  Windows 10 , 64 bit Build 19041 (10.0.19041.5915)
Time: Fri Jun 13 15:25:17 2025  Windows 10 , 64 bit Build 19041 (10.0.19041.5915) elapsed time: 0.020718 seconds (0d 0h 0m 0s)

---------------  T H R E A D  ---------------

Current thread (0x00000174f1e54f30):  JavaThread "Unknown thread" [_thread_in_vm, id=13512, stack(0x0000000f69500000,0x0000000f69600000)]

Stack: [0x0000000f69500000,0x0000000f69600000]
Native frames: (J=compiled Java code, j=interpreted, Vv=VM code, C=native code)
V  [jvm.dll+0x682fc9]
V  [jvm.dll+0x839878]
V  [jvm.dll+0x83b323]
V  [jvm.dll+0x83b993]
V  [jvm.dll+0x24725f]
V  [jvm.dll+0x67fda9]
V  [jvm.dll+0x674c9a]
V  [jvm.dll+0x304d06]
V  [jvm.dll+0x30c1c6]
V  [jvm.dll+0x35dd4e]
V  [jvm.dll+0x35df8d]
V  [jvm.dll+0x2dc0cc]
V  [jvm.dll+0x2dcfe4]
V  [jvm.dll+0x80b7cb]
V  [jvm.dll+0x36b781]
V  [jvm.dll+0x7ea31f]
V  [jvm.dll+0x3f237e]
V  [jvm.dll+0x3f3eb1]
C  [jli.dll+0x5278]
C  [ucrtbase.dll+0x21bb2]
C  [KERNEL32.DLL+0x17374]
C  [ntdll.dll+0x4cc91]


---------------  P R O C E S S  ---------------

Threads class SMR info:
_java_thread_list=0x00007ffcd19c7f58, length=0, elements={
}

Java Threads: ( => current thread )

Other Threads:
  0x00000174fcecff90 GCTaskThread "GC Thread#0" [stack: 0x0000000f69600000,0x0000000f69700000] [id=5652]
  0x00000174fced0b60 ConcurrentGCThread "G1 Main Marker" [stack: 0x0000000f69700000,0x0000000f69800000] [id=22656]
  0x00000174f1eda2e0 ConcurrentGCThread "G1 Conc#0" [stack: 0x0000000f69800000,0x0000000f69900000] [id=18368]

[error occurred during error reporting (printing all threads), id 0xc0000005, EXCEPTION_ACCESS_VIOLATION (0xc0000005) at pc=0x00007ffcd117cbf7]

VM state: not at safepoint (not fully initialized)

VM Mutex/Monitor currently owned by a thread:  ([mutex/lock_event])
[0x00000174f1e50300] Heap_lock - owner thread: 0x00000174f1e54f30

Heap address: 0x0000000604c00000, size: 8116 MB, Compressed Oops mode: Zero based, Oop shift amount: 3

CDS archive(s) mapped at: [0x0000000000000000-0x0000000000000000-0x0000000000000000), size 0, SharedBaseAddress: 0x0000000800000000, ArchiveRelocationMode: 1.
Narrow klass base: 0x0000000000000000, Narrow klass shift: 0, Narrow klass range: 0x0

GC Precious Log:
<Empty>

Heap:
 garbage-first heap   total 0K, used 0K [0x0000000604c00000, 0x0000000800000000)
  region size 4096K, 0 young (0K), 0 survivors (0K)

[error occurred during error reporting (printing heap information), id 0xc0000005, EXCEPTION_ACCESS_VIOLATION (0xc0000005) at pc=0x00007ffcd156c689]

GC Heap History (0 events):
No events

Dll operation events (1 events):
Event: 0.011 Loaded shared library C:\Users\User\AppData\Roaming\Cursor\User\globalStorage\pleiades.java-extension-pack-jdk\java\17\bin\java.dll

Deoptimization events (0 events):
No events

Classes loaded (0 events):
No events

Classes unloaded (0 events):
No events

Classes redefined (0 events):
No events

Internal exceptions (0 events):
No events

VM Operations (0 events):
No events

Memory protections (0 events):
No events

Nmethod flushes (0 events):
No events

Events (0 events):
No events


Dynamic libraries:
0x00007ff69c800000 - 0x00007ff69c80e000 	C:\Users\User\AppData\Roaming\Cursor\User\globalStorage\pleiades.java-extension-pack-jdk\java\17\bin\java.exe
0x00007ffd1d950000 - 0x00007ffd1db48000 	C:\Windows\SYSTEM32\ntdll.dll
0x00007ffd1bb20000 - 0x00007ffd1bbe2000 	C:\Windows\System32\KERNEL32.DLL
0x00007ffd1b2f0000 - 0x00007ffd1b5e6000 	C:\Windows\System32\KERNELBASE.dll
0x00007ffd1b840000 - 0x00007ffd1b940000 	C:\Windows\System32\ucrtbase.dll
0x00007ffd11640000 - 0x00007ffd11657000 	C:\Users\User\AppData\Roaming\Cursor\User\globalStorage\pleiades.java-extension-pack-jdk\java\17\bin\jli.dll
0x00007ffd114b0000 - 0x00007ffd114ce000 	C:\Users\User\AppData\Roaming\Cursor\User\globalStorage\pleiades.java-extension-pack-jdk\java\17\bin\VCRUNTIME140.dll
0x00007ffd1be20000 - 0x00007ffd1bfbd000 	C:\Windows\System32\USER32.dll
0x00007ffd01690000 - 0x00007ffd0192a000 	C:\Windows\WinSxS\amd64_microsoft.windows.common-controls_6595b64144ccf1df_6.0.19041.5915_none_60b4b9d171f9c7c7\COMCTL32.dll
0x00007ffd1b100000 - 0x00007ffd1b122000 	C:\Windows\System32\win32u.dll
0x00007ffd1c5e0000 - 0x00007ffd1c60b000 	C:\Windows\System32\GDI32.dll
0x00007ffd1ba80000 - 0x00007ffd1bb1e000 	C:\Windows\System32\msvcrt.dll
0x00007ffd1afe0000 - 0x00007ffd1b0f9000 	C:\Windows\System32\gdi32full.dll
0x00007ffd1b640000 - 0x00007ffd1b6dd000 	C:\Windows\System32\msvcp_win.dll
0x00007ffd1cbb0000 - 0x00007ffd1cbdf000 	C:\Windows\System32\IMM32.DLL
0x00007ffd12b50000 - 0x00007ffd12b5c000 	C:\Users\User\AppData\Roaming\Cursor\User\globalStorage\pleiades.java-extension-pack-jdk\java\17\bin\vcruntime140_1.dll
0x00007ffd0ed30000 - 0x00007ffd0edbd000 	C:\Users\User\AppData\Roaming\Cursor\User\globalStorage\pleiades.java-extension-pack-jdk\java\17\bin\msvcp140.dll
0x00007ffcd0e90000 - 0x00007ffcd1afb000 	C:\Users\User\AppData\Roaming\Cursor\User\globalStorage\pleiades.java-extension-pack-jdk\java\17\bin\server\jvm.dll
0x00007ffd1bbf0000 - 0x00007ffd1bca1000 	C:\Windows\System32\ADVAPI32.dll
0x00007ffd1bd60000 - 0x00007ffd1bdff000 	C:\Windows\System32\sechost.dll
0x00007ffd1d4f0000 - 0x00007ffd1d613000 	C:\Windows\System32\RPCRT4.dll
0x00007ffd1b940000 - 0x00007ffd1b967000 	C:\Windows\System32\bcrypt.dll
0x00007ffd1d480000 - 0x00007ffd1d4eb000 	C:\Windows\System32\WS2_32.dll
0x00007ffd1ad90000 - 0x00007ffd1addb000 	C:\Windows\SYSTEM32\POWRPROF.dll
0x00007ffd039c0000 - 0x00007ffd039ca000 	C:\Windows\SYSTEM32\VERSION.dll
0x00007ffd16b60000 - 0x00007ffd16b87000 	C:\Windows\SYSTEM32\WINMM.dll
0x00007ffd1ad70000 - 0x00007ffd1ad82000 	C:\Windows\SYSTEM32\UMPDC.dll
0x00007ffd197c0000 - 0x00007ffd197d2000 	C:\Windows\SYSTEM32\kernel.appcore.dll
0x00007ffd12a60000 - 0x00007ffd12a6a000 	C:\Users\User\AppData\Roaming\Cursor\User\globalStorage\pleiades.java-extension-pack-jdk\java\17\bin\jimage.dll
0x00007ffd19430000 - 0x00007ffd19631000 	C:\Windows\SYSTEM32\DBGHELP.DLL
0x00007ffd149a0000 - 0x00007ffd149d4000 	C:\Windows\SYSTEM32\dbgcore.DLL
0x00007ffd1b1e0000 - 0x00007ffd1b262000 	C:\Windows\System32\bcryptPrimitives.dll
0x00007ffd11480000 - 0x00007ffd114a5000 	C:\Users\User\AppData\Roaming\Cursor\User\globalStorage\pleiades.java-extension-pack-jdk\java\17\bin\java.dll

dbghelp: loaded successfully - version: 4.0.5 - missing functions: none
symbol engine: initialized successfully - sym options: 0x614 - pdb path: .;C:\Users\User\AppData\Roaming\Cursor\User\globalStorage\pleiades.java-extension-pack-jdk\java\17\bin;C:\Windows\SYSTEM32;C:\Windows\WinSxS\amd64_microsoft.windows.common-controls_6595b64144ccf1df_6.0.19041.5915_none_60b4b9d171f9c7c7;C:\Users\User\AppData\Roaming\Cursor\User\globalStorage\pleiades.java-extension-pack-jdk\java\17\bin\server

VM Arguments:
jvm_args: -XX:+ShowCodeDetailsInExceptionMessages -Dspring.jmx.enabled=true -Dmanagement.endpoints.jmx.exposure.include=* -Dspring.application.admin.enabled=true -Dspring.boot.project.name=LibrarySystem -Djava.rmi.server.hostname=localhost -Dcom.sun.management.jmxremote.port=45556 -Dcom.sun.management.jmxremote.authenticate=false -Dcom.sun.management.jmxremote.ssl=false 
java_command: tw.ispan.librarysystem.LibrarySystemApplication
java_class_path (initial): D:\Library\spring-library-backend\target\test-classes;D:\Library\spring-library-backend\target\classes;C:\Users\User\.m2\repository\org\springframework\boot\spring-boot-starter-actuator\3.4.5\spring-boot-starter-actuator-3.4.5.jar;C:\Users\User\.m2\repository\org\springframework\boot\spring-boot-starter\3.4.5\spring-boot-starter-3.4.5.jar;C:\Users\User\.m2\repository\org\springframework\boot\spring-boot\3.4.5\spring-boot-3.4.5.jar;C:\Users\User\.m2\repository\org\springframework\boot\spring-boot-autoconfigure\3.4.5\spring-boot-autoconfigure-3.4.5.jar;C:\Users\User\.m2\repository\org\springframework\boot\spring-boot-starter-logging\3.4.5\spring-boot-starter-logging-3.4.5.jar;C:\Users\User\.m2\repository\ch\qos\logback\logback-classic\1.5.18\logback-classic-1.5.18.jar;C:\Users\User\.m2\repository\ch\qos\logback\logback-core\1.5.18\logback-core-1.5.18.jar;C:\Users\User\.m2\repository\org\apache\logging\log4j\log4j-to-slf4j\2.24.3\log4j-to-slf4j-2.24.3.jar;C:\Users\User\.m2\repository\org\apache\logging\log4j\log4j-api\2.24.3\log4j-api-2.24.3.jar;C:\Users\User\.m2\repository\org\slf4j\jul-to-slf4j\2.0.17\jul-to-slf4j-2.0.17.jar;C:\Users\User\.m2\repository\jakarta\annotation\jakarta.annotation-api\2.1.1\jakarta.annotation-api-2.1.1.jar;C:\Users\User\.m2\repository\org\yaml\snakeyaml\2.3\snakeyaml-2.3.jar;C:\Users\User\.m2\repository\org\springframework\boot\spring-boot-actuator-autoconfigure\3.4.5\spring-boot-actuator-autoconfigure-3.4.5.jar;C:\Users\User\.m2\repository\org\springframework\boot\spring-boot-actuator\3.4.5\spring-boot-actuator-3.4.5.jar;C:\Users\User\.m2\repository\com\fasterxml\jackson\core\jackson-databind\2.18.3\jackson-databind-2.18.3.jar;C:\Users\User\.m2\repository\com\fasterxml\jackson\core\jackson-annotations\2.18.3\jackson-annotations-2.18.3.jar;C:\Users\User\.m2\repository\com\fasterxml\jackson\core\jackson-core\2.18.3\jackson-core-2.18.3.jar;C:\Users\User\.m2\repository\com\fasterxml\jackson\datatype\jackson-datatyp
Launcher Type: SUN_STANDARD

[Global flags]
     intx CICompilerCount                          = 4                                         {product} {ergonomic}
     uint ConcGCThreads                            = 3                                         {product} {ergonomic}
     uint G1ConcRefinementThreads                  = 10                                        {product} {ergonomic}
   size_t G1HeapRegionSize                         = 4194304                                   {product} {ergonomic}
    uintx GCDrainStackTargetSize                   = 64                                        {product} {ergonomic}
   size_t InitialHeapSize                          = 532676608                                 {product} {ergonomic}
     bool ManagementServer                         = true                                      {product} {command line}
   size_t MarkStackSize                            = 4194304                                   {product} {ergonomic}
   size_t MaxHeapSize                              = 8510242816                                {product} {ergonomic}
   size_t MinHeapDeltaBytes                        = 4194304                                   {product} {ergonomic}
   size_t MinHeapSize                              = 8388608                                   {product} {ergonomic}
    uintx NonNMethodCodeHeapSize                   = 5839372                                {pd product} {ergonomic}
    uintx NonProfiledCodeHeapSize                  = 122909434                              {pd product} {ergonomic}
    uintx ProfiledCodeHeapSize                     = 122909434                              {pd product} {ergonomic}
    uintx ReservedCodeCacheSize                    = 251658240                              {pd product} {ergonomic}
     bool SegmentedCodeCache                       = true                                      {product} {ergonomic}
     bool ShowCodeDetailsInExceptionMessages       = true                                   {manageable} {command line}
   size_t SoftMaxHeapSize                          = 8510242816                             {manageable} {ergonomic}
     bool UseCompressedClassPointers               = true                           {product lp64_product} {ergonomic}
     bool UseCompressedOops                        = true                           {product lp64_product} {ergonomic}
     bool UseG1GC                                  = true                                      {product} {ergonomic}
     bool UseLargePagesIndividualAllocation        = false                                  {pd product} {ergonomic}

Logging:
Log output configuration:
 #0: stdout all=warning uptime,level,tags
 #1: stderr all=off uptime,level,tags

Environment Variables:
JAVA_HOME=C:\Program Files\Java\jdk-21
PATH=C:\Users\User\AppData\Roaming\Cursor\User\globalStorage\pleiades.java-extension-pack-jdk\gradle\latest\bin;C:\Users\User\AppData\Roaming\Cursor\User\globalStorage\pleiades.java-extension-pack-jdk\maven\latest\bin;C:\Program Files\Java\jdk-21\bin;C:\Program Files\Common Files\Oracle\Java\javapath;C:\Windows\system32;C:\Windows;C:\Windows\System32\Wbem;C:\Windows\System32\WindowsPowerShell\v1.0\;C:\Windows\System32\OpenSSH\;C:\Program Files\dotnet\;C:\Program Files\Git\cmd;C:\Program Files (x86)\Microsoft SQL Server\160\Tools\Binn\;C:\Program Files\Microsoft SQL Server\160\Tools\Binn\;C:\Program Files\Microsoft SQL Server\Client SDK\ODBC\170\Tools\Binn\;C:\Program Files\Microsoft SQL Server\160\DTS\Binn\;C:\Program Files (x86)\Microsoft SQL Server\160\DTS\Binn\;C:\Program Files (x86)\dotnet\;D:\apache-maven-3.9.9\bin;D:\;C:\Program Files\Docker\Docker\resources\bin;C:\Users\User\AppData\Local\Programs\Python\Python310\Scripts\;C:\Users\User\AppData\Local\Programs\Python\Python310\;C:\Users\User\AppData\Local\Microsoft\WindowsApps;C:\Users\User\AppData\Local\Programs\Microsoft VS Code\bin;D:\apache-maven-3.9.9\bin;D:\cursor\resources\app\bin;C:\Users\User\AppData\Roaming\npm
USERNAME=User
LANG=zh_TW.UTF-8
OS=Windows_NT
PROCESSOR_IDENTIFIER=Intel64 Family 6 Model 186 Stepping 3, GenuineIntel
TMP=C:\Users\User\AppData\Local\Temp
TEMP=C:\Users\User\AppData\Local\Temp



Periodic native trim disabled


---------------  S Y S T E M  ---------------

OS:
 Windows 10 , 64 bit Build 19041 (10.0.19041.5915)
OS uptime: 0 days 23:15 hours
Hyper-V role detected

CPU: total 12 (initial active 12) (6 cores per cpu, 2 threads per core) family 6 model 186 stepping 3 microcode 0x4123, cx8, cmov, fxsr, ht, mmx, 3dnowpref, sse, sse2, sse3, ssse3, sse4.1, sse4.2, popcnt, lzcnt, tsc, tscinvbit, avx, avx2, aes, erms, clmul, bmi1, bmi2, adx, sha, fma, vzeroupper, clflush, clflushopt, clwb, hv
Processor Information for all 12 processors :
  Max Mhz: 1700, Current Mhz: 1700, Mhz Limit: 1700

Memory: 4k page, system-wide physical 32452M (9119M free)
TotalPageFile size 63275M (AvailPageFile size 479M)
current process WorkingSet (physical memory assigned to process): 11M, peak: 11M
current process commit charge ("private bytes"): 65M, peak: 572M

vm_info: OpenJDK 64-Bit Server VM (17.0.15+6) for windows-amd64 JRE (17.0.15+6), built on Apr 15 2025 21:25:47 by "admin" with MS VC++ 17.7 (VS2022)

END.
